<?xml version="1.0" encoding="UTF-8"?>
<testsuite xmlns:xsi="http://www.w3.org/2001/XMLSchema-instance" xsi:noNamespaceSchemaLocation="https://maven.apache.org/surefire/maven-surefire-plugin/xsd/surefire-test-report.xsd" version="3.0.2" name="com.storename.erp.order.integration.branch.GoodsReturnTransactionTest" time="3.354" tests="1" errors="0" skipped="0" failures="0">
  <properties>
[...]
</properties>
  <testcase name="confirmReturn_WhenErrorOccurs_ShouldRollbackEverything" classname="com.storename.erp.order.integration.branch.GoodsReturnTransactionTest" time="0.171">
    <system-out><![CDATA[2026-08-23T23:37:29.512+07:00  INFO 12916 --- [erp-backend] [           main] t.c.s.AnnotationConfigContextLoaderUtils : Could not detect default configuration classes for test class [com.storename.erp.order.integration.branch.GoodsReturnTransactionTest]: GoodsReturnTransactionTest does not declare any static, non-private, non-final, nested classes annotated with @Configuration.
2026-08-23T23:37:29.516+07:00  INFO 12916 --- [erp-backend] [           main] .b.t.c.SpringBootTestContextBootstrapper : Found @SpringBootConfiguration com.storename.erp.ErpApplication for test class com.storename.erp.order.integration.branch.GoodsReturnTransactionTest

  .   ____          _            __ _ _
 /\\ / ___'_ __ _ _(_)_ __  __ _ \ \ \ \
( ( )\___ | '_ | '_| | '_ \/ _` | \ \ \ \
 \\/  ___)| |_)| | | | | || (_| |  ) ) ) )
  '  |____| .__|_| |_|_| |_\__, | / / / /
 =========|_|==============|___/=/_/_/_/

 :: Spring Boot ::                (v3.4.0)

2026-08-23T23:37:29.554+07:00  INFO 12916 --- [erp-backend] [           main] c.s.e.o.i.b.GoodsReturnTransactionTest   : Starting GoodsReturnTransactionTest using Java 21.0.12 with PID 12916 (started by Admin in D:\Docs\CodeProject\DOAN\code\erp-backend)
2026-08-23T23:37:29.554+07:00 DEBUG 12916 --- [erp-backend] [           main] c.s.e.o.i.b.GoodsReturnTransactionTest   : Running with Spring Boot v3.4.0, Spring v6.2.0
2026-08-23T23:37:29.554+07:00  INFO 12916 --- [erp-backend] [           main] c.s.e.o.i.b.GoodsReturnTransactionTest   : The following 2 profiles are active: "branch", "test"
2026-08-23T23:37:29.814+07:00  INFO 12916 --- [erp-backend] [           main] .s.d.r.c.RepositoryConfigurationDelegate : Multiple Spring Data modules found, entering strict repository configuration mode
2026-08-23T23:37:29.816+07:00  INFO 12916 --- [erp-backend] [           main] .s.d.r.c.RepositoryConfigurationDelegate : Bootstrapping Spring Data JPA repositories in DEFAULT mode.
2026-08-23T23:37:29.876+07:00  INFO 12916 --- [erp-backend] [           main] .s.d.r.c.RepositoryConfigurationDelegate : Finished Spring Data repository scanning in 58 ms. Found 22 JPA repository interfaces.
2026-08-23T23:37:30.031+07:00  INFO 12916 --- [erp-backend] [           main] o.hibernate.jpa.internal.util.LogHelper  : HHH000204: Processing PersistenceUnitInfo [name: default]
2026-08-23T23:37:30.034+07:00  INFO 12916 --- [erp-backend] [           main] o.h.c.internal.RegionFactoryInitiator    : HHH000026: Second-level cache disabled
2026-08-23T23:37:30.045+07:00  INFO 12916 --- [erp-backend] [           main] o.s.o.j.p.SpringPersistenceUnitInfo      : No LoadTimeWeaver setup: ignoring JPA class transformer
2026-08-23T23:37:30.046+07:00  INFO 12916 --- [erp-backend] [           main] com.zaxxer.hikari.HikariDataSource       : HikariPool-2 - Starting...
2026-08-23T23:37:30.049+07:00  INFO 12916 --- [erp-backend] [           main] com.zaxxer.hikari.pool.HikariPool        : HikariPool-2 - Added connection conn10: url=jdbc:h2:mem:branch_ord_test_db_5 user=SA
2026-08-23T23:37:30.049+07:00  INFO 12916 --- [erp-backend] [           main] com.zaxxer.hikari.HikariDataSource       : HikariPool-2 - Start completed.
2026-08-23T23:37:30.049+07:00  WARN 12916 --- [erp-backend] [           main] org.hibernate.orm.deprecation            : HHH90000025: H2Dialect does not need to be specified explicitly using 'hibernate.dialect' (remove the property setting and it will be selected by default)
2026-08-23T23:37:30.050+07:00  INFO 12916 --- [erp-backend] [           main] org.hibernate.orm.connections.pooling    : HHH10001005: Database info:
	Database JDBC URL [Connecting through datasource 'HikariDataSource (HikariPool-2)']
	Database driver: undefined/unknown
	Database version: 2.3.232
	Autocommit mode: undefined/unknown
	Isolation level: undefined/unknown
	Minimum pool size: undefined/unknown
	Maximum pool size: undefined/unknown
2026-08-23T23:37:30.510+07:00  INFO 12916 --- [erp-backend] [           main] o.h.e.t.j.p.i.JtaPlatformInitiator       : HHH000489: No JTA platform available (set 'hibernate.transaction.jta.platform' to enable JTA platform integration)
Hibernate: create table attribute_definition (id smallint generated by default as identity, code varchar(100) not null, data_type varchar(50) not null, name varchar(200) not null, primary key (id))
Hibernate: create table branch (id bigint generated by default as identity, address varchar(500), code varchar(20) not null, created_at timestamp(6) with time zone not null, is_active boolean not null, name varchar(200) not null, opening_hours varchar(100), phone varchar(20), updated_at timestamp(6) with time zone not null, primary key (id))
Hibernate: create table category (id bigint generated by default as identity, code varchar(50) not null, created_at timestamp(6) with time zone not null, is_active boolean not null, name varchar(200) not null, updated_at timestamp(6) with time zone not null, parent_id bigint, primary key (id))
Hibernate: create table category_attribute (attribute_id smallint not null, category_id bigint not null, primary key (attribute_id, category_id))
Hibernate: create table customer (id uuid not null, created_at timestamp(6), created_by uuid, is_deleted boolean not null, updated_at timestamp(6), updated_by uuid, version integer not null, address TEXT, customer_code varchar(50) not null, customer_type enum ('CONSTRUCTION','RETAIL','WHOLESALE'), email varchar(200), name varchar(255) not null, phone varchar(20), tax_code varchar(20), primary key (id))
Hibernate: create table customer_order (id uuid not null, created_at timestamp(6), created_by uuid, is_deleted boolean not null, updated_at timestamp(6), updated_by uuid, version integer not null, branch_id uuid not null, note varchar(255), order_code varchar(255) not null, status enum ('CANCELLED','CONFIRMED','DRAFT','INVOICED') not null, total_amount numeric(38,2) not null, customer_id uuid not null, primary key (id))
Hibernate: create table customer_order_line (id uuid not null, created_at timestamp(6), created_by uuid, is_deleted boolean not null, updated_at timestamp(6), updated_by uuid, version integer not null, product_id uuid not null, quantity numeric(38,2) not null, unit_of_measure varchar(255) not null, unit_price numeric(38,2) not null, order_id uuid not null, primary key (id))
Hibernate: create table customer_product_price (id uuid not null, created_at timestamp(6), created_by uuid, is_deleted boolean not null, updated_at timestamp(6), updated_by uuid, version integer not null, branch_id uuid not null, customer_id uuid not null, effective_from timestamp(6) not null, effective_to timestamp(6), product_id uuid not null, unit_price numeric(19,4) not null, primary key (id))
Hibernate: create table goods_return (id uuid not null, created_at timestamp(6), created_by uuid, is_deleted boolean not null, updated_at timestamp(6), updated_by uuid, version integer not null, branch_id uuid not null, confirmed_at timestamp(6), confirmed_by uuid, invoice_id uuid, note varchar(255), reason varchar(255), return_code varchar(255) not null, status enum ('CONFIRMED','DRAFT') not null, total_amount numeric(38,2) not null, customer_id uuid not null, primary key (id))
Hibernate: create table goods_return_line (id uuid not null, created_at timestamp(6), created_by uuid, is_deleted boolean not null, updated_at timestamp(6), updated_by uuid, version integer not null, product_id uuid not null, quantity numeric(38,2) not null, unit_of_measure varchar(255) not null, unit_price numeric(38,2) not null, return_id uuid not null, primary key (id))
Hibernate: create table idempotency_record (id uuid not null, created_at timestamp(6) not null, idempotency_key varchar(255) not null, request_hash varchar(64), response_snapshot TEXT, primary key (id))
Hibernate: create table inbound_receipt (id uuid not null, created_at timestamp(6), created_by uuid, is_deleted boolean not null, updated_at timestamp(6), updated_by uuid, version integer not null, branch_id uuid not null, confirmed_at timestamp(6), confirmed_by uuid, note varchar(255), purchase_order_id uuid, receipt_code varchar(255) not null, status enum ('CONFIRMED','DRAFT') not null, primary key (id))
Hibernate: create table inbound_receipt_line (id uuid not null, created_at timestamp(6), created_by uuid, is_deleted boolean not null, updated_at timestamp(6), updated_by uuid, version integer not null, product_id uuid not null, quantity numeric(19,4) not null, unit_cost numeric(19,4) not null, unit_of_measure varchar(50) not null, receipt_id uuid not null, primary key (id))
Hibernate: create table outbound_receipt (id uuid not null, created_at timestamp(6), created_by uuid, is_deleted boolean not null, updated_at timestamp(6), updated_by uuid, version integer not null, branch_id uuid not null, confirmed_at timestamp(6), confirmed_by uuid, note varchar(255), reason varchar(255), receipt_code varchar(255) not null, status enum ('CONFIRMED','DRAFT') not null, primary key (id))
Hibernate: create table outbound_receipt_line (id uuid not null, created_at timestamp(6), created_by uuid, is_deleted boolean not null, updated_at timestamp(6), updated_by uuid, version integer not null, product_id uuid not null, quantity numeric(19,4) not null, unit_of_measure varchar(50) not null, receipt_id uuid not null, primary key (id))
Hibernate: create table payable_debt (id uuid not null, created_at timestamp(6), created_by uuid, is_deleted boolean not null, updated_at timestamp(6), updated_by uuid, version integer not null, branch_id uuid not null, total_debt numeric(19,4) not null, supplier_id uuid not null, primary key (id))
Hibernate: create table permission (id smallint generated by default as identity, code varchar(100) not null, description varchar(255), primary key (id))
Hibernate: create table price_list (id bigint generated by default as identity, created_at timestamp(6) with time zone not null, effective_date timestamp(6) with time zone not null, price numeric(19,4) not null, branch_id bigint not null, product_id bigint not null, primary key (id))
Hibernate: create table product (id bigint generated by default as identity, attributes_cache json, base_unit varchar(50) not null, code varchar(50) not null, created_at timestamp(6) with time zone not null, is_active boolean not null, name varchar(200) not null, updated_at timestamp(6) with time zone not null, category_id bigint not null, primary key (id))
Hibernate: create table product_attribute_value (value_boolean boolean, value_number numeric(19,4), value_text varchar(500), attribute_id smallint not null, product_id bigint not null, primary key (attribute_id, product_id))
Hibernate: create table receivable_debt (id uuid not null, created_at timestamp(6), created_by uuid, is_deleted boolean not null, updated_at timestamp(6), updated_by uuid, version integer not null, branch_id uuid not null, total_debt numeric(19,4) not null, customer_id uuid not null, primary key (id))
Hibernate: create table role (id smallint generated by default as identity, code varchar(50) not null, name varchar(200) not null, primary key (id))
Hibernate: create table role_permission (permission_id smallint not null, role_id smallint not null, primary key (permission_id, role_id))
Hibernate: create table sales_invoice (id uuid not null, created_at timestamp(6), created_by uuid, is_deleted boolean not null, updated_at timestamp(6), updated_by uuid, version integer not null, branch_id uuid not null, confirmed_at timestamp(6), confirmed_by uuid, customer_id uuid not null, invoice_code varchar(100) not null, note TEXT, payment_method enum ('CASH','CREDIT','MIXED'), previous_debt numeric(19,4) not null, remaining_debt numeric(19,4) not null, status enum ('CANCELLED','CONFIRMED','DRAFT') not null, total_amount numeric(19,4) not null, primary key (id))
Hibernate: create table sales_invoice_line (id uuid not null, created_at timestamp(6), created_by uuid, is_deleted boolean not null, updated_at timestamp(6), updated_by uuid, version integer not null, line_total numeric(19,4) not null, product_id uuid not null, product_name varchar(255), quantity numeric(19,4) not null, unit_cost numeric(19,4), unit_of_measure varchar(50) not null, unit_price numeric(19,4) not null, invoice_id uuid not null, primary key (id))
Hibernate: create table stock_on_hand (id uuid not null, created_at timestamp(6), created_by uuid, is_deleted boolean not null, updated_at timestamp(6), updated_by uuid, version integer not null, avg_cost numeric(19,4), branch_id uuid not null, product_id uuid not null, quantity numeric(19,4) not null, primary key (id))
Hibernate: create table stock_transfer (id uuid not null, created_at timestamp(6), created_by uuid, is_deleted boolean not null, updated_at timestamp(6), updated_by uuid, version integer not null, from_branch_id uuid not null, inbound_receipt_id uuid, note TEXT, outbound_receipt_id uuid, status enum ('CANCELLED','IN_TRANSIT','RECEIVED','REQUESTED') not null, to_branch_id uuid not null, transfer_code varchar(100) not null, primary key (id))
Hibernate: create table stock_transfer_line (id uuid not null, created_at timestamp(6), created_by uuid, is_deleted boolean not null, updated_at timestamp(6), updated_by uuid, version integer not null, product_id uuid not null, quantity numeric(19,4) not null, unit_of_measure varchar(50) not null, transfer_id uuid not null, primary key (id))
Hibernate: create table supplier (id uuid not null, created_at timestamp(6), created_by uuid, is_deleted boolean not null, updated_at timestamp(6), updated_by uuid, version integer not null, address TEXT, email varchar(200), name varchar(255) not null, phone varchar(20), supplier_code varchar(50) not null, tax_code varchar(20), primary key (id))
Hibernate: create table supplier_purchase_order (id uuid not null, created_at timestamp(6), created_by uuid, is_deleted boolean not null, updated_at timestamp(6), updated_by uuid, version integer not null, branch_id uuid not null, note TEXT, po_code varchar(100) not null, status enum ('CANCELLED','CONFIRMED','DRAFT','RECEIVED') not null, total_amount numeric(19,4) not null, supplier_id uuid not null, primary key (id))
Hibernate: create table supplier_purchase_order_line (id uuid not null, created_at timestamp(6), created_by uuid, is_deleted boolean not null, updated_at timestamp(6), updated_by uuid, version integer not null, product_id uuid not null, quantity numeric(19,4) not null, unit_cost numeric(19,4) not null, unit_of_measure varchar(50) not null, po_id uuid not null, primary key (id))
Hibernate: create table user_account (id bigint generated by default as identity, created_at timestamp(6) with time zone not null, email varchar(200), full_name varchar(200) not null, is_active boolean not null, password_hash varchar(255) not null, phone varchar(20), updated_at timestamp(6) with time zone not null, username varchar(100) not null, primary key (id))
Hibernate: create table user_branch_role (id bigint generated by default as identity, branch_id bigint, role_id smallint not null, user_id bigint not null, primary key (id))
Hibernate: alter table if exists attribute_definition drop constraint if exists UK4yw6t1hv6tpw04xrtnxq6vdx3
Hibernate: alter table if exists attribute_definition add constraint UK4yw6t1hv6tpw04xrtnxq6vdx3 unique (code)
Hibernate: alter table if exists branch drop constraint if exists UKf0gwphsg8g5i4rfbyeo6vvf11
Hibernate: alter table if exists branch add constraint UKf0gwphsg8g5i4rfbyeo6vvf11 unique (code)
Hibernate: alter table if exists category drop constraint if exists UKacatplu22q5d1andql2jbvjy7
Hibernate: alter table if exists category add constraint UKacatplu22q5d1andql2jbvjy7 unique (code)
Hibernate: alter table if exists customer drop constraint if exists UK114lxb57nwilrwigcoi6nm3ln
Hibernate: alter table if exists customer add constraint UK114lxb57nwilrwigcoi6nm3ln unique (customer_code)
Hibernate: alter table if exists customer_order drop constraint if exists UKk08pplguqd3mg4grpitv7b5ol
Hibernate: alter table if exists customer_order add constraint UKk08pplguqd3mg4grpitv7b5ol unique (order_code)
Hibernate: alter table if exists customer_product_price drop constraint if exists uk_cust_prod_branch
Hibernate: alter table if exists customer_product_price add constraint uk_cust_prod_branch unique (customer_id, product_id, branch_id)
Hibernate: alter table if exists goods_return drop constraint if exists UKku1g293vlxoex1u3te0o3e11u
Hibernate: alter table if exists goods_return add constraint UKku1g293vlxoex1u3te0o3e11u unique (return_code)
Hibernate: alter table if exists idempotency_record drop constraint if exists UKixtia2gi4nwc73k5jwss4vflk
Hibernate: alter table if exists idempotency_record add constraint UKixtia2gi4nwc73k5jwss4vflk unique (idempotency_key)
Hibernate: alter table if exists inbound_receipt drop constraint if exists UKge1g41aawvvxaho63c60ksaf1
Hibernate: alter table if exists inbound_receipt add constraint UKge1g41aawvvxaho63c60ksaf1 unique (receipt_code)
Hibernate: alter table if exists outbound_receipt drop constraint if exists UKovihc0pd6y0344fc3g0i2ba7g
Hibernate: alter table if exists outbound_receipt add constraint UKovihc0pd6y0344fc3g0i2ba7g unique (receipt_code)
Hibernate: alter table if exists payable_debt drop constraint if exists uk_debt_supplier_branch
Hibernate: alter table if exists payable_debt add constraint uk_debt_supplier_branch unique (supplier_id, branch_id)
Hibernate: alter table if exists permission drop constraint if exists UKa7ujv987la0i7a0o91ueevchc
Hibernate: alter table if exists permission add constraint UKa7ujv987la0i7a0o91ueevchc unique (code)
Hibernate: alter table if exists product drop constraint if exists UKh3w5r1mx6d0e5c6um32dgyjej
Hibernate: alter table if exists product add constraint UKh3w5r1mx6d0e5c6um32dgyjej unique (code)
Hibernate: alter table if exists receivable_debt drop constraint if exists uk_debt_customer_branch
Hibernate: alter table if exists receivable_debt add constraint uk_debt_customer_branch unique (customer_id, branch_id)
Hibernate: alter table if exists role drop constraint if exists UKc36say97xydpmgigg38qv5l2p
Hibernate: alter table if exists role add constraint UKc36say97xydpmgigg38qv5l2p unique (code)
Hibernate: alter table if exists sales_invoice drop constraint if exists UKn9mbnvic56m8uibmbrvtej5a3
Hibernate: alter table if exists sales_invoice add constraint UKn9mbnvic56m8uibmbrvtej5a3 unique (invoice_code)
Hibernate: alter table if exists stock_on_hand drop constraint if exists uk_stock_product_branch
Hibernate: alter table if exists stock_on_hand add constraint uk_stock_product_branch unique (product_id, branch_id)
Hibernate: alter table if exists stock_transfer drop constraint if exists UKlofx99dgpc7o5mi4h5k1y6oar
Hibernate: alter table if exists stock_transfer add constraint UKlofx99dgpc7o5mi4h5k1y6oar unique (transfer_code)
Hibernate: alter table if exists supplier drop constraint if exists UKdmfv36elpj0kp8jyx90bgopll
Hibernate: alter table if exists supplier add constraint UKdmfv36elpj0kp8jyx90bgopll unique (supplier_code)
Hibernate: alter table if exists supplier_purchase_order drop constraint if exists UKkpmvcavkp5ml6180dqfkw3sla
Hibernate: alter table if exists supplier_purchase_order add constraint UKkpmvcavkp5ml6180dqfkw3sla unique (po_code)
Hibernate: alter table if exists user_account drop constraint if exists UKcastjbvpeeus0r8lbpehiu0e4
Hibernate: alter table if exists user_account add constraint UKcastjbvpeeus0r8lbpehiu0e4 unique (username)
Hibernate: alter table if exists category add constraint FK2y94svpmqttx80mshyny85wqr foreign key (parent_id) references category
Hibernate: alter table if exists category_attribute add constraint FKtbcj7lodjvp041lf10duifga foreign key (attribute_id) references attribute_definition
Hibernate: alter table if exists category_attribute add constraint FKe0pcstwj0x32r32yy4e8impwv foreign key (category_id) references category
Hibernate: alter table if exists customer_order add constraint FKf9abd30bhiqvugayxlpq8ryq9 foreign key (customer_id) references customer
Hibernate: alter table if exists customer_order_line add constraint FK7f1tuv33c0rw55jnr1fetfjfu foreign key (order_id) references customer_order
Hibernate: alter table if exists goods_return add constraint FKo522e7guq07j7jpg8lmbia9xn foreign key (customer_id) references customer
Hibernate: alter table if exists goods_return_line add constraint FK704fdcemmdabxuc1dcw7hu832 foreign key (return_id) references goods_return
Hibernate: alter table if exists inbound_receipt_line add constraint FKqy9cck42h6rk1tohjslwec6ym foreign key (receipt_id) references inbound_receipt
Hibernate: alter table if exists outbound_receipt_line add constraint FKekdsyerx2w909k7ton8jioitn foreign key (receipt_id) references outbound_receipt
Hibernate: alter table if exists payable_debt add constraint FK48x8bhob11y9hrj5a01u3a101 foreign key (supplier_id) references supplier
Hibernate: alter table if exists price_list add constraint FKb1666881oiu3wnri177m27k72 foreign key (branch_id) references branch
Hibernate: alter table if exists price_list add constraint FKhrlnio6qq1rnoreu6tiyoxdwu foreign key (product_id) references product
Hibernate: alter table if exists product add constraint FK1mtsbur82frn64de7balymq9s foreign key (category_id) references category
Hibernate: alter table if exists product_attribute_value add constraint FK58y32y5qv388v4xb7sm5jahou foreign key (attribute_id) references attribute_definition
Hibernate: alter table if exists product_attribute_value add constraint FKejch53yke5ufe6w72yjpnakoi foreign key (product_id) references product
Hibernate: alter table if exists receivable_debt add constraint FKhrwncvyiy5a8gxyddafthsjnk foreign key (customer_id) references customer
Hibernate: alter table if exists role_permission add constraint FKf8yllw1ecvwqy3ehyxawqa1qp foreign key (permission_id) references permission
Hibernate: alter table if exists role_permission add constraint FKa6jx8n8xkesmjmv6jqug6bg68 foreign key (role_id) references role
Hibernate: alter table if exists sales_invoice_line add constraint FK7nemvn7hjylxyq3l9f1pyf5gs foreign key (invoice_id) references sales_invoice
Hibernate: alter table if exists stock_transfer_line add constraint FKrej92xjwak9xakv0ito4ajp3t foreign key (transfer_id) references stock_transfer
Hibernate: alter table if exists supplier_purchase_order add constraint FK9bgslrfgiwgolgf9yay5k983i foreign key (supplier_id) references supplier
Hibernate: alter table if exists supplier_purchase_order_line add constraint FK8phwv2cotdhiqw9vb71nr7mto foreign key (po_id) references supplier_purchase_order
Hibernate: alter table if exists user_branch_role add constraint FKp4m1uf4rachb1w5sdo41joier foreign key (branch_id) references branch
Hibernate: alter table if exists user_branch_role add constraint FKdpjkd8bignt5vjb01tdfycujc foreign key (role_id) references role
Hibernate: alter table if exists user_branch_role add constraint FKdcqxlwymqiiai43rfa5tn3a20 foreign key (user_id) references user_account
2026-08-23T23:37:30.573+07:00  INFO 12916 --- [erp-backend] [           main] j.LocalContainerEntityManagerFactoryBean : Initialized JPA EntityManagerFactory for persistence unit 'default'
2026-08-23T23:37:31.896+07:00  WARN 12916 --- [erp-backend] [           main] JpaBaseConfiguration$JpaWebConfiguration : spring.jpa.open-in-view is enabled by default. Therefore, database queries may be performed during view rendering. Explicitly configure spring.jpa.open-in-view to disable this warning
2026-08-23T23:37:31.940+07:00  WARN 12916 --- [erp-backend] [           main] .s.s.UserDetailsServiceAutoConfiguration : 

Using generated security password: 3745e8d3-066f-45d6-8122-6f655f4badf1

This generated password is for development use only. Your security configuration must be updated before running your application in production.

2026-08-23T23:37:31.944+07:00  INFO 12916 --- [erp-backend] [           main] r$InitializeUserDetailsManagerConfigurer : Global AuthenticationManager configured with UserDetailsService bean with name inMemoryUserDetailsManager
2026-08-23T23:37:32.684+07:00  INFO 12916 --- [erp-backend] [           main] c.s.e.o.i.b.GoodsReturnTransactionTest   : Started GoodsReturnTransactionTest in 3.165 seconds (process running for 13.547)
Hibernate: insert into customer (address,created_at,created_by,customer_code,customer_type,email,is_deleted,name,phone,tax_code,updated_at,updated_by,version,id) values (?,?,?,?,?,?,?,?,?,?,?,?,?,?)
Hibernate: insert into stock_on_hand (avg_cost,branch_id,created_at,created_by,is_deleted,product_id,quantity,updated_at,updated_by,version,id) values (?,?,?,?,?,?,?,?,?,?,?)
Hibernate: select gr1_0.id from goods_return gr1_0 where gr1_0.return_code=? fetch first ? rows only
Hibernate: select c1_0.id,c1_0.address,c1_0.created_at,c1_0.created_by,c1_0.customer_code,c1_0.customer_type,c1_0.email,c1_0.is_deleted,c1_0.name,c1_0.phone,c1_0.tax_code,c1_0.updated_at,c1_0.updated_by,c1_0.version from customer c1_0 where c1_0.id=?
2026-08-23T23:37:32.756+07:00  INFO 12916 --- [erp-backend] [           main] c.s.e.o.application.GoodsReturnService   : Created DRAFT Goods Return 33b2d60c-839c-4a16-bbf0-30d72cff2ee4 for branch d9ba4868-5867-43c9-950a-f4f5092731b0
Hibernate: insert into goods_return (branch_id,confirmed_at,confirmed_by,created_at,created_by,customer_id,invoice_id,is_deleted,note,reason,return_code,status,total_amount,updated_at,updated_by,version,id) values (?,?,?,?,?,?,?,?,?,?,?,?,?,?,?,?,?)
Hibernate: insert into goods_return_line (created_at,created_by,return_id,is_deleted,product_id,quantity,unit_of_measure,unit_price,updated_at,updated_by,version,id) values (?,?,?,?,?,?,?,?,?,?,?,?)
Hibernate: select gr1_0.id,gr1_0.branch_id,gr1_0.confirmed_at,gr1_0.confirmed_by,gr1_0.created_at,gr1_0.created_by,gr1_0.customer_id,gr1_0.invoice_id,gr1_0.is_deleted,gr1_0.note,gr1_0.reason,gr1_0.return_code,gr1_0.status,gr1_0.total_amount,gr1_0.updated_at,gr1_0.updated_by,gr1_0.version from goods_return gr1_0 where gr1_0.id=?
Hibernate: select l1_0.return_id,l1_0.id,l1_0.created_at,l1_0.created_by,l1_0.is_deleted,l1_0.product_id,l1_0.quantity,l1_0.unit_of_measure,l1_0.unit_price,l1_0.updated_at,l1_0.updated_by,l1_0.version from goods_return_line l1_0 where l1_0.return_id=?
Hibernate: select ir1_0.id from inbound_receipt ir1_0 where ir1_0.receipt_code=? fetch first ? rows only
2026-08-23T23:37:32.840+07:00  INFO 12916 --- [erp-backend] [           main] c.s.e.i.a.InboundReceiptService          : Created DRAFT inbound receipt 50c7ba0e-7fc8-451c-9b4d-8e1163a9e0ce for branch d9ba4868-5867-43c9-950a-f4f5092731b0
Hibernate: select soh1_0.id,soh1_0.avg_cost,soh1_0.branch_id,soh1_0.created_at,soh1_0.created_by,soh1_0.is_deleted,soh1_0.product_id,soh1_0.quantity,soh1_0.updated_at,soh1_0.updated_by,soh1_0.version from stock_on_hand soh1_0 where soh1_0.product_id=? and soh1_0.branch_id=?
2026-08-23T23:37:32.845+07:00  INFO 12916 --- [erp-backend] [           main] c.s.e.i.a.InboundReceiptService          : Confirmed inbound receipt 50c7ba0e-7fc8-451c-9b4d-8e1163a9e0ce for branch d9ba4868-5867-43c9-950a-f4f5092731b0
Hibernate: select si1_0.id,si1_0.branch_id,si1_0.confirmed_at,si1_0.confirmed_by,si1_0.created_at,si1_0.created_by,si1_0.customer_id,si1_0.invoice_code,si1_0.is_deleted,si1_0.note,si1_0.payment_method,si1_0.previous_debt,si1_0.remaining_debt,si1_0.status,si1_0.total_amount,si1_0.updated_at,si1_0.updated_by,si1_0.version from sales_invoice si1_0 where si1_0.id=?
Hibernate: select soh1_0.id,soh1_0.avg_cost,soh1_0.branch_id,soh1_0.created_at,soh1_0.created_by,soh1_0.is_deleted,soh1_0.product_id,soh1_0.quantity,soh1_0.updated_at,soh1_0.updated_by,soh1_0.version from stock_on_hand soh1_0 where soh1_0.product_id=? and soh1_0.branch_id=?
Hibernate: select gr1_0.id,gr1_0.branch_id,gr1_0.confirmed_at,gr1_0.confirmed_by,gr1_0.created_at,gr1_0.created_by,gr1_0.customer_id,gr1_0.invoice_id,gr1_0.is_deleted,gr1_0.note,gr1_0.reason,gr1_0.return_code,gr1_0.status,gr1_0.total_amount,gr1_0.updated_at,gr1_0.updated_by,gr1_0.version from goods_return gr1_0 where gr1_0.id=?
]]></system-out>
  </testcase>
</testsuite>