<?xml version="1.0" encoding="UTF-8"?>
<testsuite xmlns:xsi="http://www.w3.org/2001/XMLSchema-instance" xsi:noNamespaceSchemaLocation="https://maven.apache.org/surefire/maven-surefire-plugin/xsd/surefire-test-report.xsd" version="3.0.2" name="com.storename.erp.identity.api.AuthIntegrationTest" time="1.975" tests="3" errors="0" skipped="0" failures="0">
  <properties>
[...]
</properties>
  <testcase name="testLoginSuccess" classname="com.storename.erp.identity.api.AuthIntegrationTest" time="0.233">
    <system-out><![CDATA[2026-08-23T22:39:17.584+07:00  INFO 25120 --- [erp-backend] [           main] t.c.s.AnnotationConfigContextLoaderUtils : Could not detect default configuration classes for test class [com.storename.erp.identity.api.AuthIntegrationTest]: AuthIntegrationTest does not declare any static, non-private, non-final, nested classes annotated with @Configuration.
2026-08-23T22:39:17.601+07:00  INFO 25120 --- [erp-backend] [           main] .b.t.c.SpringBootTestContextBootstrapper : Found @SpringBootConfiguration com.storename.erp.ErpApplication for test class com.storename.erp.identity.api.AuthIntegrationTest

  .   ____          _            __ _ _
 /\\ / ___'_ __ _ _(_)_ __  __ _ \ \ \ \
( ( )\___ | '_ | '_| | '_ \/ _` | \ \ \ \
 \\/  ___)| |_)| | | | | || (_| |  ) ) ) )
  '  |____| .__|_| |_|_| |_\__, | / / / /
 =========|_|==============|___/=/_/_/_/

 :: Spring Boot ::                (v3.4.0)

2026-08-23T22:39:17.619+07:00  INFO 25120 --- [erp-backend] [           main] c.s.e.identity.api.AuthIntegrationTest   : Starting AuthIntegrationTest using Java 21.0.12 with PID 25120 (started by Admin in D:\Docs\CodeProject\DOAN\code\erp-backend)
2026-08-23T22:39:17.619+07:00 DEBUG 25120 --- [erp-backend] [           main] c.s.e.identity.api.AuthIntegrationTest   : Running with Spring Boot v3.4.0, Spring v6.2.0
2026-08-23T22:39:17.619+07:00  INFO 25120 --- [erp-backend] [           main] c.s.e.identity.api.AuthIntegrationTest   : The following 1 profile is active: "hq"
2026-08-23T22:39:17.751+07:00  INFO 25120 --- [erp-backend] [           main] .s.d.r.c.RepositoryConfigurationDelegate : Multiple Spring Data modules found, entering strict repository configuration mode
2026-08-23T22:39:17.751+07:00  INFO 25120 --- [erp-backend] [           main] .s.d.r.c.RepositoryConfigurationDelegate : Bootstrapping Spring Data JPA repositories in DEFAULT mode.
2026-08-23T22:39:17.781+07:00  INFO 25120 --- [erp-backend] [           main] .s.d.r.c.RepositoryConfigurationDelegate : Finished Spring Data repository scanning in 29 ms. Found 22 JPA repository interfaces.
2026-08-23T22:39:17.784+07:00  INFO 25120 --- [erp-backend] [           main] .s.d.r.c.RepositoryConfigurationDelegate : Multiple Spring Data modules found, entering strict repository configuration mode
2026-08-23T22:39:17.784+07:00  INFO 25120 --- [erp-backend] [           main] .s.d.r.c.RepositoryConfigurationDelegate : Bootstrapping Spring Data Redis repositories in DEFAULT mode.
2026-08-23T22:39:17.796+07:00  INFO 25120 --- [erp-backend] [           main] .RepositoryConfigurationExtensionSupport : Spring Data Redis - Could not safely identify store assignment for repository candidate interface com.storename.erp.branch.infrastructure.BranchRepository; If you want this repository to be a Redis repository, consider annotating your entities with one of these annotations: org.springframework.data.redis.core.RedisHash (preferred), or consider extending one of the following types with your repository: org.springframework.data.keyvalue.repository.KeyValueRepository
2026-08-23T22:39:17.796+07:00  INFO 25120 --- [erp-backend] [           main] .RepositoryConfigurationExtensionSupport : Spring Data Redis - Could not safely identify store assignment for repository candidate interface com.storename.erp.catalog.infrastructure.AttributeDefinitionRepository; If you want this repository to be a Redis repository, consider annotating your entities with one of these annotations: org.springframework.data.redis.core.RedisHash (preferred), or consider extending one of the following types with your repository: org.springframework.data.keyvalue.repository.KeyValueRepository
2026-08-23T22:39:17.796+07:00  INFO 25120 --- [erp-backend] [           main] .RepositoryConfigurationExtensionSupport : Spring Data Redis - Could not safely identify store assignment for repository candidate interface com.storename.erp.catalog.infrastructure.CategoryRepository; If you want this repository to be a Redis repository, consider annotating your entities with one of these annotations: org.springframework.data.redis.core.RedisHash (preferred), or consider extending one of the following types with your repository: org.springframework.data.keyvalue.repository.KeyValueRepository
2026-08-23T22:39:17.796+07:00  INFO 25120 --- [erp-backend] [           main] .RepositoryConfigurationExtensionSupport : Spring Data Redis - Could not safely identify store assignment for repository candidate interface com.storename.erp.catalog.infrastructure.PriceListRepository; If you want this repository to be a Redis repository, consider annotating your entities with one of these annotations: org.springframework.data.redis.core.RedisHash (preferred), or consider extending one of the following types with your repository: org.springframework.data.keyvalue.repository.KeyValueRepository
2026-08-23T22:39:17.796+07:00  INFO 25120 --- [erp-backend] [           main] .RepositoryConfigurationExtensionSupport : Spring Data Redis - Could not safely identify store assignment for repository candidate interface com.storename.erp.catalog.infrastructure.ProductAttributeValueRepository; If you want this repository to be a Redis repository, consider annotating your entities with one of these annotations: org.springframework.data.redis.core.RedisHash (preferred), or consider extending one of the following types with your repository: org.springframework.data.keyvalue.repository.KeyValueRepository
2026-08-23T22:39:17.796+07:00  INFO 25120 --- [erp-backend] [           main] .RepositoryConfigurationExtensionSupport : Spring Data Redis - Could not safely identify store assignment for repository candidate interface com.storename.erp.catalog.infrastructure.ProductRepository; If you want this repository to be a Redis repository, consider annotating your entities with one of these annotations: org.springframework.data.redis.core.RedisHash (preferred), or consider extending one of the following types with your repository: org.springframework.data.keyvalue.repository.KeyValueRepository
2026-08-23T22:39:17.796+07:00  INFO 25120 --- [erp-backend] [           main] .RepositoryConfigurationExtensionSupport : Spring Data Redis - Could not safely identify store assignment for repository candidate interface com.storename.erp.common.infrastructure.IdempotencyRecordRepository; If you want this repository to be a Redis repository, consider annotating your entities with one of these annotations: org.springframework.data.redis.core.RedisHash (preferred), or consider extending one of the following types with your repository: org.springframework.data.keyvalue.repository.KeyValueRepository
2026-08-23T22:39:17.796+07:00  INFO 25120 --- [erp-backend] [           main] .RepositoryConfigurationExtensionSupport : Spring Data Redis - Could not safely identify store assignment for repository candidate interface com.storename.erp.crm.infrastructure.CustomerRepository; If you want this repository to be a Redis repository, consider annotating your entities with one of these annotations: org.springframework.data.redis.core.RedisHash (preferred), or consider extending one of the following types with your repository: org.springframework.data.keyvalue.repository.KeyValueRepository
2026-08-23T22:39:17.796+07:00  INFO 25120 --- [erp-backend] [           main] .RepositoryConfigurationExtensionSupport : Spring Data Redis - Could not safely identify store assignment for repository candidate interface com.storename.erp.crm.infrastructure.ReceivableDebtRepository; If you want this repository to be a Redis repository, consider annotating your entities with one of these annotations: org.springframework.data.redis.core.RedisHash (preferred), or consider extending one of the following types with your repository: org.springframework.data.keyvalue.repository.KeyValueRepository
2026-08-23T22:39:17.796+07:00  INFO 25120 --- [erp-backend] [           main] .RepositoryConfigurationExtensionSupport : Spring Data Redis - Could not safely identify store assignment for repository candidate interface com.storename.erp.identity.infrastructure.UserBranchRoleRepository; If you want this repository to be a Redis repository, consider annotating your entities with one of these annotations: org.springframework.data.redis.core.RedisHash (preferred), or consider extending one of the following types with your repository: org.springframework.data.keyvalue.repository.KeyValueRepository
2026-08-23T22:39:17.796+07:00  INFO 25120 --- [erp-backend] [           main] .RepositoryConfigurationExtensionSupport : Spring Data Redis - Could not safely identify store assignment for repository candidate interface com.storename.erp.identity.infrastructure.UserRepository; If you want this repository to be a Redis repository, consider annotating your entities with one of these annotations: org.springframework.data.redis.core.RedisHash (preferred), or consider extending one of the following types with your repository: org.springframework.data.keyvalue.repository.KeyValueRepository
2026-08-23T22:39:17.796+07:00  INFO 25120 --- [erp-backend] [           main] .RepositoryConfigurationExtensionSupport : Spring Data Redis - Could not safely identify store assignment for repository candidate interface com.storename.erp.inventory.infrastructure.InboundReceiptRepository; If you want this repository to be a Redis repository, consider annotating your entities with one of these annotations: org.springframework.data.redis.core.RedisHash (preferred), or consider extending one of the following types with your repository: org.springframework.data.keyvalue.repository.KeyValueRepository
2026-08-23T22:39:17.796+07:00  INFO 25120 --- [erp-backend] [           main] .RepositoryConfigurationExtensionSupport : Spring Data Redis - Could not safely identify store assignment for repository candidate interface com.storename.erp.inventory.infrastructure.OutboundReceiptRepository; If you want this repository to be a Redis repository, consider annotating your entities with one of these annotations: org.springframework.data.redis.core.RedisHash (preferred), or consider extending one of the following types with your repository: org.springframework.data.keyvalue.repository.KeyValueRepository
2026-08-23T22:39:17.796+07:00  INFO 25120 --- [erp-backend] [           main] .RepositoryConfigurationExtensionSupport : Spring Data Redis - Could not safely identify store assignment for repository candidate interface com.storename.erp.inventory.infrastructure.StockOnHandRepository; If you want this repository to be a Redis repository, consider annotating your entities with one of these annotations: org.springframework.data.redis.core.RedisHash (preferred), or consider extending one of the following types with your repository: org.springframework.data.keyvalue.repository.KeyValueRepository
2026-08-23T22:39:17.796+07:00  INFO 25120 --- [erp-backend] [           main] .RepositoryConfigurationExtensionSupport : Spring Data Redis - Could not safely identify store assignment for repository candidate interface com.storename.erp.order.infrastructure.CustomerOrderRepository; If you want this repository to be a Redis repository, consider annotating your entities with one of these annotations: org.springframework.data.redis.core.RedisHash (preferred), or consider extending one of the following types with your repository: org.springframework.data.keyvalue.repository.KeyValueRepository
2026-08-23T22:39:17.796+07:00  INFO 25120 --- [erp-backend] [           main] .RepositoryConfigurationExtensionSupport : Spring Data Redis - Could not safely identify store assignment for repository candidate interface com.storename.erp.order.infrastructure.CustomerProductPriceRepository; If you want this repository to be a Redis repository, consider annotating your entities with one of these annotations: org.springframework.data.redis.core.RedisHash (preferred), or consider extending one of the following types with your repository: org.springframework.data.keyvalue.repository.KeyValueRepository
2026-08-23T22:39:17.796+07:00  INFO 25120 --- [erp-backend] [           main] .RepositoryConfigurationExtensionSupport : Spring Data Redis - Could not safely identify store assignment for repository candidate interface com.storename.erp.order.infrastructure.GoodsReturnRepository; If you want this repository to be a Redis repository, consider annotating your entities with one of these annotations: org.springframework.data.redis.core.RedisHash (preferred), or consider extending one of the following types with your repository: org.springframework.data.keyvalue.repository.KeyValueRepository
2026-08-23T22:39:17.796+07:00  INFO 25120 --- [erp-backend] [           main] .RepositoryConfigurationExtensionSupport : Spring Data Redis - Could not safely identify store assignment for repository candidate interface com.storename.erp.order.infrastructure.SalesInvoiceRepository; If you want this repository to be a Redis repository, consider annotating your entities with one of these annotations: org.springframework.data.redis.core.RedisHash (preferred), or consider extending one of the following types with your repository: org.springframework.data.keyvalue.repository.KeyValueRepository
2026-08-23T22:39:17.796+07:00  INFO 25120 --- [erp-backend] [           main] .RepositoryConfigurationExtensionSupport : Spring Data Redis - Could not safely identify store assignment for repository candidate interface com.storename.erp.procurement.infrastructure.PayableDebtRepository; If you want this repository to be a Redis repository, consider annotating your entities with one of these annotations: org.springframework.data.redis.core.RedisHash (preferred), or consider extending one of the following types with your repository: org.springframework.data.keyvalue.repository.KeyValueRepository
2026-08-23T22:39:17.796+07:00  INFO 25120 --- [erp-backend] [           main] .RepositoryConfigurationExtensionSupport : Spring Data Redis - Could not safely identify store assignment for repository candidate interface com.storename.erp.procurement.infrastructure.StockTransferRepository; If you want this repository to be a Redis repository, consider annotating your entities with one of these annotations: org.springframework.data.redis.core.RedisHash (preferred), or consider extending one of the following types with your repository: org.springframework.data.keyvalue.repository.KeyValueRepository
2026-08-23T22:39:17.796+07:00  INFO 25120 --- [erp-backend] [           main] .RepositoryConfigurationExtensionSupport : Spring Data Redis - Could not safely identify store assignment for repository candidate interface com.storename.erp.procurement.infrastructure.SupplierPurchaseOrderRepository; If you want this repository to be a Redis repository, consider annotating your entities with one of these annotations: org.springframework.data.redis.core.RedisHash (preferred), or consider extending one of the following types with your repository: org.springframework.data.keyvalue.repository.KeyValueRepository
2026-08-23T22:39:17.796+07:00  INFO 25120 --- [erp-backend] [           main] .RepositoryConfigurationExtensionSupport : Spring Data Redis - Could not safely identify store assignment for repository candidate interface com.storename.erp.procurement.infrastructure.SupplierRepository; If you want this repository to be a Redis repository, consider annotating your entities with one of these annotations: org.springframework.data.redis.core.RedisHash (preferred), or consider extending one of the following types with your repository: org.springframework.data.keyvalue.repository.KeyValueRepository
2026-08-23T22:39:17.797+07:00  INFO 25120 --- [erp-backend] [           main] .s.d.r.c.RepositoryConfigurationDelegate : Finished Spring Data repository scanning in 11 ms. Found 0 Redis repository interfaces.
2026-08-23T22:39:18.098+07:00  INFO 25120 --- [erp-backend] [           main] o.hibernate.jpa.internal.util.LogHelper  : HHH000204: Processing PersistenceUnitInfo [name: default]
2026-08-23T22:39:18.099+07:00  INFO 25120 --- [erp-backend] [           main] o.h.c.internal.RegionFactoryInitiator    : HHH000026: Second-level cache disabled
2026-08-23T22:39:18.106+07:00  INFO 25120 --- [erp-backend] [           main] o.s.o.j.p.SpringPersistenceUnitInfo      : No LoadTimeWeaver setup: ignoring JPA class transformer
2026-08-23T22:39:18.107+07:00  INFO 25120 --- [erp-backend] [           main] com.zaxxer.hikari.HikariDataSource       : HikariPool-7 - Starting...
2026-08-23T22:39:18.109+07:00  INFO 25120 --- [erp-backend] [           main] com.zaxxer.hikari.pool.HikariPool        : HikariPool-7 - Added connection conn60: url=jdbc:h2:mem:auth_test_db_52c8bed2-9899-4fe2-a2f6-2751f8e49e70 user=SA
2026-08-23T22:39:18.109+07:00  INFO 25120 --- [erp-backend] [           main] com.zaxxer.hikari.HikariDataSource       : HikariPool-7 - Start completed.
2026-08-23T22:39:18.109+07:00  INFO 25120 --- [erp-backend] [           main] org.hibernate.orm.connections.pooling    : HHH10001005: Database info:
	Database JDBC URL [Connecting through datasource 'HikariDataSource (HikariPool-7)']
	Database driver: undefined/unknown
	Database version: 2.3.232
	Autocommit mode: undefined/unknown
	Isolation level: undefined/unknown
	Minimum pool size: undefined/unknown
	Maximum pool size: undefined/unknown
2026-08-23T22:39:18.361+07:00  INFO 25120 --- [erp-backend] [           main] o.h.e.t.j.p.i.JtaPlatformInitiator       : HHH000489: No JTA platform available (set 'hibernate.transaction.jta.platform' to enable JTA platform integration)
Hibernate: drop table if exists attribute_definition cascade 
Hibernate: drop table if exists branch cascade 
Hibernate: drop table if exists category cascade 
Hibernate: drop table if exists category_attribute cascade 
Hibernate: drop table if exists customer cascade 
Hibernate: drop table if exists customer_order cascade 
Hibernate: drop table if exists customer_order_line cascade 
Hibernate: drop table if exists customer_product_price cascade 
Hibernate: drop table if exists goods_return cascade 
Hibernate: drop table if exists goods_return_line cascade 
Hibernate: drop table if exists idempotency_record cascade 
Hibernate: drop table if exists inbound_receipt cascade 
Hibernate: drop table if exists inbound_receipt_line cascade 
Hibernate: drop table if exists outbound_receipt cascade 
Hibernate: drop table if exists outbound_receipt_line cascade 
Hibernate: drop table if exists payable_debt cascade 
Hibernate: drop table if exists permission cascade 
Hibernate: drop table if exists price_list cascade 
Hibernate: drop table if exists product cascade 
Hibernate: drop table if exists product_attribute_value cascade 
Hibernate: drop table if exists receivable_debt cascade 
Hibernate: drop table if exists role cascade 
Hibernate: drop table if exists role_permission cascade 
Hibernate: drop table if exists sales_invoice cascade 
Hibernate: drop table if exists sales_invoice_line cascade 
Hibernate: drop table if exists stock_on_hand cascade 
Hibernate: drop table if exists stock_transfer cascade 
Hibernate: drop table if exists stock_transfer_line cascade 
Hibernate: drop table if exists supplier cascade 
Hibernate: drop table if exists supplier_purchase_order cascade 
Hibernate: drop table if exists supplier_purchase_order_line cascade 
Hibernate: drop table if exists user_account cascade 
Hibernate: drop table if exists user_branch_role cascade 
Hibernate: create table attribute_definition (id smallint generated by default as identity, data_type varchar(50) not null, code varchar(100) not null unique, name varchar(200) not null, primary key (id))
Hibernate: create table branch (is_active boolean not null, created_at timestamp(6) with time zone not null, id bigint generated by default as identity, updated_at timestamp(6) with time zone not null, code varchar(20) not null unique, phone varchar(20), opening_hours varchar(100), name varchar(200) not null, address varchar(500), primary key (id))
Hibernate: create table category (is_active boolean not null, created_at timestamp(6) with time zone not null, id bigint generated by default as identity, parent_id bigint, updated_at timestamp(6) with time zone not null, code varchar(50) not null unique, name varchar(200) not null, primary key (id))
Hibernate: create table category_attribute (attribute_id smallint not null, category_id bigint not null, primary key (attribute_id, category_id))
Hibernate: create table customer (is_deleted boolean not null, version integer not null, created_at timestamp(6), updated_at timestamp(6), created_by uuid, id uuid not null, updated_by uuid, phone varchar(20), tax_code varchar(20), customer_code varchar(50) not null unique, email varchar(200), address TEXT, name varchar(255) not null, customer_type enum ('CONSTRUCTION','RETAIL','WHOLESALE'), primary key (id))
Hibernate: create table customer_order (is_deleted boolean not null, total_amount numeric(38,2) not null, version integer not null, created_at timestamp(6), updated_at timestamp(6), branch_id uuid not null, created_by uuid, customer_id uuid not null, id uuid not null, updated_by uuid, note varchar(255), order_code varchar(255) not null unique, status enum ('CANCELLED','CONFIRMED','DRAFT','INVOICED') not null, primary key (id))
Hibernate: create table customer_order_line (is_deleted boolean not null, quantity numeric(38,2) not null, unit_price numeric(38,2) not null, version integer not null, created_at timestamp(6), updated_at timestamp(6), created_by uuid, id uuid not null, order_id uuid not null, product_id uuid not null, updated_by uuid, unit_of_measure varchar(255) not null, primary key (id))
Hibernate: create table customer_product_price (is_deleted boolean not null, unit_price numeric(19,4) not null, version integer not null, created_at timestamp(6), effective_from timestamp(6) not null, effective_to timestamp(6), updated_at timestamp(6), branch_id uuid not null, created_by uuid, customer_id uuid not null, id uuid not null, product_id uuid not null, updated_by uuid, primary key (id), constraint uk_cust_prod_branch unique (customer_id, product_id, branch_id))
Hibernate: create table goods_return (is_deleted boolean not null, total_amount numeric(38,2) not null, version integer not null, confirmed_at timestamp(6), created_at timestamp(6), updated_at timestamp(6), branch_id uuid not null, confirmed_by uuid, created_by uuid, customer_id uuid not null, id uuid not null, invoice_id uuid, updated_by uuid, note varchar(255), reason varchar(255), return_code varchar(255) not null unique, status enum ('CONFIRMED','DRAFT') not null, primary key (id))
Hibernate: create table goods_return_line (is_deleted boolean not null, quantity numeric(38,2) not null, unit_price numeric(38,2) not null, version integer not null, created_at timestamp(6), updated_at timestamp(6), created_by uuid, id uuid not null, product_id uuid not null, return_id uuid not null, updated_by uuid, unit_of_measure varchar(255) not null, primary key (id))
Hibernate: create table idempotency_record (created_at timestamp(6) not null, id uuid not null, request_hash varchar(64), idempotency_key varchar(255) not null unique, response_snapshot TEXT, primary key (id))
Hibernate: create table inbound_receipt (is_deleted boolean not null, version integer not null, confirmed_at timestamp(6), created_at timestamp(6), updated_at timestamp(6), branch_id uuid not null, confirmed_by uuid, created_by uuid, id uuid not null, purchase_order_id uuid, updated_by uuid, note varchar(255), receipt_code varchar(255) not null unique, status enum ('CONFIRMED','DRAFT') not null, primary key (id))
Hibernate: create table inbound_receipt_line (is_deleted boolean not null, quantity numeric(19,4) not null, unit_cost numeric(19,4) not null, version integer not null, created_at timestamp(6), updated_at timestamp(6), created_by uuid, id uuid not null, product_id uuid not null, receipt_id uuid not null, updated_by uuid, unit_of_measure varchar(50) not null, primary key (id))
Hibernate: create table outbound_receipt (is_deleted boolean not null, version integer not null, confirmed_at timestamp(6), created_at timestamp(6), updated_at timestamp(6), branch_id uuid not null, confirmed_by uuid, created_by uuid, id uuid not null, updated_by uuid, note varchar(255), reason varchar(255), receipt_code varchar(255) not null unique, status enum ('CONFIRMED','DRAFT') not null, primary key (id))
Hibernate: create table outbound_receipt_line (is_deleted boolean not null, quantity numeric(19,4) not null, version integer not null, created_at timestamp(6), updated_at timestamp(6), created_by uuid, id uuid not null, product_id uuid not null, receipt_id uuid not null, updated_by uuid, unit_of_measure varchar(50) not null, primary key (id))
Hibernate: create table payable_debt (is_deleted boolean not null, total_debt numeric(19,4) not null, version integer not null, created_at timestamp(6), updated_at timestamp(6), branch_id uuid not null, created_by uuid, id uuid not null, supplier_id uuid not null, updated_by uuid, primary key (id), constraint uk_debt_supplier_branch unique (supplier_id, branch_id))
Hibernate: create table permission (id smallint generated by default as identity, code varchar(100) not null unique, description varchar(255), primary key (id))
Hibernate: create table price_list (price numeric(19,4) not null, branch_id bigint not null, created_at timestamp(6) with time zone not null, effective_date timestamp(6) with time zone not null, id bigint generated by default as identity, product_id bigint not null, primary key (id))
Hibernate: create table product (is_active boolean not null, category_id bigint not null, created_at timestamp(6) with time zone not null, id bigint generated by default as identity, updated_at timestamp(6) with time zone not null, base_unit varchar(50) not null, code varchar(50) not null unique, name varchar(200) not null, attributes_cache json, primary key (id))
Hibernate: create table product_attribute_value (attribute_id smallint not null, value_boolean boolean, value_number numeric(19,4), product_id bigint not null, value_text varchar(500), primary key (attribute_id, product_id))
Hibernate: create table receivable_debt (is_deleted boolean not null, total_debt numeric(19,4) not null, version integer not null, created_at timestamp(6), updated_at timestamp(6), branch_id uuid not null, created_by uuid, customer_id uuid not null, id uuid not null, updated_by uuid, primary key (id), constraint uk_debt_customer_branch unique (customer_id, branch_id))
Hibernate: create table role (id smallint generated by default as identity, code varchar(50) not null unique, name varchar(200) not null, primary key (id))
Hibernate: create table role_permission (permission_id smallint not null, role_id smallint not null, primary key (permission_id, role_id))
Hibernate: create table sales_invoice (is_deleted boolean not null, previous_debt numeric(19,4) not null, remaining_debt numeric(19,4) not null, total_amount numeric(19,4) not null, version integer not null, confirmed_at timestamp(6), created_at timestamp(6), updated_at timestamp(6), branch_id uuid not null, confirmed_by uuid, created_by uuid, customer_id uuid not null, id uuid not null, updated_by uuid, invoice_code varchar(100) not null unique, note TEXT, payment_method enum ('CASH','CREDIT','MIXED'), status enum ('CANCELLED','CONFIRMED','DRAFT') not null, primary key (id))
Hibernate: create table sales_invoice_line (is_deleted boolean not null, line_total numeric(19,4) not null, quantity numeric(19,4) not null, unit_cost numeric(19,4), unit_price numeric(19,4) not null, version integer not null, created_at timestamp(6), updated_at timestamp(6), created_by uuid, id uuid not null, invoice_id uuid not null, product_id uuid not null, updated_by uuid, unit_of_measure varchar(50) not null, product_name varchar(255), primary key (id))
Hibernate: create table stock_on_hand (avg_cost numeric(19,4), is_deleted boolean not null, quantity numeric(19,4) not null, version integer not null, created_at timestamp(6), updated_at timestamp(6), branch_id uuid not null, created_by uuid, id uuid not null, product_id uuid not null, updated_by uuid, primary key (id), constraint uk_stock_product_branch unique (product_id, branch_id))
Hibernate: create table stock_transfer (is_deleted boolean not null, version integer not null, created_at timestamp(6), updated_at timestamp(6), created_by uuid, from_branch_id uuid not null, id uuid not null, inbound_receipt_id uuid, outbound_receipt_id uuid, to_branch_id uuid not null, updated_by uuid, transfer_code varchar(100) not null unique, note TEXT, status enum ('CANCELLED','IN_TRANSIT','RECEIVED','REQUESTED') not null, primary key (id))
Hibernate: create table stock_transfer_line (is_deleted boolean not null, quantity numeric(19,4) not null, version integer not null, created_at timestamp(6), updated_at timestamp(6), created_by uuid, id uuid not null, product_id uuid not null, transfer_id uuid not null, updated_by uuid, unit_of_measure varchar(50) not null, primary key (id))
Hibernate: create table supplier (is_deleted boolean not null, version integer not null, created_at timestamp(6), updated_at timestamp(6), created_by uuid, id uuid not null, updated_by uuid, phone varchar(20), tax_code varchar(20), supplier_code varchar(50) not null unique, email varchar(200), address TEXT, name varchar(255) not null, primary key (id))
Hibernate: create table supplier_purchase_order (is_deleted boolean not null, total_amount numeric(19,4) not null, version integer not null, created_at timestamp(6), updated_at timestamp(6), branch_id uuid not null, created_by uuid, id uuid not null, supplier_id uuid not null, updated_by uuid, po_code varchar(100) not null unique, note TEXT, status enum ('CANCELLED','CONFIRMED','DRAFT','RECEIVED') not null, primary key (id))
Hibernate: create table supplier_purchase_order_line (is_deleted boolean not null, quantity numeric(19,4) not null, unit_cost numeric(19,4) not null, version integer not null, created_at timestamp(6), updated_at timestamp(6), created_by uuid, id uuid not null, po_id uuid not null, product_id uuid not null, updated_by uuid, unit_of_measure varchar(50) not null, primary key (id))
Hibernate: create table user_account (is_active boolean not null, created_at timestamp(6) with time zone not null, id bigint generated by default as identity, updated_at timestamp(6) with time zone not null, phone varchar(20), username varchar(100) not null unique, email varchar(200), full_name varchar(200) not null, password_hash varchar(255) not null, primary key (id))
Hibernate: create table user_branch_role (role_id smallint not null, branch_id bigint, id bigint generated by default as identity, user_id bigint not null, primary key (id))
Hibernate: alter table if exists category add constraint FK2y94svpmqttx80mshyny85wqr foreign key (parent_id) references category
Hibernate: alter table if exists category_attribute add constraint FKtbcj7lodjvp041lf10duifga foreign key (attribute_id) references attribute_definition
Hibernate: alter table if exists category_attribute add constraint FKe0pcstwj0x32r32yy4e8impwv foreign key (category_id) references category
Hibernate: alter table if exists customer_order add constraint FKf9abd30bhiqvugayxlpq8ryq9 foreign key (customer_id) references customer
Hibernate: alter table if exists customer_order_line add constraint FK7f1tuv33c0rw55jnr1fetfjfu foreign key (order_id) references customer_order
Hibernate: alter table if exists goods_return add constraint FKo522e7guq07j7jpg8lmbia9xn foreign key (customer_id) references customer
Hibernate: alter table if exists goods_return_line add constraint FK704fdcemmdabxuc1dcw7hu832 foreign key (return_id) references goods_return
Hibernate: alter table if exists inbound_receipt_line add constraint FKqy9cck42h6rk1tohjslwec6ym foreign key (receipt_id) references inbound_receipt
Hibernate: alter table if exists outbound_receipt_line add constraint FKekdsyerx2w909k7ton8jioitn foreign key (receipt_id) references outbound_receipt
Hibernate: alter table if exists payable_debt add constraint FK48x8bhob11y9hrj5a01u3a101 foreign key (supplier_id) references supplier
Hibernate: alter table if exists price_list add constraint FKb1666881oiu3wnri177m27k72 foreign key (branch_id) references branch
Hibernate: alter table if exists price_list add constraint FKhrlnio6qq1rnoreu6tiyoxdwu foreign key (product_id) references product
Hibernate: alter table if exists product add constraint FK1mtsbur82frn64de7balymq9s foreign key (category_id) references category
Hibernate: alter table if exists product_attribute_value add constraint FK58y32y5qv388v4xb7sm5jahou foreign key (attribute_id) references attribute_definition
Hibernate: alter table if exists product_attribute_value add constraint FKejch53yke5ufe6w72yjpnakoi foreign key (product_id) references product
Hibernate: alter table if exists receivable_debt add constraint FKhrwncvyiy5a8gxyddafthsjnk foreign key (customer_id) references customer
Hibernate: alter table if exists role_permission add constraint FKf8yllw1ecvwqy3ehyxawqa1qp foreign key (permission_id) references permission
Hibernate: alter table if exists role_permission add constraint FKa6jx8n8xkesmjmv6jqug6bg68 foreign key (role_id) references role
Hibernate: alter table if exists sales_invoice_line add constraint FK7nemvn7hjylxyq3l9f1pyf5gs foreign key (invoice_id) references sales_invoice
Hibernate: alter table if exists stock_transfer_line add constraint FKrej92xjwak9xakv0ito4ajp3t foreign key (transfer_id) references stock_transfer
Hibernate: alter table if exists supplier_purchase_order add constraint FK9bgslrfgiwgolgf9yay5k983i foreign key (supplier_id) references supplier
Hibernate: alter table if exists supplier_purchase_order_line add constraint FK8phwv2cotdhiqw9vb71nr7mto foreign key (po_id) references supplier_purchase_order
Hibernate: alter table if exists user_branch_role add constraint FKp4m1uf4rachb1w5sdo41joier foreign key (branch_id) references branch
Hibernate: alter table if exists user_branch_role add constraint FKdpjkd8bignt5vjb01tdfycujc foreign key (role_id) references role
Hibernate: alter table if exists user_branch_role add constraint FKdcqxlwymqiiai43rfa5tn3a20 foreign key (user_id) references user_account
2026-08-23T22:39:18.383+07:00  INFO 25120 --- [erp-backend] [           main] j.LocalContainerEntityManagerFactoryBean : Initialized JPA EntityManagerFactory for persistence unit 'default'
2026-08-23T22:39:18.670+07:00  WARN 25120 --- [erp-backend] [           main] JpaBaseConfiguration$JpaWebConfiguration : spring.jpa.open-in-view is enabled by default. Therefore, database queries may be performed during view rendering. Explicitly configure spring.jpa.open-in-view to disable this warning
2026-08-23T22:39:18.680+07:00  WARN 25120 --- [erp-backend] [           main] .s.s.UserDetailsServiceAutoConfiguration : 

Using generated security password: 64d6049b-aa91-484a-9018-afb29a498763

This generated password is for development use only. Your security configuration must be updated before running your application in production.

2026-08-23T22:39:18.681+07:00  INFO 25120 --- [erp-backend] [           main] r$InitializeUserDetailsManagerConfigurer : Global AuthenticationManager configured with UserDetailsService bean with name inMemoryUserDetailsManager
2026-08-23T22:39:18.924+07:00 DEBUG 25120 --- [erp-backend] [           main] c.s.e.c.s.JwtAuthenticationFilter        : Filter 'jwtAuthenticationFilter' configured for use
2026-08-23T22:39:18.924+07:00  INFO 25120 --- [erp-backend] [           main] o.s.b.t.m.w.SpringBootMockServletContext : Initializing Spring TestDispatcherServlet ''
2026-08-23T22:39:18.924+07:00  INFO 25120 --- [erp-backend] [           main] o.s.t.web.servlet.TestDispatcherServlet  : Initializing Servlet ''
2026-08-23T22:39:18.925+07:00  INFO 25120 --- [erp-backend] [           main] o.s.t.web.servlet.TestDispatcherServlet  : Completed initialization in 1 ms
2026-08-23T22:39:18.936+07:00  INFO 25120 --- [erp-backend] [           main] c.s.e.identity.api.AuthIntegrationTest   : Started AuthIntegrationTest in 1.333 seconds (process running for 36.998)
2026-08-23T22:39:19.141+07:00  INFO 25120 --- [erp-backend] [           main] c.s.e.identity.application.AuthService   : Attempting login for user: admin
2026-08-23T22:39:19.219+07:00  INFO 25120 --- [erp-backend] [           main] c.s.e.identity.application.AuthService   : Login successful for user: admin
]]></system-out>
  </testcase>
  <testcase name="testLoginFailure_BadCredentials" classname="com.storename.erp.identity.api.AuthIntegrationTest" time="0.131">
    <system-out><![CDATA[2026-08-23T22:39:19.322+07:00  INFO 25120 --- [erp-backend] [           main] c.s.e.identity.application.AuthService   : Attempting login for user: admin
2026-08-23T22:39:19.383+07:00  WARN 25120 --- [erp-backend] [           main] c.s.e.identity.application.AuthService   : Password mismatch for user: admin
]]></system-out>
  </testcase>
  <testcase name="testLoginRefreshAndRevoke" classname="com.storename.erp.identity.api.AuthIntegrationTest" time="0.169">
    <system-out><![CDATA[2026-08-23T22:39:19.458+07:00  INFO 25120 --- [erp-backend] [           main] c.s.e.identity.application.AuthService   : Attempting login for user: admin
2026-08-23T22:39:19.526+07:00  INFO 25120 --- [erp-backend] [           main] c.s.e.identity.application.AuthService   : Login successful for user: admin
2026-08-23T22:39:19.536+07:00  INFO 25120 --- [erp-backend] [           main] c.s.e.identity.application.AuthService   : Attempting token refresh
2026-08-23T22:39:19.545+07:00  INFO 25120 --- [erp-backend] [           main] c.s.e.identity.application.AuthService   : Token revoked successfully: 8e5ffd6b-4465-43b6-aa35-503aea493727
2026-08-23T22:39:19.545+07:00  INFO 25120 --- [erp-backend] [           main] c.s.e.identity.application.AuthService   : Refresh successful for user: admin
2026-08-23T22:39:19.551+07:00  INFO 25120 --- [erp-backend] [           main] c.s.e.identity.application.AuthService   : Token revoked successfully: 44eabca2-5865-4196-9e08-008e2a318768
2026-08-23T22:39:19.552+07:00  INFO 25120 --- [erp-backend] [           main] c.s.e.identity.application.AuthService   : Attempting token refresh
2026-08-23T22:39:19.554+07:00  WARN 25120 --- [erp-backend] [           main] c.s.e.identity.application.AuthService   : Attempt to use revoked refresh token: 44eabca2-5865-4196-9e08-008e2a318768
]]></system-out>
  </testcase>
</testsuite>