<?xml version="1.0" encoding="UTF-8"?>
<testsuite xmlns:xsi="http://www.w3.org/2001/XMLSchema-instance" xsi:noNamespaceSchemaLocation="https://maven.apache.org/surefire/maven-surefire-plugin/xsd/surefire-test-report.xsd" version="3.0.2" name="com.storename.erp.order.integration.branch.IdempotencyIntegrationTest" time="1.677" tests="3" errors="0" skipped="0" failures="0">
  <properties>
[...]
</properties>
  <testcase name="testIdempotencyDifferentBodySameKey" classname="com.storename.erp.order.integration.branch.IdempotencyIntegrationTest" time="0.192">
    <system-out><![CDATA[2026-08-23T23:37:38.149+07:00  INFO 12916 --- [erp-backend] [           main] t.c.s.AnnotationConfigContextLoaderUtils : Could not detect default configuration classes for test class [com.storename.erp.order.integration.branch.IdempotencyIntegrationTest]: IdempotencyIntegrationTest does not declare any static, non-private, non-final, nested classes annotated with @Configuration.
2026-08-23T23:37:38.153+07:00  INFO 12916 --- [erp-backend] [           main] .b.t.c.SpringBootTestContextBootstrapper : Found @SpringBootConfiguration com.storename.erp.ErpApplication for test class com.storename.erp.order.integration.branch.IdempotencyIntegrationTest

  .   ____          _            __ _ _
 /\\ / ___'_ __ _ _(_)_ __  __ _ \ \ \ \
( ( )\___ | '_ | '_| | '_ \/ _` | \ \ \ \
 \\/  ___)| |_)| | | | | || (_| |  ) ) ) )
  '  |____| .__|_| |_|_| |_\__, | / / / /
 =========|_|==============|___/=/_/_/_/

 :: Spring Boot ::                (v3.4.0)

2026-08-23T23:37:38.183+07:00  INFO 12916 --- [erp-backend] [           main] c.s.e.o.i.b.IdempotencyIntegrationTest   : Starting IdempotencyIntegrationTest using Java 21.0.12 with PID 12916 (started by Admin in D:\Docs\CodeProject\DOAN\code\erp-backend)
2026-08-23T23:37:38.183+07:00 DEBUG 12916 --- [erp-backend] [           main] c.s.e.o.i.b.IdempotencyIntegrationTest   : Running with Spring Boot v3.4.0, Spring v6.2.0
2026-08-23T23:37:38.183+07:00  INFO 12916 --- [erp-backend] [           main] c.s.e.o.i.b.IdempotencyIntegrationTest   : The following 2 profiles are active: "branch", "test"
2026-08-23T23:37:38.418+07:00  INFO 12916 --- [erp-backend] [           main] .s.d.r.c.RepositoryConfigurationDelegate : Multiple Spring Data modules found, entering strict repository configuration mode
2026-08-23T23:37:38.418+07:00  INFO 12916 --- [erp-backend] [           main] .s.d.r.c.RepositoryConfigurationDelegate : Bootstrapping Spring Data JPA repositories in DEFAULT mode.
2026-08-23T23:37:38.461+07:00  INFO 12916 --- [erp-backend] [           main] .s.d.r.c.RepositoryConfigurationDelegate : Finished Spring Data repository scanning in 41 ms. Found 22 JPA repository interfaces.
2026-08-23T23:37:38.559+07:00  INFO 12916 --- [erp-backend] [           main] o.hibernate.jpa.internal.util.LogHelper  : HHH000204: Processing PersistenceUnitInfo [name: default]
2026-08-23T23:37:38.560+07:00  INFO 12916 --- [erp-backend] [           main] o.h.c.internal.RegionFactoryInitiator    : HHH000026: Second-level cache disabled
2026-08-23T23:37:38.568+07:00  INFO 12916 --- [erp-backend] [           main] o.s.o.j.p.SpringPersistenceUnitInfo      : No LoadTimeWeaver setup: ignoring JPA class transformer
2026-08-23T23:37:38.569+07:00  INFO 12916 --- [erp-backend] [           main] com.zaxxer.hikari.HikariDataSource       : HikariPool-5 - Starting...
2026-08-23T23:37:38.571+07:00  INFO 12916 --- [erp-backend] [           main] com.zaxxer.hikari.pool.HikariPool        : HikariPool-5 - Added connection conn40: url=jdbc:h2:mem:branch_order_test_db3 user=SA
2026-08-23T23:37:38.571+07:00  INFO 12916 --- [erp-backend] [           main] com.zaxxer.hikari.HikariDataSource       : HikariPool-5 - Start completed.
2026-08-23T23:37:38.572+07:00  WARN 12916 --- [erp-backend] [           main] org.hibernate.orm.deprecation            : HHH90000025: H2Dialect does not need to be specified explicitly using 'hibernate.dialect' (remove the property setting and it will be selected by default)
2026-08-23T23:37:38.572+07:00  INFO 12916 --- [erp-backend] [           main] org.hibernate.orm.connections.pooling    : HHH10001005: Database info:
	Database JDBC URL [Connecting through datasource 'HikariDataSource (HikariPool-5)']
	Database driver: undefined/unknown
	Database version: 2.3.232
	Autocommit mode: undefined/unknown
	Isolation level: undefined/unknown
	Minimum pool size: undefined/unknown
	Maximum pool size: undefined/unknown
2026-08-23T23:37:38.893+07:00  INFO 12916 --- [erp-backend] [           main] o.h.e.t.j.p.i.JtaPlatformInitiator       : HHH000489: No JTA platform available (set 'hibernate.transaction.jta.platform' to enable JTA platform integration)
Hibernate: drop table if exists attribute_definition cascade 
Hibernate: drop table if exists branch cascade 
Hibernate: drop table if exists category cascade 
Hibernate: drop table if exists category_attribute cascade 
Hibernate: drop table if exists customer cascade 
Hibernate: drop table if exists customer_order cascade 
Hibernate: drop table if exists customer_order_line cascade 
Hibernate: drop table if exists customer_product_price cascade 
Hibernate: drop table if exists goods_return cascade 
Hibernate: drop table if exists goods_return_line cascade 
Hibernate: drop table if exists idempotency_record cascade 
Hibernate: drop table if exists inbound_receipt cascade 
Hibernate: drop table if exists inbound_receipt_line cascade 
Hibernate: drop table if exists outbound_receipt cascade 
Hibernate: drop table if exists outbound_receipt_line cascade 
Hibernate: drop table if exists payable_debt cascade 
Hibernate: drop table if exists permission cascade 
Hibernate: drop table if exists price_list cascade 
Hibernate: drop table if exists product cascade 
Hibernate: drop table if exists product_attribute_value cascade 
Hibernate: drop table if exists receivable_debt cascade 
Hibernate: drop table if exists role cascade 
Hibernate: drop table if exists role_permission cascade 
Hibernate: drop table if exists sales_invoice cascade 
Hibernate: drop table if exists sales_invoice_line cascade 
Hibernate: drop table if exists stock_on_hand cascade 
Hibernate: drop table if exists stock_transfer cascade 
Hibernate: drop table if exists stock_transfer_line cascade 
Hibernate: drop table if exists supplier cascade 
Hibernate: drop table if exists supplier_purchase_order cascade 
Hibernate: drop table if exists supplier_purchase_order_line cascade 
Hibernate: drop table if exists user_account cascade 
Hibernate: drop table if exists user_branch_role cascade 
Hibernate: create table attribute_definition (id smallint generated by default as identity, data_type varchar(50) not null, code varchar(100) not null unique, name varchar(200) not null, primary key (id))
Hibernate: create table branch (is_active boolean not null, created_at timestamp(6) with time zone not null, id bigint generated by default as identity, updated_at timestamp(6) with time zone not null, code varchar(20) not null unique, phone varchar(20), opening_hours varchar(100), name varchar(200) not null, address varchar(500), primary key (id))
Hibernate: create table category (is_active boolean not null, created_at timestamp(6) with time zone not null, id bigint generated by default as identity, parent_id bigint, updated_at timestamp(6) with time zone not null, code varchar(50) not null unique, name varchar(200) not null, primary key (id))
Hibernate: create table category_attribute (attribute_id smallint not null, category_id bigint not null, primary key (attribute_id, category_id))
Hibernate: create table customer (is_deleted boolean not null, version integer not null, created_at timestamp(6), updated_at timestamp(6), created_by uuid, id uuid not null, updated_by uuid, phone varchar(20), tax_code varchar(20), customer_code varchar(50) not null unique, email varchar(200), address TEXT, name varchar(255) not null, customer_type enum ('CONSTRUCTION','RETAIL','WHOLESALE'), primary key (id))
Hibernate: create table customer_order (is_deleted boolean not null, total_amount numeric(38,2) not null, version integer not null, created_at timestamp(6), updated_at timestamp(6), branch_id uuid not null, created_by uuid, customer_id uuid not null, id uuid not null, updated_by uuid, note varchar(255), order_code varchar(255) not null unique, status enum ('CANCELLED','CONFIRMED','DRAFT','INVOICED') not null, primary key (id))
Hibernate: create table customer_order_line (is_deleted boolean not null, quantity numeric(38,2) not null, unit_price numeric(38,2) not null, version integer not null, created_at timestamp(6), updated_at timestamp(6), created_by uuid, id uuid not null, order_id uuid not null, product_id uuid not null, updated_by uuid, unit_of_measure varchar(255) not null, primary key (id))
Hibernate: create table customer_product_price (is_deleted boolean not null, unit_price numeric(19,4) not null, version integer not null, created_at timestamp(6), effective_from timestamp(6) not null, effective_to timestamp(6), updated_at timestamp(6), branch_id uuid not null, created_by uuid, customer_id uuid not null, id uuid not null, product_id uuid not null, updated_by uuid, primary key (id), constraint uk_cust_prod_branch unique (customer_id, product_id, branch_id))
Hibernate: create table goods_return (is_deleted boolean not null, total_amount numeric(38,2) not null, version integer not null, confirmed_at timestamp(6), created_at timestamp(6), updated_at timestamp(6), branch_id uuid not null, confirmed_by uuid, created_by uuid, customer_id uuid not null, id uuid not null, invoice_id uuid, updated_by uuid, note varchar(255), reason varchar(255), return_code varchar(255) not null unique, status enum ('CONFIRMED','DRAFT') not null, primary key (id))
Hibernate: create table goods_return_line (is_deleted boolean not null, quantity numeric(38,2) not null, unit_price numeric(38,2) not null, version integer not null, created_at timestamp(6), updated_at timestamp(6), created_by uuid, id uuid not null, product_id uuid not null, return_id uuid not null, updated_by uuid, unit_of_measure varchar(255) not null, primary key (id))
Hibernate: create table idempotency_record (created_at timestamp(6) not null, id uuid not null, request_hash varchar(64), idempotency_key varchar(255) not null unique, response_snapshot TEXT, primary key (id))
Hibernate: create table inbound_receipt (is_deleted boolean not null, version integer not null, confirmed_at timestamp(6), created_at timestamp(6), updated_at timestamp(6), branch_id uuid not null, confirmed_by uuid, created_by uuid, id uuid not null, purchase_order_id uuid, updated_by uuid, note varchar(255), receipt_code varchar(255) not null unique, status enum ('CONFIRMED','DRAFT') not null, primary key (id))
Hibernate: create table inbound_receipt_line (is_deleted boolean not null, quantity numeric(19,4) not null, unit_cost numeric(19,4) not null, version integer not null, created_at timestamp(6), updated_at timestamp(6), created_by uuid, id uuid not null, product_id uuid not null, receipt_id uuid not null, updated_by uuid, unit_of_measure varchar(50) not null, primary key (id))
Hibernate: create table outbound_receipt (is_deleted boolean not null, version integer not null, confirmed_at timestamp(6), created_at timestamp(6), updated_at timestamp(6), branch_id uuid not null, confirmed_by uuid, created_by uuid, id uuid not null, updated_by uuid, note varchar(255), reason varchar(255), receipt_code varchar(255) not null unique, status enum ('CONFIRMED','DRAFT') not null, primary key (id))
Hibernate: create table outbound_receipt_line (is_deleted boolean not null, quantity numeric(19,4) not null, version integer not null, created_at timestamp(6), updated_at timestamp(6), created_by uuid, id uuid not null, product_id uuid not null, receipt_id uuid not null, updated_by uuid, unit_of_measure varchar(50) not null, primary key (id))
Hibernate: create table payable_debt (is_deleted boolean not null, total_debt numeric(19,4) not null, version integer not null, created_at timestamp(6), updated_at timestamp(6), branch_id uuid not null, created_by uuid, id uuid not null, supplier_id uuid not null, updated_by uuid, primary key (id), constraint uk_debt_supplier_branch unique (supplier_id, branch_id))
Hibernate: create table permission (id smallint generated by default as identity, code varchar(100) not null unique, description varchar(255), primary key (id))
Hibernate: create table price_list (price numeric(19,4) not null, branch_id bigint not null, created_at timestamp(6) with time zone not null, effective_date timestamp(6) with time zone not null, id bigint generated by default as identity, product_id bigint not null, primary key (id))
Hibernate: create table product (is_active boolean not null, category_id bigint not null, created_at timestamp(6) with time zone not null, id bigint generated by default as identity, updated_at timestamp(6) with time zone not null, base_unit varchar(50) not null, code varchar(50) not null unique, name varchar(200) not null, attributes_cache json, primary key (id))
Hibernate: create table product_attribute_value (attribute_id smallint not null, value_boolean boolean, value_number numeric(19,4), product_id bigint not null, value_text varchar(500), primary key (attribute_id, product_id))
Hibernate: create table receivable_debt (is_deleted boolean not null, total_debt numeric(19,4) not null, version integer not null, created_at timestamp(6), updated_at timestamp(6), branch_id uuid not null, created_by uuid, customer_id uuid not null, id uuid not null, updated_by uuid, primary key (id), constraint uk_debt_customer_branch unique (customer_id, branch_id))
Hibernate: create table role (id smallint generated by default as identity, code varchar(50) not null unique, name varchar(200) not null, primary key (id))
Hibernate: create table role_permission (permission_id smallint not null, role_id smallint not null, primary key (permission_id, role_id))
Hibernate: create table sales_invoice (is_deleted boolean not null, previous_debt numeric(19,4) not null, remaining_debt numeric(19,4) not null, total_amount numeric(19,4) not null, version integer not null, confirmed_at timestamp(6), created_at timestamp(6), updated_at timestamp(6), branch_id uuid not null, confirmed_by uuid, created_by uuid, customer_id uuid not null, id uuid not null, updated_by uuid, invoice_code varchar(100) not null unique, note TEXT, payment_method enum ('CASH','CREDIT','MIXED'), status enum ('CANCELLED','CONFIRMED','DRAFT') not null, primary key (id))
Hibernate: create table sales_invoice_line (is_deleted boolean not null, line_total numeric(19,4) not null, quantity numeric(19,4) not null, unit_cost numeric(19,4), unit_price numeric(19,4) not null, version integer not null, created_at timestamp(6), updated_at timestamp(6), created_by uuid, id uuid not null, invoice_id uuid not null, product_id uuid not null, updated_by uuid, unit_of_measure varchar(50) not null, product_name varchar(255), primary key (id))
Hibernate: create table stock_on_hand (avg_cost numeric(19,4), is_deleted boolean not null, quantity numeric(19,4) not null, version integer not null, created_at timestamp(6), updated_at timestamp(6), branch_id uuid not null, created_by uuid, id uuid not null, product_id uuid not null, updated_by uuid, primary key (id), constraint uk_stock_product_branch unique (product_id, branch_id))
Hibernate: create table stock_transfer (is_deleted boolean not null, version integer not null, created_at timestamp(6), updated_at timestamp(6), created_by uuid, from_branch_id uuid not null, id uuid not null, inbound_receipt_id uuid, outbound_receipt_id uuid, to_branch_id uuid not null, updated_by uuid, transfer_code varchar(100) not null unique, note TEXT, status enum ('CANCELLED','IN_TRANSIT','RECEIVED','REQUESTED') not null, primary key (id))
Hibernate: create table stock_transfer_line (is_deleted boolean not null, quantity numeric(19,4) not null, version integer not null, created_at timestamp(6), updated_at timestamp(6), created_by uuid, id uuid not null, product_id uuid not null, transfer_id uuid not null, updated_by uuid, unit_of_measure varchar(50) not null, primary key (id))
Hibernate: create table supplier (is_deleted boolean not null, version integer not null, created_at timestamp(6), updated_at timestamp(6), created_by uuid, id uuid not null, updated_by uuid, phone varchar(20), tax_code varchar(20), supplier_code varchar(50) not null unique, email varchar(200), address TEXT, name varchar(255) not null, primary key (id))
Hibernate: create table supplier_purchase_order (is_deleted boolean not null, total_amount numeric(19,4) not null, version integer not null, created_at timestamp(6), updated_at timestamp(6), branch_id uuid not null, created_by uuid, id uuid not null, supplier_id uuid not null, updated_by uuid, po_code varchar(100) not null unique, note TEXT, status enum ('CANCELLED','CONFIRMED','DRAFT','RECEIVED') not null, primary key (id))
Hibernate: create table supplier_purchase_order_line (is_deleted boolean not null, quantity numeric(19,4) not null, unit_cost numeric(19,4) not null, version integer not null, created_at timestamp(6), updated_at timestamp(6), created_by uuid, id uuid not null, po_id uuid not null, product_id uuid not null, updated_by uuid, unit_of_measure varchar(50) not null, primary key (id))
Hibernate: create table user_account (is_active boolean not null, created_at timestamp(6) with time zone not null, id bigint generated by default as identity, updated_at timestamp(6) with time zone not null, phone varchar(20), username varchar(100) not null unique, email varchar(200), full_name varchar(200) not null, password_hash varchar(255) not null, primary key (id))
Hibernate: create table user_branch_role (role_id smallint not null, branch_id bigint, id bigint generated by default as identity, user_id bigint not null, primary key (id))
Hibernate: alter table if exists category add constraint FK2y94svpmqttx80mshyny85wqr foreign key (parent_id) references category
Hibernate: alter table if exists category_attribute add constraint FKtbcj7lodjvp041lf10duifga foreign key (attribute_id) references attribute_definition
Hibernate: alter table if exists category_attribute add constraint FKe0pcstwj0x32r32yy4e8impwv foreign key (category_id) references category
Hibernate: alter table if exists customer_order add constraint FKf9abd30bhiqvugayxlpq8ryq9 foreign key (customer_id) references customer
Hibernate: alter table if exists customer_order_line add constraint FK7f1tuv33c0rw55jnr1fetfjfu foreign key (order_id) references customer_order
Hibernate: alter table if exists goods_return add constraint FKo522e7guq07j7jpg8lmbia9xn foreign key (customer_id) references customer
Hibernate: alter table if exists goods_return_line add constraint FK704fdcemmdabxuc1dcw7hu832 foreign key (return_id) references goods_return
Hibernate: alter table if exists inbound_receipt_line add constraint FKqy9cck42h6rk1tohjslwec6ym foreign key (receipt_id) references inbound_receipt
Hibernate: alter table if exists outbound_receipt_line add constraint FKekdsyerx2w909k7ton8jioitn foreign key (receipt_id) references outbound_receipt
Hibernate: alter table if exists payable_debt add constraint FK48x8bhob11y9hrj5a01u3a101 foreign key (supplier_id) references supplier
Hibernate: alter table if exists price_list add constraint FKb1666881oiu3wnri177m27k72 foreign key (branch_id) references branch
Hibernate: alter table if exists price_list add constraint FKhrlnio6qq1rnoreu6tiyoxdwu foreign key (product_id) references product
Hibernate: alter table if exists product add constraint FK1mtsbur82frn64de7balymq9s foreign key (category_id) references category
Hibernate: alter table if exists product_attribute_value add constraint FK58y32y5qv388v4xb7sm5jahou foreign key (attribute_id) references attribute_definition
Hibernate: alter table if exists product_attribute_value add constraint FKejch53yke5ufe6w72yjpnakoi foreign key (product_id) references product
Hibernate: alter table if exists receivable_debt add constraint FKhrwncvyiy5a8gxyddafthsjnk foreign key (customer_id) references customer
Hibernate: alter table if exists role_permission add constraint FKf8yllw1ecvwqy3ehyxawqa1qp foreign key (permission_id) references permission
Hibernate: alter table if exists role_permission add constraint FKa6jx8n8xkesmjmv6jqug6bg68 foreign key (role_id) references role
Hibernate: alter table if exists sales_invoice_line add constraint FK7nemvn7hjylxyq3l9f1pyf5gs foreign key (invoice_id) references sales_invoice
Hibernate: alter table if exists stock_transfer_line add constraint FKrej92xjwak9xakv0ito4ajp3t foreign key (transfer_id) references stock_transfer
Hibernate: alter table if exists supplier_purchase_order add constraint FK9bgslrfgiwgolgf9yay5k983i foreign key (supplier_id) references supplier
Hibernate: alter table if exists supplier_purchase_order_line add constraint FK8phwv2cotdhiqw9vb71nr7mto foreign key (po_id) references supplier_purchase_order
Hibernate: alter table if exists user_branch_role add constraint FKp4m1uf4rachb1w5sdo41joier foreign key (branch_id) references branch
Hibernate: alter table if exists user_branch_role add constraint FKdpjkd8bignt5vjb01tdfycujc foreign key (role_id) references role
Hibernate: alter table if exists user_branch_role add constraint FKdcqxlwymqiiai43rfa5tn3a20 foreign key (user_id) references user_account
2026-08-23T23:37:38.924+07:00  INFO 12916 --- [erp-backend] [           main] j.LocalContainerEntityManagerFactoryBean : Initialized JPA EntityManagerFactory for persistence unit 'default'
2026-08-23T23:37:39.241+07:00  WARN 12916 --- [erp-backend] [           main] JpaBaseConfiguration$JpaWebConfiguration : spring.jpa.open-in-view is enabled by default. Therefore, database queries may be performed during view rendering. Explicitly configure spring.jpa.open-in-view to disable this warning
2026-08-23T23:37:39.257+07:00  INFO 12916 --- [erp-backend] [           main] r$InitializeUserDetailsManagerConfigurer : Global AuthenticationManager configured with UserDetailsService bean with name inMemoryUserDetailsManager
2026-08-23T23:37:39.487+07:00 DEBUG 12916 --- [erp-backend] [           main] c.s.e.c.s.JwtAuthenticationFilter        : Filter 'jwtAuthenticationFilter' configured for use
2026-08-23T23:37:39.487+07:00  INFO 12916 --- [erp-backend] [           main] o.s.b.t.m.w.SpringBootMockServletContext : Initializing Spring TestDispatcherServlet ''
2026-08-23T23:37:39.487+07:00  INFO 12916 --- [erp-backend] [           main] o.s.t.web.servlet.TestDispatcherServlet  : Initializing Servlet ''
2026-08-23T23:37:39.488+07:00  INFO 12916 --- [erp-backend] [           main] o.s.t.web.servlet.TestDispatcherServlet  : Completed initialization in 1 ms
2026-08-23T23:37:39.498+07:00  INFO 12916 --- [erp-backend] [           main] c.s.e.o.i.b.IdempotencyIntegrationTest   : Started IdempotencyIntegrationTest in 1.341 seconds (process running for 20.36)
Hibernate: select ir1_0.id,ir1_0.created_at,ir1_0.idempotency_key,ir1_0.request_hash,ir1_0.response_snapshot from idempotency_record ir1_0
Hibernate: select si1_0.id,si1_0.branch_id,si1_0.confirmed_at,si1_0.confirmed_by,si1_0.created_at,si1_0.created_by,si1_0.customer_id,si1_0.invoice_code,si1_0.is_deleted,si1_0.note,si1_0.payment_method,si1_0.previous_debt,si1_0.remaining_debt,si1_0.status,si1_0.total_amount,si1_0.updated_at,si1_0.updated_by,si1_0.version from sales_invoice si1_0
Hibernate: select soh1_0.id,soh1_0.avg_cost,soh1_0.branch_id,soh1_0.created_at,soh1_0.created_by,soh1_0.is_deleted,soh1_0.product_id,soh1_0.quantity,soh1_0.updated_at,soh1_0.updated_by,soh1_0.version from stock_on_hand soh1_0
Hibernate: select c1_0.id,c1_0.address,c1_0.created_at,c1_0.created_by,c1_0.customer_code,c1_0.customer_type,c1_0.email,c1_0.is_deleted,c1_0.name,c1_0.phone,c1_0.tax_code,c1_0.updated_at,c1_0.updated_by,c1_0.version from customer c1_0
Hibernate: insert into customer (address,created_at,created_by,customer_code,customer_type,email,is_deleted,name,phone,tax_code,updated_at,updated_by,version,id) values (?,?,?,?,?,?,?,?,?,?,?,?,?,?)
Hibernate: insert into stock_on_hand (avg_cost,branch_id,created_at,created_by,is_deleted,product_id,quantity,updated_at,updated_by,version,id) values (?,?,?,?,?,?,?,?,?,?,?)
Hibernate: select soh1_0.id,soh1_0.avg_cost,soh1_0.branch_id,soh1_0.created_at,soh1_0.created_by,soh1_0.is_deleted,soh1_0.product_id,soh1_0.quantity,soh1_0.updated_at,soh1_0.updated_by,soh1_0.version from stock_on_hand soh1_0 where soh1_0.id=?
Hibernate: update stock_on_hand set avg_cost=?,branch_id=?,is_deleted=?,product_id=?,quantity=?,updated_at=?,updated_by=?,version=? where id=? and version=?
Hibernate: select count(*) from customer c1_0 where c1_0.id=?
Hibernate: insert into sales_invoice (branch_id,confirmed_at,confirmed_by,created_at,created_by,customer_id,invoice_code,is_deleted,note,payment_method,previous_debt,remaining_debt,status,total_amount,updated_at,updated_by,version,id) values (?,?,?,?,?,?,?,?,?,?,?,?,?,?,?,?,?,?)
Hibernate: insert into sales_invoice_line (created_at,created_by,invoice_id,is_deleted,line_total,product_id,product_name,quantity,unit_cost,unit_of_measure,unit_price,updated_at,updated_by,version,id) values (?,?,?,?,?,?,?,?,?,?,?,?,?,?,?)
Hibernate: select count(*) from customer c1_0 where c1_0.id=?
Hibernate: insert into sales_invoice (branch_id,confirmed_at,confirmed_by,created_at,created_by,customer_id,invoice_code,is_deleted,note,payment_method,previous_debt,remaining_debt,status,total_amount,updated_at,updated_by,version,id) values (?,?,?,?,?,?,?,?,?,?,?,?,?,?,?,?,?,?)
Hibernate: insert into sales_invoice_line (created_at,created_by,invoice_id,is_deleted,line_total,product_id,product_name,quantity,unit_cost,unit_of_measure,unit_price,updated_at,updated_by,version,id) values (?,?,?,?,?,?,?,?,?,?,?,?,?,?,?)
Hibernate: select ir1_0.id,ir1_0.created_at,ir1_0.idempotency_key,ir1_0.request_hash,ir1_0.response_snapshot from idempotency_record ir1_0 where ir1_0.idempotency_key=?
2026-08-23T23:37:39.598+07:00  INFO 12916 --- [erp-backend] [           main] c.s.erp.common.aop.BranchScopedAspect    : BranchScoped validation for branchId: a59f65ee-3ee8-40ce-9743-715f077d088f
Hibernate: select si1_0.id,si1_0.branch_id,si1_0.confirmed_at,si1_0.confirmed_by,si1_0.created_at,si1_0.created_by,si1_0.customer_id,si1_0.invoice_code,si1_0.is_deleted,si1_0.note,si1_0.payment_method,si1_0.previous_debt,si1_0.remaining_debt,si1_0.status,si1_0.total_amount,si1_0.updated_at,si1_0.updated_by,si1_0.version from sales_invoice si1_0 where si1_0.id=?
Hibernate: select l1_0.invoice_id,l1_0.id,l1_0.created_at,l1_0.created_by,l1_0.is_deleted,l1_0.line_total,l1_0.product_id,l1_0.product_name,l1_0.quantity,l1_0.unit_cost,l1_0.unit_of_measure,l1_0.unit_price,l1_0.updated_at,l1_0.updated_by,l1_0.version from sales_invoice_line l1_0 where l1_0.invoice_id=?
Hibernate: select soh1_0.id,soh1_0.avg_cost,soh1_0.branch_id,soh1_0.created_at,soh1_0.created_by,soh1_0.is_deleted,soh1_0.product_id,soh1_0.quantity,soh1_0.updated_at,soh1_0.updated_by,soh1_0.version from stock_on_hand soh1_0 where soh1_0.product_id=? and soh1_0.branch_id=?
Hibernate: select or1_0.id from outbound_receipt or1_0 where or1_0.receipt_code=? fetch first ? rows only
Hibernate: select soh1_0.id,soh1_0.avg_cost,soh1_0.branch_id,soh1_0.created_at,soh1_0.created_by,soh1_0.is_deleted,soh1_0.product_id,soh1_0.quantity,soh1_0.updated_at,soh1_0.updated_by,soh1_0.version from stock_on_hand soh1_0 where soh1_0.product_id=? and soh1_0.branch_id=?
Hibernate: select rd1_0.id,rd1_0.branch_id,rd1_0.created_at,rd1_0.created_by,rd1_0.customer_id,rd1_0.is_deleted,rd1_0.total_debt,rd1_0.updated_at,rd1_0.updated_by,rd1_0.version from receivable_debt rd1_0 where rd1_0.customer_id=? and rd1_0.branch_id=?
Hibernate: select rd1_0.id,rd1_0.branch_id,rd1_0.created_at,rd1_0.created_by,rd1_0.customer_id,rd1_0.is_deleted,rd1_0.total_debt,rd1_0.updated_at,rd1_0.updated_by,rd1_0.version from receivable_debt rd1_0 where rd1_0.customer_id=? and rd1_0.branch_id=?
Hibernate: select c1_0.id,c1_0.address,c1_0.created_at,c1_0.created_by,c1_0.customer_code,c1_0.customer_type,c1_0.email,c1_0.is_deleted,c1_0.name,c1_0.phone,c1_0.tax_code,c1_0.updated_at,c1_0.updated_by,c1_0.version from customer c1_0 where c1_0.id=?
2026-08-23T23:37:39.617+07:00  INFO 12916 --- [erp-backend] [           main] c.s.e.o.application.SalesInvoiceService  : Invoice INV-8c3db confirmed, totalAmount: 50000.0000, previousDebt: 0, remainingDebt: 50000.0000
Hibernate: insert into outbound_receipt (branch_id,confirmed_at,confirmed_by,created_at,created_by,is_deleted,note,reason,receipt_code,status,updated_at,updated_by,version,id) values (?,?,?,?,?,?,?,?,?,?,?,?,?,?)
Hibernate: insert into outbound_receipt_line (created_at,created_by,is_deleted,product_id,quantity,receipt_id,unit_of_measure,updated_at,updated_by,version,id) values (?,?,?,?,?,?,?,?,?,?,?)
Hibernate: insert into receivable_debt (branch_id,created_at,created_by,customer_id,is_deleted,total_debt,updated_at,updated_by,version,id) values (?,?,?,?,?,?,?,?,?,?)
Hibernate: insert into idempotency_record (created_at,idempotency_key,request_hash,response_snapshot,id) values (?,?,?,?,?)
Hibernate: update sales_invoice set branch_id=?,confirmed_at=?,confirmed_by=?,customer_id=?,invoice_code=?,is_deleted=?,note=?,payment_method=?,previous_debt=?,remaining_debt=?,status=?,total_amount=?,updated_at=?,updated_by=?,version=? where id=? and version=?
Hibernate: update sales_invoice_line set invoice_id=?,is_deleted=?,line_total=?,product_id=?,product_name=?,quantity=?,unit_cost=?,unit_of_measure=?,unit_price=?,updated_at=?,updated_by=?,version=? where id=? and version=?
Hibernate: update stock_on_hand set avg_cost=?,branch_id=?,is_deleted=?,product_id=?,quantity=?,updated_at=?,updated_by=?,version=? where id=? and version=?
Hibernate: update outbound_receipt set branch_id=?,confirmed_at=?,confirmed_by=?,is_deleted=?,note=?,reason=?,receipt_code=?,status=?,updated_at=?,updated_by=?,version=? where id=? and version=?

MockHttpServletRequest:
      HTTP Method = POST
      Request URI = /api/sales-invoices/c876cde7-4dd9-434d-ae5b-aebcec16e25f/confirm
       Parameters = {}
          Headers = [Idempotency-Key:"298e1f58-55c6-46c8-b175-42be03c5102c", Authorization:"Bearer eyJhbGciOiJSUzI1NiJ9.eyJzdWIiOiJ0ZXN0VXNlciIsInJvbGUiOiJBRE1JTiIsImJyYW5jaElkIjoiYTU5ZjY1ZWUtM2VlOC00MGNlLTk3NDMtNzE1ZjA3N2QwODhmIiwidG9rZW5JZCI6IjljNzc5OGU2LTZkZmItNDg1MS1hMzc0LTVkYTUzZDVlNWUxNyIsInR5cGUiOiJhY2Nlc3MiLCJpYXQiOjE3ODc1MDMwNTksImV4cCI6MTc4NzUwNDg1OX0.xd0v2dV9mi1FnWpZm6MyVK5XcFptUF-8bHkEc9Z22Q_TE60wWlEapJQ8DnwUQMPFlCyGbU3-mPpcQf3SM9vHtdI2VXSif5TJO_V00rj_WkW3QbaldwCCM1l4Kjo55j6rTyHrFczRpuRr3A8A8MjxR6YwBMXNbYS18lo-vVCNwshf5iQCAcn43sbOa0qFFsv5ujytUModLxzlFK5kddAKsMmeFTVomMBgX5boyFbvnAysrqZRpLaYd3mZZMRXte7FxXS-boZrgqzt10Uj--dLD6R9CRQ_tKFOWvW3NZgLY4-5jwK0VkgybLJNko1wwpnEteQIwUWVGAaJ9kzNlWhHMw"]
             Body = null
    Session Attrs = {}

Handler:
             Type = com.storename.erp.order.api.SalesInvoiceController
           Method = com.storename.erp.order.api.SalesInvoiceController#confirmInvoice(UUID)

Async:
    Async started = false
     Async result = null

Resolved Exception:
             Type = null

ModelAndView:
        View name = null
             View = null
            Model = null

FlashMap:
       Attributes = null

MockHttpServletResponse:
           Status = 200
    Error message = null
          Headers = [Content-Type:"application/json", X-Content-Type-Options:"nosniff", X-XSS-Protection:"0", Cache-Control:"no-cache, no-store, max-age=0, must-revalidate", Pragma:"no-cache", Expires:"0", X-Frame-Options:"DENY"]
     Content type = application/json
             Body = {"success":true,"data":"c876cde7-4dd9-434d-ae5b-aebcec16e25f","message":"Sales invoice confirmed successfully","errors":null}
    Forwarded URL = null
   Redirected URL = null
          Cookies = []
Hibernate: select ir1_0.id,ir1_0.created_at,ir1_0.idempotency_key,ir1_0.request_hash,ir1_0.response_snapshot from idempotency_record ir1_0 where ir1_0.idempotency_key=?
]]></system-out>
  </testcase>
  <testcase name="testIdempotencySameKeySequential" classname="com.storename.erp.order.integration.branch.IdempotencyIntegrationTest" time="0.077">
    <system-out><![CDATA[Hibernate: select ir1_0.id,ir1_0.created_at,ir1_0.idempotency_key,ir1_0.request_hash,ir1_0.response_snapshot from idempotency_record ir1_0
Hibernate: delete from idempotency_record where id=?
Hibernate: select si1_0.id,si1_0.branch_id,si1_0.confirmed_at,si1_0.confirmed_by,si1_0.created_at,si1_0.created_by,si1_0.customer_id,si1_0.invoice_code,si1_0.is_deleted,si1_0.note,si1_0.payment_method,si1_0.previous_debt,si1_0.remaining_debt,si1_0.status,si1_0.total_amount,si1_0.updated_at,si1_0.updated_by,si1_0.version from sales_invoice si1_0
Hibernate: select l1_0.invoice_id,l1_0.id,l1_0.created_at,l1_0.created_by,l1_0.is_deleted,l1_0.line_total,l1_0.product_id,l1_0.product_name,l1_0.quantity,l1_0.unit_cost,l1_0.unit_of_measure,l1_0.unit_price,l1_0.updated_at,l1_0.updated_by,l1_0.version from sales_invoice_line l1_0 where l1_0.invoice_id=?
Hibernate: select l1_0.invoice_id,l1_0.id,l1_0.created_at,l1_0.created_by,l1_0.is_deleted,l1_0.line_total,l1_0.product_id,l1_0.product_name,l1_0.quantity,l1_0.unit_cost,l1_0.unit_of_measure,l1_0.unit_price,l1_0.updated_at,l1_0.updated_by,l1_0.version from sales_invoice_line l1_0 where l1_0.invoice_id=?
Hibernate: delete from sales_invoice_line where id=? and version=?
Hibernate: delete from sales_invoice where id=? and version=?
Hibernate: delete from sales_invoice_line where id=? and version=?
Hibernate: delete from sales_invoice where id=? and version=?
Hibernate: select soh1_0.id,soh1_0.avg_cost,soh1_0.branch_id,soh1_0.created_at,soh1_0.created_by,soh1_0.is_deleted,soh1_0.product_id,soh1_0.quantity,soh1_0.updated_at,soh1_0.updated_by,soh1_0.version from stock_on_hand soh1_0
Hibernate: delete from stock_on_hand where id=? and version=?
Hibernate: select c1_0.id,c1_0.address,c1_0.created_at,c1_0.created_by,c1_0.customer_code,c1_0.customer_type,c1_0.email,c1_0.is_deleted,c1_0.name,c1_0.phone,c1_0.tax_code,c1_0.updated_at,c1_0.updated_by,c1_0.version from customer c1_0
Hibernate: delete from customer where id=? and version=?
Hibernate: insert into customer (address,created_at,created_by,customer_code,customer_type,email,is_deleted,name,phone,tax_code,updated_at,updated_by,version,id) values (?,?,?,?,?,?,?,?,?,?,?,?,?,?)
Hibernate: insert into stock_on_hand (avg_cost,branch_id,created_at,created_by,is_deleted,product_id,quantity,updated_at,updated_by,version,id) values (?,?,?,?,?,?,?,?,?,?,?)
Hibernate: select soh1_0.id,soh1_0.avg_cost,soh1_0.branch_id,soh1_0.created_at,soh1_0.created_by,soh1_0.is_deleted,soh1_0.product_id,soh1_0.quantity,soh1_0.updated_at,soh1_0.updated_by,soh1_0.version from stock_on_hand soh1_0 where soh1_0.id=?
Hibernate: update stock_on_hand set avg_cost=?,branch_id=?,is_deleted=?,product_id=?,quantity=?,updated_at=?,updated_by=?,version=? where id=? and version=?
Hibernate: select count(*) from customer c1_0 where c1_0.id=?
Hibernate: insert into sales_invoice (branch_id,confirmed_at,confirmed_by,created_at,created_by,customer_id,invoice_code,is_deleted,note,payment_method,previous_debt,remaining_debt,status,total_amount,updated_at,updated_by,version,id) values (?,?,?,?,?,?,?,?,?,?,?,?,?,?,?,?,?,?)
Hibernate: insert into sales_invoice_line (created_at,created_by,invoice_id,is_deleted,line_total,product_id,product_name,quantity,unit_cost,unit_of_measure,unit_price,updated_at,updated_by,version,id) values (?,?,?,?,?,?,?,?,?,?,?,?,?,?,?)
Hibernate: select ir1_0.id,ir1_0.created_at,ir1_0.idempotency_key,ir1_0.request_hash,ir1_0.response_snapshot from idempotency_record ir1_0 where ir1_0.idempotency_key=?
2026-08-23T23:37:39.737+07:00  INFO 12916 --- [erp-backend] [           main] c.s.erp.common.aop.BranchScopedAspect    : BranchScoped validation for branchId: 36d03da3-a68a-48a4-8431-8c7c704699d3
Hibernate: select si1_0.id,si1_0.branch_id,si1_0.confirmed_at,si1_0.confirmed_by,si1_0.created_at,si1_0.created_by,si1_0.customer_id,si1_0.invoice_code,si1_0.is_deleted,si1_0.note,si1_0.payment_method,si1_0.previous_debt,si1_0.remaining_debt,si1_0.status,si1_0.total_amount,si1_0.updated_at,si1_0.updated_by,si1_0.version from sales_invoice si1_0 where si1_0.id=?
Hibernate: select l1_0.invoice_id,l1_0.id,l1_0.created_at,l1_0.created_by,l1_0.is_deleted,l1_0.line_total,l1_0.product_id,l1_0.product_name,l1_0.quantity,l1_0.unit_cost,l1_0.unit_of_measure,l1_0.unit_price,l1_0.updated_at,l1_0.updated_by,l1_0.version from sales_invoice_line l1_0 where l1_0.invoice_id=?
Hibernate: select soh1_0.id,soh1_0.avg_cost,soh1_0.branch_id,soh1_0.created_at,soh1_0.created_by,soh1_0.is_deleted,soh1_0.product_id,soh1_0.quantity,soh1_0.updated_at,soh1_0.updated_by,soh1_0.version from stock_on_hand soh1_0 where soh1_0.product_id=? and soh1_0.branch_id=?
Hibernate: select or1_0.id from outbound_receipt or1_0 where or1_0.receipt_code=? fetch first ? rows only
Hibernate: select soh1_0.id,soh1_0.avg_cost,soh1_0.branch_id,soh1_0.created_at,soh1_0.created_by,soh1_0.is_deleted,soh1_0.product_id,soh1_0.quantity,soh1_0.updated_at,soh1_0.updated_by,soh1_0.version from stock_on_hand soh1_0 where soh1_0.product_id=? and soh1_0.branch_id=?
Hibernate: select rd1_0.id,rd1_0.branch_id,rd1_0.created_at,rd1_0.created_by,rd1_0.customer_id,rd1_0.is_deleted,rd1_0.total_debt,rd1_0.updated_at,rd1_0.updated_by,rd1_0.version from receivable_debt rd1_0 where rd1_0.customer_id=? and rd1_0.branch_id=?
Hibernate: select rd1_0.id,rd1_0.branch_id,rd1_0.created_at,rd1_0.created_by,rd1_0.customer_id,rd1_0.is_deleted,rd1_0.total_debt,rd1_0.updated_at,rd1_0.updated_by,rd1_0.version from receivable_debt rd1_0 where rd1_0.customer_id=? and rd1_0.branch_id=?
Hibernate: select c1_0.id,c1_0.address,c1_0.created_at,c1_0.created_by,c1_0.customer_code,c1_0.customer_type,c1_0.email,c1_0.is_deleted,c1_0.name,c1_0.phone,c1_0.tax_code,c1_0.updated_at,c1_0.updated_by,c1_0.version from customer c1_0 where c1_0.id=?
2026-08-23T23:37:39.751+07:00  INFO 12916 --- [erp-backend] [           main] c.s.e.o.application.SalesInvoiceService  : Invoice INV-943f5 confirmed, totalAmount: 50000.0000, previousDebt: 0, remainingDebt: 50000.0000
Hibernate: insert into outbound_receipt (branch_id,confirmed_at,confirmed_by,created_at,created_by,is_deleted,note,reason,receipt_code,status,updated_at,updated_by,version,id) values (?,?,?,?,?,?,?,?,?,?,?,?,?,?)
Hibernate: insert into outbound_receipt_line (created_at,created_by,is_deleted,product_id,quantity,receipt_id,unit_of_measure,updated_at,updated_by,version,id) values (?,?,?,?,?,?,?,?,?,?,?)
Hibernate: insert into receivable_debt (branch_id,created_at,created_by,customer_id,is_deleted,total_debt,updated_at,updated_by,version,id) values (?,?,?,?,?,?,?,?,?,?)
Hibernate: insert into idempotency_record (created_at,idempotency_key,request_hash,response_snapshot,id) values (?,?,?,?,?)
Hibernate: update sales_invoice set branch_id=?,confirmed_at=?,confirmed_by=?,customer_id=?,invoice_code=?,is_deleted=?,note=?,payment_method=?,previous_debt=?,remaining_debt=?,status=?,total_amount=?,updated_at=?,updated_by=?,version=? where id=? and version=?
Hibernate: update sales_invoice_line set invoice_id=?,is_deleted=?,line_total=?,product_id=?,product_name=?,quantity=?,unit_cost=?,unit_of_measure=?,unit_price=?,updated_at=?,updated_by=?,version=? where id=? and version=?
Hibernate: update stock_on_hand set avg_cost=?,branch_id=?,is_deleted=?,product_id=?,quantity=?,updated_at=?,updated_by=?,version=? where id=? and version=?
Hibernate: update outbound_receipt set branch_id=?,confirmed_at=?,confirmed_by=?,is_deleted=?,note=?,reason=?,receipt_code=?,status=?,updated_at=?,updated_by=?,version=? where id=? and version=?

MockHttpServletRequest:
      HTTP Method = POST
      Request URI = /api/sales-invoices/ff16ea31-0402-4371-8099-b4ec88c325a0/confirm
       Parameters = {}
          Headers = [Idempotency-Key:"fe836b6b-27a8-4caa-b842-15af5da7d88e", Authorization:"Bearer eyJhbGciOiJSUzI1NiJ9.eyJzdWIiOiJ0ZXN0VXNlciIsInJvbGUiOiJBRE1JTiIsImJyYW5jaElkIjoiMzZkMDNkYTMtYTY4YS00OGE0LTg0MzEtOGM3YzcwNDY5OWQzIiwidG9rZW5JZCI6ImZhZTUyMmYzLTcwODQtNDdhNS1iOTRmLTg4NTc0Yzk1YWVlOCIsInR5cGUiOiJhY2Nlc3MiLCJpYXQiOjE3ODc1MDMwNTksImV4cCI6MTc4NzUwNDg1OX0.AI1lsbJWzhKGRDpcPtHVVm_izZJE1HmKcF1r97DfFtU9S_RpIfeJnYzK3I8bnILHHLYi9h1sKX4KKy4zvheJ3LXBuuKvT8uD9AJsZhJHRskAAo2OpbellLpZZkBTJBwUMGpxkK-DlectAB2BY8AXivhgNjG9ko0FcFVluvNLPH90VXMWwWwHHyxTAREKmG1c3-dFr5k083fL3OZrKgP1IZKl5StSZTGIXcR1sbdOyga58onuUeCkcmo46kEyGFmbN_0u1krJuNqf83XsB85ck8hfy9dFKD3C85mYM_bT-f1d2ZTXG989E6o_1_O4nY4IGETRNY-ld0-8fIIBEgPGcg"]
             Body = null
    Session Attrs = {}

Handler:
             Type = com.storename.erp.order.api.SalesInvoiceController
           Method = com.storename.erp.order.api.SalesInvoiceController#confirmInvoice(UUID)

Async:
    Async started = false
     Async result = null

Resolved Exception:
             Type = null

ModelAndView:
        View name = null
             View = null
            Model = null

FlashMap:
       Attributes = null

MockHttpServletResponse:
           Status = 200
    Error message = null
          Headers = [Content-Type:"application/json", X-Content-Type-Options:"nosniff", X-XSS-Protection:"0", Cache-Control:"no-cache, no-store, max-age=0, must-revalidate", Pragma:"no-cache", Expires:"0", X-Frame-Options:"DENY"]
     Content type = application/json
             Body = {"success":true,"data":"ff16ea31-0402-4371-8099-b4ec88c325a0","message":"Sales invoice confirmed successfully","errors":null}
    Forwarded URL = null
   Redirected URL = null
          Cookies = []
Hibernate: select ir1_0.id,ir1_0.created_at,ir1_0.idempotency_key,ir1_0.request_hash,ir1_0.response_snapshot from idempotency_record ir1_0 where ir1_0.idempotency_key=?
2026-08-23T23:37:39.761+07:00  INFO 12916 --- [erp-backend] [           main] c.s.erp.common.aop.IdempotencyAspect     : Idempotency key 'fe836b6b-27a8-4caa-b842-15af5da7d88e' already processed, returning cached response
Hibernate: select count(*) from idempotency_record ir1_0
]]></system-out>
  </testcase>
  <testcase name="testIdempotencyBusinessRollback" classname="com.storename.erp.order.integration.branch.IdempotencyIntegrationTest" time="0.051">
    <system-out><![CDATA[Hibernate: select ir1_0.id,ir1_0.created_at,ir1_0.idempotency_key,ir1_0.request_hash,ir1_0.response_snapshot from idempotency_record ir1_0
Hibernate: delete from idempotency_record where id=?
Hibernate: select si1_0.id,si1_0.branch_id,si1_0.confirmed_at,si1_0.confirmed_by,si1_0.created_at,si1_0.created_by,si1_0.customer_id,si1_0.invoice_code,si1_0.is_deleted,si1_0.note,si1_0.payment_method,si1_0.previous_debt,si1_0.remaining_debt,si1_0.status,si1_0.total_amount,si1_0.updated_at,si1_0.updated_by,si1_0.version from sales_invoice si1_0
Hibernate: select l1_0.invoice_id,l1_0.id,l1_0.created_at,l1_0.created_by,l1_0.is_deleted,l1_0.line_total,l1_0.product_id,l1_0.product_name,l1_0.quantity,l1_0.unit_cost,l1_0.unit_of_measure,l1_0.unit_price,l1_0.updated_at,l1_0.updated_by,l1_0.version from sales_invoice_line l1_0 where l1_0.invoice_id=?
Hibernate: delete from sales_invoice_line where id=? and version=?
Hibernate: delete from sales_invoice where id=? and version=?
Hibernate: select soh1_0.id,soh1_0.avg_cost,soh1_0.branch_id,soh1_0.created_at,soh1_0.created_by,soh1_0.is_deleted,soh1_0.product_id,soh1_0.quantity,soh1_0.updated_at,soh1_0.updated_by,soh1_0.version from stock_on_hand soh1_0
Hibernate: delete from stock_on_hand where id=? and version=?
Hibernate: select c1_0.id,c1_0.address,c1_0.created_at,c1_0.created_by,c1_0.customer_code,c1_0.customer_type,c1_0.email,c1_0.is_deleted,c1_0.name,c1_0.phone,c1_0.tax_code,c1_0.updated_at,c1_0.updated_by,c1_0.version from customer c1_0
Hibernate: delete from customer where id=? and version=?
Hibernate: insert into customer (address,created_at,created_by,customer_code,customer_type,email,is_deleted,name,phone,tax_code,updated_at,updated_by,version,id) values (?,?,?,?,?,?,?,?,?,?,?,?,?,?)
Hibernate: insert into stock_on_hand (avg_cost,branch_id,created_at,created_by,is_deleted,product_id,quantity,updated_at,updated_by,version,id) values (?,?,?,?,?,?,?,?,?,?,?)
Hibernate: select soh1_0.id,soh1_0.avg_cost,soh1_0.branch_id,soh1_0.created_at,soh1_0.created_by,soh1_0.is_deleted,soh1_0.product_id,soh1_0.quantity,soh1_0.updated_at,soh1_0.updated_by,soh1_0.version from stock_on_hand soh1_0 where soh1_0.id=?
Hibernate: update stock_on_hand set avg_cost=?,branch_id=?,is_deleted=?,product_id=?,quantity=?,updated_at=?,updated_by=?,version=? where id=? and version=?
Hibernate: select count(*) from customer c1_0 where c1_0.id=?
Hibernate: insert into sales_invoice (branch_id,confirmed_at,confirmed_by,created_at,created_by,customer_id,invoice_code,is_deleted,note,payment_method,previous_debt,remaining_debt,status,total_amount,updated_at,updated_by,version,id) values (?,?,?,?,?,?,?,?,?,?,?,?,?,?,?,?,?,?)
Hibernate: insert into sales_invoice_line (created_at,created_by,invoice_id,is_deleted,line_total,product_id,product_name,quantity,unit_cost,unit_of_measure,unit_price,updated_at,updated_by,version,id) values (?,?,?,?,?,?,?,?,?,?,?,?,?,?,?)
Hibernate: select si1_0.id,si1_0.branch_id,si1_0.confirmed_at,si1_0.confirmed_by,si1_0.created_at,si1_0.created_by,si1_0.customer_id,si1_0.invoice_code,si1_0.is_deleted,si1_0.note,si1_0.payment_method,si1_0.previous_debt,si1_0.remaining_debt,si1_0.status,si1_0.total_amount,si1_0.updated_at,si1_0.updated_by,si1_0.version from sales_invoice si1_0 where si1_0.id=?
Hibernate: select si1_0.id,si1_0.branch_id,si1_0.confirmed_at,si1_0.confirmed_by,si1_0.created_at,si1_0.created_by,si1_0.customer_id,si1_0.invoice_code,si1_0.is_deleted,si1_0.note,si1_0.payment_method,si1_0.previous_debt,si1_0.remaining_debt,si1_0.status,si1_0.total_amount,si1_0.updated_at,si1_0.updated_by,si1_0.version,l1_0.invoice_id,l1_0.id,l1_0.created_at,l1_0.created_by,l1_0.is_deleted,l1_0.line_total,l1_0.product_id,l1_0.product_name,l1_0.quantity,l1_0.unit_cost,l1_0.unit_of_measure,l1_0.unit_price,l1_0.updated_at,l1_0.updated_by,l1_0.version from sales_invoice si1_0 left join sales_invoice_line l1_0 on si1_0.id=l1_0.invoice_id where si1_0.id=?
Hibernate: update sales_invoice set branch_id=?,confirmed_at=?,confirmed_by=?,customer_id=?,invoice_code=?,is_deleted=?,note=?,payment_method=?,previous_debt=?,remaining_debt=?,status=?,total_amount=?,updated_at=?,updated_by=?,version=? where id=? and version=?
Hibernate: select ir1_0.id,ir1_0.created_at,ir1_0.idempotency_key,ir1_0.request_hash,ir1_0.response_snapshot from idempotency_record ir1_0 where ir1_0.idempotency_key=?
2026-08-23T23:37:39.815+07:00  INFO 12916 --- [erp-backend] [           main] c.s.erp.common.aop.BranchScopedAspect    : BranchScoped validation for branchId: 03fdb587-feea-4d2f-b310-280be4549264
Hibernate: select si1_0.id,si1_0.branch_id,si1_0.confirmed_at,si1_0.confirmed_by,si1_0.created_at,si1_0.created_by,si1_0.customer_id,si1_0.invoice_code,si1_0.is_deleted,si1_0.note,si1_0.payment_method,si1_0.previous_debt,si1_0.remaining_debt,si1_0.status,si1_0.total_amount,si1_0.updated_at,si1_0.updated_by,si1_0.version from sales_invoice si1_0 where si1_0.id=?
2026-08-23T23:37:39.817+07:00 ERROR 12916 --- [erp-backend] [           main] c.s.e.c.s.JwtAuthenticationFilter        : Could not set user authentication in security context

jakarta.servlet.ServletException: Request processing failed: java.lang.IllegalStateException: Invoice is not DRAFT
	at org.springframework.web.servlet.FrameworkServlet.processRequest(FrameworkServlet.java:1022) ~[spring-webmvc-6.2.0.jar:6.2.0]
	at org.springframework.web.servlet.FrameworkServlet.doPost(FrameworkServlet.java:914) ~[spring-webmvc-6.2.0.jar:6.2.0]
	at jakarta.servlet.http.HttpServlet.service(HttpServlet.java:590) ~[tomcat-embed-core-10.1.33.jar:6.0]
	at org.springframework.web.servlet.FrameworkServlet.service(FrameworkServlet.java:885) ~[spring-webmvc-6.2.0.jar:6.2.0]
	at org.springframework.test.web.servlet.TestDispatcherServlet.service(TestDispatcherServlet.java:72) ~[spring-test-6.2.0.jar:6.2.0]
	at jakarta.servlet.http.HttpServlet.service(HttpServlet.java:658) ~[tomcat-embed-core-10.1.33.jar:6.0]
	at org.springframework.mock.web.MockFilterChain$ServletFilterProxy.doFilter(MockFilterChain.java:165) ~[spring-test-6.2.0.jar:6.2.0]
	at org.springframework.mock.web.MockFilterChain.doFilter(MockFilterChain.java:132) ~[spring-test-6.2.0.jar:6.2.0]
	at org.springframework.web.filter.OncePerRequestFilter.doFilter(OncePerRequestFilter.java:110) ~[spring-web-6.2.0.jar:6.2.0]
	at org.springframework.test.web.servlet.setup.MockMvcFilterDecorator.doFilter(MockMvcFilterDecorator.java:162) ~[spring-test-6.2.0.jar:6.2.0]
	at org.springframework.mock.web.MockFilterChain.doFilter(MockFilterChain.java:132) ~[spring-test-6.2.0.jar:6.2.0]
	at org.springframework.web.filter.CompositeFilter$VirtualFilterChain.doFilter(CompositeFilter.java:108) ~[spring-web-6.2.0.jar:6.2.0]
	at org.springframework.security.web.FilterChainProxy.lambda$doFilterInternal$3(FilterChainProxy.java:231) ~[spring-security-web-6.4.1.jar:6.4.1]
	at org.springframework.security.web.FilterChainProxy$VirtualFilterChain.doFilter(FilterChainProxy.java:365) ~[spring-security-web-6.4.1.jar:6.4.1]
	at org.springframework.security.web.access.intercept.AuthorizationFilter.doFilter(AuthorizationFilter.java:101) ~[spring-security-web-6.4.1.jar:6.4.1]
	at org.springframework.security.web.FilterChainProxy$VirtualFilterChain.doFilter(FilterChainProxy.java:374) ~[spring-security-web-6.4.1.jar:6.4.1]
	at org.springframework.security.web.access.ExceptionTranslationFilter.doFilter(ExceptionTranslationFilter.java:126) ~[spring-security-web-6.4.1.jar:6.4.1]
	at org.springframework.security.web.access.ExceptionTranslationFilter.doFilter(ExceptionTranslationFilter.java:120) ~[spring-security-web-6.4.1.jar:6.4.1]
	at org.springframework.security.web.FilterChainProxy$VirtualFilterChain.doFilter(FilterChainProxy.java:374) ~[spring-security-web-6.4.1.jar:6.4.1]
	at org.springframework.security.web.session.SessionManagementFilter.doFilter(SessionManagementFilter.java:131) ~[spring-security-web-6.4.1.jar:6.4.1]
	at org.springframework.security.web.session.SessionManagementFilter.doFilter(SessionManagementFilter.java:85) ~[spring-security-web-6.4.1.jar:6.4.1]
	at org.springframework.security.web.FilterChainProxy$VirtualFilterChain.doFilter(FilterChainProxy.java:374) ~[spring-security-web-6.4.1.jar:6.4.1]
	at org.springframework.security.web.authentication.AnonymousAuthenticationFilter.doFilter(AnonymousAuthenticationFilter.java:100) ~[spring-security-web-6.4.1.jar:6.4.1]
	at org.springframework.security.web.FilterChainProxy$VirtualFilterChain.doFilter(FilterChainProxy.java:374) ~[spring-security-web-6.4.1.jar:6.4.1]
	at org.springframework.security.web.servletapi.SecurityContextHolderAwareRequestFilter.doFilter(SecurityContextHolderAwareRequestFilter.java:179) ~[spring-security-web-6.4.1.jar:6.4.1]
	at org.springframework.security.web.FilterChainProxy$VirtualFilterChain.doFilter(FilterChainProxy.java:374) ~[spring-security-web-6.4.1.jar:6.4.1]
	at org.springframework.security.web.savedrequest.RequestCacheAwareFilter.doFilter(RequestCacheAwareFilter.java:63) ~[spring-security-web-6.4.1.jar:6.4.1]
	at org.springframework.security.web.FilterChainProxy$VirtualFilterChain.doFilter(FilterChainProxy.java:374) ~[spring-security-web-6.4.1.jar:6.4.1]
	at com.storename.erp.common.security.JwtAuthenticationFilter.doFilterInternal(JwtAuthenticationFilter.java:59) ~[classes/:na]
	at org.springframework.web.filter.OncePerRequestFilter.doFilter(OncePerRequestFilter.java:116) ~[spring-web-6.2.0.jar:6.2.0]
	at org.springframework.security.web.FilterChainProxy$VirtualFilterChain.doFilter(FilterChainProxy.java:374) ~[spring-security-web-6.4.1.jar:6.4.1]
	at org.springframework.security.web.authentication.logout.LogoutFilter.doFilter(LogoutFilter.java:107) ~[spring-security-web-6.4.1.jar:6.4.1]
	at org.springframework.security.web.authentication.logout.LogoutFilter.doFilter(LogoutFilter.java:93) ~[spring-security-web-6.4.1.jar:6.4.1]
	at org.springframework.security.web.FilterChainProxy$VirtualFilterChain.doFilter(FilterChainProxy.java:374) ~[spring-security-web-6.4.1.jar:6.4.1]
	at org.springframework.security.web.header.HeaderWriterFilter.doHeadersAfter(HeaderWriterFilter.java:90) ~[spring-security-web-6.4.1.jar:6.4.1]
	at org.springframework.security.web.header.HeaderWriterFilter.doFilterInternal(HeaderWriterFilter.java:75) ~[spring-security-web-6.4.1.jar:6.4.1]
	at org.springframework.web.filter.OncePerRequestFilter.doFilter(OncePerRequestFilter.java:116) ~[spring-web-6.2.0.jar:6.2.0]
	at org.springframework.security.web.FilterChainProxy$VirtualFilterChain.doFilter(FilterChainProxy.java:374) ~[spring-security-web-6.4.1.jar:6.4.1]
	at org.springframework.security.web.context.SecurityContextHolderFilter.doFilter(SecurityContextHolderFilter.java:82) ~[spring-security-web-6.4.1.jar:6.4.1]
	at org.springframework.security.web.context.SecurityContextHolderFilter.doFilter(SecurityContextHolderFilter.java:69) ~[spring-security-web-6.4.1.jar:6.4.1]
	at org.springframework.security.web.FilterChainProxy$VirtualFilterChain.doFilter(FilterChainProxy.java:374) ~[spring-security-web-6.4.1.jar:6.4.1]
	at org.springframework.security.web.context.request.async.WebAsyncManagerIntegrationFilter.doFilterInternal(WebAsyncManagerIntegrationFilter.java:62) ~[spring-security-web-6.4.1.jar:6.4.1]
	at org.springframework.web.filter.OncePerRequestFilter.doFilter(OncePerRequestFilter.java:116) ~[spring-web-6.2.0.jar:6.2.0]
	at org.springframework.security.web.FilterChainProxy$VirtualFilterChain.doFilter(FilterChainProxy.java:374) ~[spring-security-web-6.4.1.jar:6.4.1]
	at org.springframework.security.web.session.DisableEncodeUrlFilter.doFilterInternal(DisableEncodeUrlFilter.java:42) ~[spring-security-web-6.4.1.jar:6.4.1]
	at org.springframework.web.filter.OncePerRequestFilter.doFilter(OncePerRequestFilter.java:116) ~[spring-web-6.2.0.jar:6.2.0]
	at org.springframework.security.web.FilterChainProxy$VirtualFilterChain.doFilter(FilterChainProxy.java:374) ~[spring-security-web-6.4.1.jar:6.4.1]
	at org.springframework.security.web.FilterChainProxy.doFilterInternal(FilterChainProxy.java:233) ~[spring-security-web-6.4.1.jar:6.4.1]
	at org.springframework.security.web.FilterChainProxy.doFilter(FilterChainProxy.java:191) ~[spring-security-web-6.4.1.jar:6.4.1]
	at org.springframework.web.filter.CompositeFilter$VirtualFilterChain.doFilter(CompositeFilter.java:113) ~[spring-web-6.2.0.jar:6.2.0]
	at org.springframework.web.servlet.handler.HandlerMappingIntrospector.lambda$createCacheFilter$3(HandlerMappingIntrospector.java:243) ~[spring-webmvc-6.2.0.jar:6.2.0]
	at org.springframework.web.filter.CompositeFilter$VirtualFilterChain.doFilter(CompositeFilter.java:113) ~[spring-web-6.2.0.jar:6.2.0]
	at org.springframework.web.filter.CompositeFilter.doFilter(CompositeFilter.java:74) ~[spring-web-6.2.0.jar:6.2.0]
	at org.springframework.security.config.annotation.web.configuration.WebMvcSecurityConfiguration$CompositeFilterChainProxy.doFilter(WebMvcSecurityConfiguration.java:238) ~[spring-security-config-6.4.1.jar:6.4.1]
	at org.springframework.web.filter.DelegatingFilterProxy.invokeDelegate(DelegatingFilterProxy.java:362) ~[spring-web-6.2.0.jar:6.2.0]
	at org.springframework.web.filter.DelegatingFilterProxy.doFilter(DelegatingFilterProxy.java:278) ~[spring-web-6.2.0.jar:6.2.0]
	at org.springframework.test.web.servlet.setup.MockMvcFilterDecorator.doFilter(MockMvcFilterDecorator.java:162) ~[spring-test-6.2.0.jar:6.2.0]
	at org.springframework.mock.web.MockFilterChain.doFilter(MockFilterChain.java:132) ~[spring-test-6.2.0.jar:6.2.0]
	at org.springframework.web.filter.RequestContextFilter.doFilterInternal(RequestContextFilter.java:100) ~[spring-web-6.2.0.jar:6.2.0]
	at org.springframework.web.filter.OncePerRequestFilter.doFilter(OncePerRequestFilter.java:116) ~[spring-web-6.2.0.jar:6.2.0]
	at org.springframework.test.web.servlet.setup.MockMvcFilterDecorator.doFilter(MockMvcFilterDecorator.java:162) ~[spring-test-6.2.0.jar:6.2.0]
	at org.springframework.mock.web.MockFilterChain.doFilter(MockFilterChain.java:132) ~[spring-test-6.2.0.jar:6.2.0]
	at org.springframework.web.filter.FormContentFilter.doFilterInternal(FormContentFilter.java:93) ~[spring-web-6.2.0.jar:6.2.0]
	at org.springframework.web.filter.OncePerRequestFilter.doFilter(OncePerRequestFilter.java:116) ~[spring-web-6.2.0.jar:6.2.0]
	at org.springframework.test.web.servlet.setup.MockMvcFilterDecorator.doFilter(MockMvcFilterDecorator.java:162) ~[spring-test-6.2.0.jar:6.2.0]
	at org.springframework.mock.web.MockFilterChain.doFilter(MockFilterChain.java:132) ~[spring-test-6.2.0.jar:6.2.0]
	at org.springframework.web.filter.CharacterEncodingFilter.doFilterInternal(CharacterEncodingFilter.java:201) ~[spring-web-6.2.0.jar:6.2.0]
	at org.springframework.web.filter.OncePerRequestFilter.doFilter(OncePerRequestFilter.java:116) ~[spring-web-6.2.0.jar:6.2.0]
	at org.springframework.test.web.servlet.setup.MockMvcFilterDecorator.doFilter(MockMvcFilterDecorator.java:162) ~[spring-test-6.2.0.jar:6.2.0]
	at org.springframework.mock.web.MockFilterChain.doFilter(MockFilterChain.java:132) ~[spring-test-6.2.0.jar:6.2.0]
	at org.springframework.test.web.servlet.MockMvc.perform(MockMvc.java:201) ~[spring-test-6.2.0.jar:6.2.0]
	at com.storename.erp.order.integration.branch.IdempotencyIntegrationTest.testIdempotencyBusinessRollback(IdempotencyIntegrationTest.java:188) ~[test-classes/:na]
	at java.base/jdk.internal.reflect.DirectMethodHandleAccessor.invoke(DirectMethodHandleAccessor.java:103) ~[na:na]
	at java.base/java.lang.reflect.Method.invoke(Method.java:580) ~[na:na]
	at org.junit.platform.commons.util.ReflectionUtils.invokeMethod(ReflectionUtils.java:767) ~[junit-platform-commons-1.11.3.jar:1.11.3]
	at org.junit.jupiter.engine.execution.MethodInvocation.proceed(MethodInvocation.java:60) ~[junit-jupiter-engine-5.11.3.jar:5.11.3]
	at org.junit.jupiter.engine.execution.InvocationInterceptorChain$ValidatingInvocation.proceed(InvocationInterceptorChain.java:131) ~[junit-jupiter-engine-5.11.3.jar:5.11.3]
	at org.junit.jupiter.engine.extension.TimeoutExtension.intercept(TimeoutExtension.java:156) ~[junit-jupiter-engine-5.11.3.jar:5.11.3]
	at org.junit.jupiter.engine.extension.TimeoutExtension.interceptTestableMethod(TimeoutExtension.java:147) ~[junit-jupiter-engine-5.11.3.jar:5.11.3]
	at org.junit.jupiter.engine.extension.TimeoutExtension.interceptTestMethod(TimeoutExtension.java:86) ~[junit-jupiter-engine-5.11.3.jar:5.11.3]
	at org.junit.jupiter.engine.execution.InterceptingExecutableInvoker$ReflectiveInterceptorCall.lambda$ofVoidMethod$0(InterceptingExecutableInvoker.java:103) ~[junit-jupiter-engine-5.11.3.jar:5.11.3]
	at org.junit.jupiter.engine.execution.InterceptingExecutableInvoker.lambda$invoke$0(InterceptingExecutableInvoker.java:93) ~[junit-jupiter-engine-5.11.3.jar:5.11.3]
	at org.junit.jupiter.engine.execution.InvocationInterceptorChain$InterceptedInvocation.proceed(InvocationInterceptorChain.java:106) ~[junit-jupiter-engine-5.11.3.jar:5.11.3]
	at org.junit.jupiter.engine.execution.InvocationInterceptorChain.proceed(InvocationInterceptorChain.java:64) ~[junit-jupiter-engine-5.11.3.jar:5.11.3]
	at org.junit.jupiter.engine.execution.InvocationInterceptorChain.chainAndInvoke(InvocationInterceptorChain.java:45) ~[junit-jupiter-engine-5.11.3.jar:5.11.3]
	at org.junit.jupiter.engine.execution.InvocationInterceptorChain.invoke(InvocationInterceptorChain.java:37) ~[junit-jupiter-engine-5.11.3.jar:5.11.3]
	at org.junit.jupiter.engine.execution.InterceptingExecutableInvoker.invoke(InterceptingExecutableInvoker.java:92) ~[junit-jupiter-engine-5.11.3.jar:5.11.3]
	at org.junit.jupiter.engine.execution.InterceptingExecutableInvoker.invoke(InterceptingExecutableInvoker.java:86) ~[junit-jupiter-engine-5.11.3.jar:5.11.3]
	at org.junit.jupiter.engine.descriptor.TestMethodTestDescriptor.lambda$invokeTestMethod$8(TestMethodTestDescriptor.java:217) ~[junit-jupiter-engine-5.11.3.jar:5.11.3]
	at org.junit.platform.engine.support.hierarchical.ThrowableCollector.execute(ThrowableCollector.java:73) ~[junit-platform-engine-1.11.3.jar:1.11.3]
	at org.junit.jupiter.engine.descriptor.TestMethodTestDescriptor.invokeTestMethod(TestMethodTestDescriptor.java:213) ~[junit-jupiter-engine-5.11.3.jar:5.11.3]
	at org.junit.jupiter.engine.descriptor.TestMethodTestDescriptor.execute(TestMethodTestDescriptor.java:138) ~[junit-jupiter-engine-5.11.3.jar:5.11.3]
	at org.junit.jupiter.engine.descriptor.TestMethodTestDescriptor.execute(TestMethodTestDescriptor.java:68) ~[junit-jupiter-engine-5.11.3.jar:5.11.3]
	at org.junit.platform.engine.support.hierarchical.NodeTestTask.lambda$executeRecursively$6(NodeTestTask.java:156) ~[junit-platform-engine-1.11.3.jar:1.11.3]
	at org.junit.platform.engine.support.hierarchical.ThrowableCollector.execute(ThrowableCollector.java:73) ~[junit-platform-engine-1.11.3.jar:1.11.3]
	at org.junit.platform.engine.support.hierarchical.NodeTestTask.lambda$executeRecursively$8(NodeTestTask.java:146) ~[junit-platform-engine-1.11.3.jar:1.11.3]
	at org.junit.platform.engine.support.hierarchical.Node.around(Node.java:137) ~[junit-platform-engine-1.11.3.jar:1.11.3]
	at org.junit.platform.engine.support.hierarchical.NodeTestTask.lambda$executeRecursively$9(NodeTestTask.java:144) ~[junit-platform-engine-1.11.3.jar:1.11.3]
	at org.junit.platform.engine.support.hierarchical.ThrowableCollector.execute(ThrowableCollector.java:73) ~[junit-platform-engine-1.11.3.jar:1.11.3]
	at org.junit.platform.engine.support.hierarchical.NodeTestTask.executeRecursively(NodeTestTask.java:143) ~[junit-platform-engine-1.11.3.jar:1.11.3]
	at org.junit.platform.engine.support.hierarchical.NodeTestTask.execute(NodeTestTask.java:100) ~[junit-platform-engine-1.11.3.jar:1.11.3]
	at java.base/java.util.ArrayList.forEach(ArrayList.java:1596) ~[na:na]
	at org.junit.platform.engine.support.hierarchical.SameThreadHierarchicalTestExecutorService.invokeAll(SameThreadHierarchicalTestExecutorService.java:41) ~[junit-platform-engine-1.11.3.jar:1.11.3]
	at org.junit.platform.engine.support.hierarchical.NodeTestTask.lambda$executeRecursively$6(NodeTestTask.java:160) ~[junit-platform-engine-1.11.3.jar:1.11.3]
	at org.junit.platform.engine.support.hierarchical.ThrowableCollector.execute(ThrowableCollector.java:73) ~[junit-platform-engine-1.11.3.jar:1.11.3]
	at org.junit.platform.engine.support.hierarchical.NodeTestTask.lambda$executeRecursively$8(NodeTestTask.java:146) ~[junit-platform-engine-1.11.3.jar:1.11.3]
	at org.junit.platform.engine.support.hierarchical.Node.around(Node.java:137) ~[junit-platform-engine-1.11.3.jar:1.11.3]
	at org.junit.platform.engine.support.hierarchical.NodeTestTask.lambda$executeRecursively$9(NodeTestTask.java:144) ~[junit-platform-engine-1.11.3.jar:1.11.3]
	at org.junit.platform.engine.support.hierarchical.ThrowableCollector.execute(ThrowableCollector.java:73) ~[junit-platform-engine-1.11.3.jar:1.11.3]
	at org.junit.platform.engine.support.hierarchical.NodeTestTask.executeRecursively(NodeTestTask.java:143) ~[junit-platform-engine-1.11.3.jar:1.11.3]
	at org.junit.platform.engine.support.hierarchical.NodeTestTask.execute(NodeTestTask.java:100) ~[junit-platform-engine-1.11.3.jar:1.11.3]
	at java.base/java.util.ArrayList.forEach(ArrayList.java:1596) ~[na:na]
	at org.junit.platform.engine.support.hierarchical.SameThreadHierarchicalTestExecutorService.invokeAll(SameThreadHierarchicalTestExecutorService.java:41) ~[junit-platform-engine-1.11.3.jar:1.11.3]
	at org.junit.platform.engine.support.hierarchical.NodeTestTask.lambda$executeRecursively$6(NodeTestTask.java:160) ~[junit-platform-engine-1.11.3.jar:1.11.3]
	at org.junit.platform.engine.support.hierarchical.ThrowableCollector.execute(ThrowableCollector.java:73) ~[junit-platform-engine-1.11.3.jar:1.11.3]
	at org.junit.platform.engine.support.hierarchical.NodeTestTask.lambda$executeRecursively$8(NodeTestTask.java:146) ~[junit-platform-engine-1.11.3.jar:1.11.3]
	at org.junit.platform.engine.support.hierarchical.Node.around(Node.java:137) ~[junit-platform-engine-1.11.3.jar:1.11.3]
	at org.junit.platform.engine.support.hierarchical.NodeTestTask.lambda$executeRecursively$9(NodeTestTask.java:144) ~[junit-platform-engine-1.11.3.jar:1.11.3]
	at org.junit.platform.engine.support.hierarchical.ThrowableCollector.execute(ThrowableCollector.java:73) ~[junit-platform-engine-1.11.3.jar:1.11.3]
	at org.junit.platform.engine.support.hierarchical.NodeTestTask.executeRecursively(NodeTestTask.java:143) ~[junit-platform-engine-1.11.3.jar:1.11.3]
	at org.junit.platform.engine.support.hierarchical.NodeTestTask.execute(NodeTestTask.java:100) ~[junit-platform-engine-1.11.3.jar:1.11.3]
	at org.junit.platform.engine.support.hierarchical.SameThreadHierarchicalTestExecutorService.submit(SameThreadHierarchicalTestExecutorService.java:35) ~[junit-platform-engine-1.11.3.jar:1.11.3]
	at org.junit.platform.engine.support.hierarchical.HierarchicalTestExecutor.execute(HierarchicalTestExecutor.java:57) ~[junit-platform-engine-1.11.3.jar:1.11.3]
	at org.junit.platform.engine.support.hierarchical.HierarchicalTestEngine.execute(HierarchicalTestEngine.java:54) ~[junit-platform-engine-1.11.3.jar:1.11.3]
	at org.junit.platform.launcher.core.EngineExecutionOrchestrator.execute(EngineExecutionOrchestrator.java:198) ~[junit-platform-launcher-1.11.3.jar:1.11.3]
	at org.junit.platform.launcher.core.EngineExecutionOrchestrator.execute(EngineExecutionOrchestrator.java:169) ~[junit-platform-launcher-1.11.3.jar:1.11.3]
	at org.junit.platform.launcher.core.EngineExecutionOrchestrator.execute(EngineExecutionOrchestrator.java:93) ~[junit-platform-launcher-1.11.3.jar:1.11.3]
	at org.junit.platform.launcher.core.EngineExecutionOrchestrator.lambda$execute$0(EngineExecutionOrchestrator.java:58) ~[junit-platform-launcher-1.11.3.jar:1.11.3]
	at org.junit.platform.launcher.core.EngineExecutionOrchestrator.withInterceptedStreams(EngineExecutionOrchestrator.java:141) ~[junit-platform-launcher-1.11.3.jar:1.11.3]
	at org.junit.platform.launcher.core.EngineExecutionOrchestrator.execute(EngineExecutionOrchestrator.java:57) ~[junit-platform-launcher-1.11.3.jar:1.11.3]
	at org.junit.platform.launcher.core.DefaultLauncher.execute(DefaultLauncher.java:103) ~[junit-platform-launcher-1.11.3.jar:1.11.3]
	at org.junit.platform.launcher.core.DefaultLauncher.execute(DefaultLauncher.java:85) ~[junit-platform-launcher-1.11.3.jar:1.11.3]
	at org.junit.platform.launcher.core.DelegatingLauncher.execute(DelegatingLauncher.java:47) ~[junit-platform-launcher-1.11.3.jar:1.11.3]
	at org.apache.maven.surefire.junitplatform.LazyLauncher.execute(LazyLauncher.java:56) ~[surefire-junit-platform-3.5.2.jar:3.5.2]
	at org.apache.maven.surefire.junitplatform.JUnitPlatformProvider.execute(JUnitPlatformProvider.java:184) ~[surefire-junit-platform-3.5.2.jar:3.5.2]
	at org.apache.maven.surefire.junitplatform.JUnitPlatformProvider.invokeAllTests(JUnitPlatformProvider.java:148) ~[surefire-junit-platform-3.5.2.jar:3.5.2]
	at org.apache.maven.surefire.junitplatform.JUnitPlatformProvider.invoke(JUnitPlatformProvider.java:122) ~[surefire-junit-platform-3.5.2.jar:3.5.2]
	at org.apache.maven.surefire.booter.ForkedBooter.runSuitesInProcess(ForkedBooter.java:385) ~[surefire-booter-3.5.2.jar:3.5.2]
	at org.apache.maven.surefire.booter.ForkedBooter.execute(ForkedBooter.java:162) ~[surefire-booter-3.5.2.jar:3.5.2]
	at org.apache.maven.surefire.booter.ForkedBooter.run(ForkedBooter.java:507) ~[surefire-booter-3.5.2.jar:3.5.2]
	at org.apache.maven.surefire.booter.ForkedBooter.main(ForkedBooter.java:495) ~[surefire-booter-3.5.2.jar:3.5.2]
Caused by: java.lang.IllegalStateException: Invoice is not DRAFT
	at com.storename.erp.order.application.SalesInvoiceService.confirmInvoice(SalesInvoiceService.java:113) ~[classes/:na]
	at java.base/jdk.internal.reflect.DirectMethodHandleAccessor.invoke(DirectMethodHandleAccessor.java:103) ~[na:na]
	at java.base/java.lang.reflect.Method.invoke(Method.java:580) ~[na:na]
	at org.springframework.aop.support.AopUtils.invokeJoinpointUsingReflection(AopUtils.java:359) ~[spring-aop-6.2.0.jar:6.2.0]
	at org.springframework.aop.framework.ReflectiveMethodInvocation.invokeJoinpoint(ReflectiveMethodInvocation.java:196) ~[spring-aop-6.2.0.jar:6.2.0]
	at org.springframework.aop.framework.ReflectiveMethodInvocation.proceed(ReflectiveMethodInvocation.java:163) ~[spring-aop-6.2.0.jar:6.2.0]
	at org.springframework.transaction.interceptor.TransactionAspectSupport.invokeWithinTransaction(TransactionAspectSupport.java:380) ~[spring-tx-6.2.0.jar:6.2.0]
	at org.springframework.transaction.interceptor.TransactionInterceptor.invoke(TransactionInterceptor.java:119) ~[spring-tx-6.2.0.jar:6.2.0]
	at org.springframework.aop.framework.ReflectiveMethodInvocation.proceed(ReflectiveMethodInvocation.java:184) ~[spring-aop-6.2.0.jar:6.2.0]
	at org.springframework.retry.interceptor.RetryOperationsInterceptor$1.doWithRetry(RetryOperationsInterceptor.java:114) ~[spring-retry-2.0.10.jar:na]
	at org.springframework.retry.support.RetryTemplate.doExecute(RetryTemplate.java:357) ~[spring-retry-2.0.10.jar:na]
	at org.springframework.retry.support.RetryTemplate.execute(RetryTemplate.java:246) ~[spring-retry-2.0.10.jar:na]
	at org.springframework.retry.interceptor.RetryOperationsInterceptor.invoke(RetryOperationsInterceptor.java:135) ~[spring-retry-2.0.10.jar:na]
	at org.springframework.retry.annotation.AnnotationAwareRetryOperationsInterceptor.invoke(AnnotationAwareRetryOperationsInterceptor.java:162) ~[spring-retry-2.0.10.jar:na]
	at org.springframework.aop.framework.ReflectiveMethodInvocation.proceed(ReflectiveMethodInvocation.java:184) ~[spring-aop-6.2.0.jar:6.2.0]
	at org.springframework.aop.framework.CglibAopProxy$DynamicAdvisedInterceptor.intercept(CglibAopProxy.java:727) ~[spring-aop-6.2.0.jar:6.2.0]
	at com.storename.erp.order.application.SalesInvoiceService$$SpringCGLIB$$0.confirmInvoice(<generated>) ~[classes/:na]
	at com.storename.erp.order.api.SalesInvoiceController.confirmInvoice(SalesInvoiceController.java:62) ~[classes/:na]
	at java.base/jdk.internal.reflect.DirectMethodHandleAccessor.invoke(DirectMethodHandleAccessor.java:103) ~[na:na]
	at java.base/java.lang.reflect.Method.invoke(Method.java:580) ~[na:na]
	at org.springframework.aop.support.AopUtils.invokeJoinpointUsingReflection(AopUtils.java:359) ~[spring-aop-6.2.0.jar:6.2.0]
	at org.springframework.aop.framework.ReflectiveMethodInvocation.invokeJoinpoint(ReflectiveMethodInvocation.java:196) ~[spring-aop-6.2.0.jar:6.2.0]
	at org.springframework.aop.framework.ReflectiveMethodInvocation.proceed(ReflectiveMethodInvocation.java:163) ~[spring-aop-6.2.0.jar:6.2.0]
	at org.springframework.aop.framework.adapter.MethodBeforeAdviceInterceptor.invoke(MethodBeforeAdviceInterceptor.java:58) ~[spring-aop-6.2.0.jar:6.2.0]
	at org.springframework.aop.framework.ReflectiveMethodInvocation.proceed(ReflectiveMethodInvocation.java:173) ~[spring-aop-6.2.0.jar:6.2.0]
	at org.springframework.aop.interceptor.ExposeInvocationInterceptor.invoke(ExposeInvocationInterceptor.java:97) ~[spring-aop-6.2.0.jar:6.2.0]
	at org.springframework.aop.framework.ReflectiveMethodInvocation.proceed(ReflectiveMethodInvocation.java:184) ~[spring-aop-6.2.0.jar:6.2.0]
	at org.springframework.aop.aspectj.MethodInvocationProceedingJoinPoint.proceed(MethodInvocationProceedingJoinPoint.java:89) ~[spring-aop-6.2.0.jar:6.2.0]
	at com.storename.erp.common.aop.IdempotencyAspect.lambda$checkIdempotency$1(IdempotencyAspect.java:63) ~[classes/:na]
	at org.springframework.transaction.support.TransactionTemplate.execute(TransactionTemplate.java:140) ~[spring-tx-6.2.0.jar:6.2.0]
	at com.storename.erp.common.aop.IdempotencyAspect.checkIdempotency(IdempotencyAspect.java:52) ~[classes/:na]
	at java.base/jdk.internal.reflect.DirectMethodHandleAccessor.invoke(DirectMethodHandleAccessor.java:103) ~[na:na]
	at java.base/java.lang.reflect.Method.invoke(Method.java:580) ~[na:na]
	at org.springframework.aop.aspectj.AbstractAspectJAdvice.invokeAdviceMethodWithGivenArgs(AbstractAspectJAdvice.java:638) ~[spring-aop-6.2.0.jar:6.2.0]
	at org.springframework.aop.aspectj.AbstractAspectJAdvice.invokeAdviceMethod(AbstractAspectJAdvice.java:628) ~[spring-aop-6.2.0.jar:6.2.0]
	at org.springframework.aop.aspectj.AspectJAroundAdvice.invoke(AspectJAroundAdvice.java:71) ~[spring-aop-6.2.0.jar:6.2.0]
	at org.springframework.aop.framework.ReflectiveMethodInvocation.proceed(ReflectiveMethodInvocation.java:173) ~[spring-aop-6.2.0.jar:6.2.0]
	at org.springframework.aop.framework.CglibAopProxy$DynamicAdvisedInterceptor.intercept(CglibAopProxy.java:727) ~[spring-aop-6.2.0.jar:6.2.0]
	at com.storename.erp.order.api.SalesInvoiceController$$SpringCGLIB$$0.confirmInvoice(<generated>) ~[classes/:na]
	at java.base/jdk.internal.reflect.DirectMethodHandleAccessor.invoke(DirectMethodHandleAccessor.java:103) ~[na:na]
	at java.base/java.lang.reflect.Method.invoke(Method.java:580) ~[na:na]
	at org.springframework.web.method.support.InvocableHandlerMethod.doInvoke(InvocableHandlerMethod.java:255) ~[spring-web-6.2.0.jar:6.2.0]
	at org.springframework.web.method.support.InvocableHandlerMethod.invokeForRequest(InvocableHandlerMethod.java:188) ~[spring-web-6.2.0.jar:6.2.0]
	at org.springframework.web.servlet.mvc.method.annotation.ServletInvocableHandlerMethod.invokeAndHandle(ServletInvocableHandlerMethod.java:118) ~[spring-webmvc-6.2.0.jar:6.2.0]
	at org.springframework.web.servlet.mvc.method.annotation.RequestMappingHandlerAdapter.invokeHandlerMethod(RequestMappingHandlerAdapter.java:986) ~[spring-webmvc-6.2.0.jar:6.2.0]
	at org.springframework.web.servlet.mvc.method.annotation.RequestMappingHandlerAdapter.handleInternal(RequestMappingHandlerAdapter.java:891) ~[spring-webmvc-6.2.0.jar:6.2.0]
	at org.springframework.web.servlet.mvc.method.AbstractHandlerMethodAdapter.handle(AbstractHandlerMethodAdapter.java:87) ~[spring-webmvc-6.2.0.jar:6.2.0]
	at org.springframework.web.servlet.DispatcherServlet.doDispatch(DispatcherServlet.java:1088) ~[spring-webmvc-6.2.0.jar:6.2.0]
	at org.springframework.web.servlet.DispatcherServlet.doService(DispatcherServlet.java:978) ~[spring-webmvc-6.2.0.jar:6.2.0]
	at org.springframework.web.servlet.FrameworkServlet.processRequest(FrameworkServlet.java:1014) ~[spring-webmvc-6.2.0.jar:6.2.0]
	... 140 common frames omitted

Hibernate: select count(*) from idempotency_record ir1_0
Idempotency records in DB: 0
Hibernate: select ir1_0.id,ir1_0.created_at,ir1_0.idempotency_key,ir1_0.request_hash,ir1_0.response_snapshot from idempotency_record ir1_0
Hibernate: select count(*) from idempotency_record ir1_0
]]></system-out>
  </testcase>
</testsuite>