<?xml version="1.0" encoding="UTF-8"?>
<testsuite xmlns:xsi="http://www.w3.org/2001/XMLSchema-instance" xsi:noNamespaceSchemaLocation="https://maven.apache.org/surefire/maven-surefire-plugin/xsd/surefire-test-report.xsd" version="3.0.2" name="com.storename.erp.inventory.integration.branch.InboundReceiptIdempotencyTest" time="2.305" tests="1" errors="0" skipped="0" failures="0">
  <properties>
[...]
</properties>
  <testcase name="testIdempotency_SameKey_DoesNotDuplicateStock" classname="com.storename.erp.inventory.integration.branch.InboundReceiptIdempotencyTest" time="0.746">
    <system-out><![CDATA[2026-08-23T22:39:19.560+07:00  INFO 25120 --- [erp-backend] [           main] t.c.s.AnnotationConfigContextLoaderUtils : Could not detect default configuration classes for test class [com.storename.erp.inventory.integration.branch.InboundReceiptIdempotencyTest]: InboundReceiptIdempotencyTest does not declare any static, non-private, non-final, nested classes annotated with @Configuration.
2026-08-23T22:39:19.579+07:00  INFO 25120 --- [erp-backend] [           main] .b.t.c.SpringBootTestContextBootstrapper : Found @SpringBootConfiguration com.storename.erp.ErpApplication for test class com.storename.erp.inventory.integration.branch.InboundReceiptIdempotencyTest

  .   ____          _            __ _ _
 /\\ / ___'_ __ _ _(_)_ __  __ _ \ \ \ \
( ( )\___ | '_ | '_| | '_ \/ _` | \ \ \ \
 \\/  ___)| |_)| | | | | || (_| |  ) ) ) )
  '  |____| .__|_| |_|_| |_\__, | / / / /
 =========|_|==============|___/=/_/_/_/

 :: Spring Boot ::                (v3.4.0)

2026-08-23T22:39:19.603+07:00  INFO 25120 --- [erp-backend] [           main] .s.e.i.i.b.InboundReceiptIdempotencyTest : Starting InboundReceiptIdempotencyTest using Java 21.0.12 with PID 25120 (started by Admin in D:\Docs\CodeProject\DOAN\code\erp-backend)
2026-08-23T22:39:19.604+07:00 DEBUG 25120 --- [erp-backend] [           main] .s.e.i.i.b.InboundReceiptIdempotencyTest : Running with Spring Boot v3.4.0, Spring v6.2.0
2026-08-23T22:39:19.604+07:00  INFO 25120 --- [erp-backend] [           main] .s.e.i.i.b.InboundReceiptIdempotencyTest : The following 2 profiles are active: "branch", "test"
2026-08-23T22:39:19.821+07:00  INFO 25120 --- [erp-backend] [           main] .s.d.r.c.RepositoryConfigurationDelegate : Multiple Spring Data modules found, entering strict repository configuration mode
2026-08-23T22:39:19.821+07:00  INFO 25120 --- [erp-backend] [           main] .s.d.r.c.RepositoryConfigurationDelegate : Bootstrapping Spring Data JPA repositories in DEFAULT mode.
2026-08-23T22:39:19.867+07:00  INFO 25120 --- [erp-backend] [           main] .s.d.r.c.RepositoryConfigurationDelegate : Finished Spring Data repository scanning in 44 ms. Found 22 JPA repository interfaces.
2026-08-23T22:39:19.978+07:00  INFO 25120 --- [erp-backend] [           main] o.hibernate.jpa.internal.util.LogHelper  : HHH000204: Processing PersistenceUnitInfo [name: default]
2026-08-23T22:39:19.980+07:00  INFO 25120 --- [erp-backend] [           main] o.h.c.internal.RegionFactoryInitiator    : HHH000026: Second-level cache disabled
2026-08-23T22:39:19.989+07:00  INFO 25120 --- [erp-backend] [           main] o.s.o.j.p.SpringPersistenceUnitInfo      : No LoadTimeWeaver setup: ignoring JPA class transformer
2026-08-23T22:39:19.990+07:00  INFO 25120 --- [erp-backend] [           main] com.zaxxer.hikari.HikariDataSource       : HikariPool-8 - Starting...
2026-08-23T22:39:19.993+07:00  INFO 25120 --- [erp-backend] [           main] com.zaxxer.hikari.pool.HikariPool        : HikariPool-8 - Added connection conn70: url=jdbc:h2:mem:branch_inv_test_db4 user=SA
2026-08-23T22:39:19.993+07:00  INFO 25120 --- [erp-backend] [           main] com.zaxxer.hikari.HikariDataSource       : HikariPool-8 - Start completed.
2026-08-23T22:39:19.993+07:00  WARN 25120 --- [erp-backend] [           main] org.hibernate.orm.deprecation            : HHH90000025: H2Dialect does not need to be specified explicitly using 'hibernate.dialect' (remove the property setting and it will be selected by default)
2026-08-23T22:39:19.993+07:00  INFO 25120 --- [erp-backend] [           main] org.hibernate.orm.connections.pooling    : HHH10001005: Database info:
	Database JDBC URL [Connecting through datasource 'HikariDataSource (HikariPool-8)']
	Database driver: undefined/unknown
	Database version: 2.3.232
	Autocommit mode: undefined/unknown
	Isolation level: undefined/unknown
	Minimum pool size: undefined/unknown
	Maximum pool size: undefined/unknown
2026-08-23T22:39:20.367+07:00  INFO 25120 --- [erp-backend] [           main] o.h.e.t.j.p.i.JtaPlatformInitiator       : HHH000489: No JTA platform available (set 'hibernate.transaction.jta.platform' to enable JTA platform integration)
Hibernate: drop table if exists attribute_definition cascade 
Hibernate: drop table if exists branch cascade 
Hibernate: drop table if exists category cascade 
Hibernate: drop table if exists category_attribute cascade 
Hibernate: drop table if exists customer cascade 
Hibernate: drop table if exists customer_order cascade 
Hibernate: drop table if exists customer_order_line cascade 
Hibernate: drop table if exists customer_product_price cascade 
Hibernate: drop table if exists goods_return cascade 
Hibernate: drop table if exists goods_return_line cascade 
Hibernate: drop table if exists idempotency_record cascade 
Hibernate: drop table if exists inbound_receipt cascade 
Hibernate: drop table if exists inbound_receipt_line cascade 
Hibernate: drop table if exists outbound_receipt cascade 
Hibernate: drop table if exists outbound_receipt_line cascade 
Hibernate: drop table if exists payable_debt cascade 
Hibernate: drop table if exists permission cascade 
Hibernate: drop table if exists price_list cascade 
Hibernate: drop table if exists product cascade 
Hibernate: drop table if exists product_attribute_value cascade 
Hibernate: drop table if exists receivable_debt cascade 
Hibernate: drop table if exists role cascade 
Hibernate: drop table if exists role_permission cascade 
Hibernate: drop table if exists sales_invoice cascade 
Hibernate: drop table if exists sales_invoice_line cascade 
Hibernate: drop table if exists stock_on_hand cascade 
Hibernate: drop table if exists stock_transfer cascade 
Hibernate: drop table if exists stock_transfer_line cascade 
Hibernate: drop table if exists supplier cascade 
Hibernate: drop table if exists supplier_purchase_order cascade 
Hibernate: drop table if exists supplier_purchase_order_line cascade 
Hibernate: drop table if exists user_account cascade 
Hibernate: drop table if exists user_branch_role cascade 
Hibernate: create table attribute_definition (id smallint generated by default as identity, data_type varchar(50) not null, code varchar(100) not null unique, name varchar(200) not null, primary key (id))
Hibernate: create table branch (is_active boolean not null, created_at timestamp(6) with time zone not null, id bigint generated by default as identity, updated_at timestamp(6) with time zone not null, code varchar(20) not null unique, phone varchar(20), opening_hours varchar(100), name varchar(200) not null, address varchar(500), primary key (id))
Hibernate: create table category (is_active boolean not null, created_at timestamp(6) with time zone not null, id bigint generated by default as identity, parent_id bigint, updated_at timestamp(6) with time zone not null, code varchar(50) not null unique, name varchar(200) not null, primary key (id))
Hibernate: create table category_attribute (attribute_id smallint not null, category_id bigint not null, primary key (attribute_id, category_id))
Hibernate: create table customer (is_deleted boolean not null, version integer not null, created_at timestamp(6), updated_at timestamp(6), created_by uuid, id uuid not null, updated_by uuid, phone varchar(20), tax_code varchar(20), customer_code varchar(50) not null unique, email varchar(200), address TEXT, name varchar(255) not null, customer_type enum ('CONSTRUCTION','RETAIL','WHOLESALE'), primary key (id))
Hibernate: create table customer_order (is_deleted boolean not null, total_amount numeric(38,2) not null, version integer not null, created_at timestamp(6), updated_at timestamp(6), branch_id uuid not null, created_by uuid, customer_id uuid not null, id uuid not null, updated_by uuid, note varchar(255), order_code varchar(255) not null unique, status enum ('CANCELLED','CONFIRMED','DRAFT','INVOICED') not null, primary key (id))
Hibernate: create table customer_order_line (is_deleted boolean not null, quantity numeric(38,2) not null, unit_price numeric(38,2) not null, version integer not null, created_at timestamp(6), updated_at timestamp(6), created_by uuid, id uuid not null, order_id uuid not null, product_id uuid not null, updated_by uuid, unit_of_measure varchar(255) not null, primary key (id))
Hibernate: create table customer_product_price (is_deleted boolean not null, unit_price numeric(19,4) not null, version integer not null, created_at timestamp(6), effective_from timestamp(6) not null, effective_to timestamp(6), updated_at timestamp(6), branch_id uuid not null, created_by uuid, customer_id uuid not null, id uuid not null, product_id uuid not null, updated_by uuid, primary key (id), constraint uk_cust_prod_branch unique (customer_id, product_id, branch_id))
Hibernate: create table goods_return (is_deleted boolean not null, total_amount numeric(38,2) not null, version integer not null, confirmed_at timestamp(6), created_at timestamp(6), updated_at timestamp(6), branch_id uuid not null, confirmed_by uuid, created_by uuid, customer_id uuid not null, id uuid not null, invoice_id uuid, updated_by uuid, note varchar(255), reason varchar(255), return_code varchar(255) not null unique, status enum ('CONFIRMED','DRAFT') not null, primary key (id))
Hibernate: create table goods_return_line (is_deleted boolean not null, quantity numeric(38,2) not null, unit_price numeric(38,2) not null, version integer not null, created_at timestamp(6), updated_at timestamp(6), created_by uuid, id uuid not null, product_id uuid not null, return_id uuid not null, updated_by uuid, unit_of_measure varchar(255) not null, primary key (id))
Hibernate: create table idempotency_record (created_at timestamp(6) not null, id uuid not null, request_hash varchar(64), idempotency_key varchar(255) not null unique, response_snapshot TEXT, primary key (id))
Hibernate: create table inbound_receipt (is_deleted boolean not null, version integer not null, confirmed_at timestamp(6), created_at timestamp(6), updated_at timestamp(6), branch_id uuid not null, confirmed_by uuid, created_by uuid, id uuid not null, purchase_order_id uuid, updated_by uuid, note varchar(255), receipt_code varchar(255) not null unique, status enum ('CONFIRMED','DRAFT') not null, primary key (id))
Hibernate: create table inbound_receipt_line (is_deleted boolean not null, quantity numeric(19,4) not null, unit_cost numeric(19,4) not null, version integer not null, created_at timestamp(6), updated_at timestamp(6), created_by uuid, id uuid not null, product_id uuid not null, receipt_id uuid not null, updated_by uuid, unit_of_measure varchar(50) not null, primary key (id))
Hibernate: create table outbound_receipt (is_deleted boolean not null, version integer not null, confirmed_at timestamp(6), created_at timestamp(6), updated_at timestamp(6), branch_id uuid not null, confirmed_by uuid, created_by uuid, id uuid not null, updated_by uuid, note varchar(255), reason varchar(255), receipt_code varchar(255) not null unique, status enum ('CONFIRMED','DRAFT') not null, primary key (id))
Hibernate: create table outbound_receipt_line (is_deleted boolean not null, quantity numeric(19,4) not null, version integer not null, created_at timestamp(6), updated_at timestamp(6), created_by uuid, id uuid not null, product_id uuid not null, receipt_id uuid not null, updated_by uuid, unit_of_measure varchar(50) not null, primary key (id))
Hibernate: create table payable_debt (is_deleted boolean not null, total_debt numeric(19,4) not null, version integer not null, created_at timestamp(6), updated_at timestamp(6), branch_id uuid not null, created_by uuid, id uuid not null, supplier_id uuid not null, updated_by uuid, primary key (id), constraint uk_debt_supplier_branch unique (supplier_id, branch_id))
Hibernate: create table permission (id smallint generated by default as identity, code varchar(100) not null unique, description varchar(255), primary key (id))
Hibernate: create table price_list (price numeric(19,4) not null, branch_id bigint not null, created_at timestamp(6) with time zone not null, effective_date timestamp(6) with time zone not null, id bigint generated by default as identity, product_id bigint not null, primary key (id))
Hibernate: create table product (is_active boolean not null, category_id bigint not null, created_at timestamp(6) with time zone not null, id bigint generated by default as identity, updated_at timestamp(6) with time zone not null, base_unit varchar(50) not null, code varchar(50) not null unique, name varchar(200) not null, attributes_cache json, primary key (id))
Hibernate: create table product_attribute_value (attribute_id smallint not null, value_boolean boolean, value_number numeric(19,4), product_id bigint not null, value_text varchar(500), primary key (attribute_id, product_id))
Hibernate: create table receivable_debt (is_deleted boolean not null, total_debt numeric(19,4) not null, version integer not null, created_at timestamp(6), updated_at timestamp(6), branch_id uuid not null, created_by uuid, customer_id uuid not null, id uuid not null, updated_by uuid, primary key (id), constraint uk_debt_customer_branch unique (customer_id, branch_id))
Hibernate: create table role (id smallint generated by default as identity, code varchar(50) not null unique, name varchar(200) not null, primary key (id))
Hibernate: create table role_permission (permission_id smallint not null, role_id smallint not null, primary key (permission_id, role_id))
Hibernate: create table sales_invoice (is_deleted boolean not null, previous_debt numeric(19,4) not null, remaining_debt numeric(19,4) not null, total_amount numeric(19,4) not null, version integer not null, confirmed_at timestamp(6), created_at timestamp(6), updated_at timestamp(6), branch_id uuid not null, confirmed_by uuid, created_by uuid, customer_id uuid not null, id uuid not null, updated_by uuid, invoice_code varchar(100) not null unique, note TEXT, payment_method enum ('CASH','CREDIT','MIXED'), status enum ('CANCELLED','CONFIRMED','DRAFT') not null, primary key (id))
Hibernate: create table sales_invoice_line (is_deleted boolean not null, line_total numeric(19,4) not null, quantity numeric(19,4) not null, unit_cost numeric(19,4), unit_price numeric(19,4) not null, version integer not null, created_at timestamp(6), updated_at timestamp(6), created_by uuid, id uuid not null, invoice_id uuid not null, product_id uuid not null, updated_by uuid, unit_of_measure varchar(50) not null, product_name varchar(255), primary key (id))
Hibernate: create table stock_on_hand (avg_cost numeric(19,4), is_deleted boolean not null, quantity numeric(19,4) not null, version integer not null, created_at timestamp(6), updated_at timestamp(6), branch_id uuid not null, created_by uuid, id uuid not null, product_id uuid not null, updated_by uuid, primary key (id), constraint uk_stock_product_branch unique (product_id, branch_id))
Hibernate: create table stock_transfer (is_deleted boolean not null, version integer not null, created_at timestamp(6), updated_at timestamp(6), created_by uuid, from_branch_id uuid not null, id uuid not null, inbound_receipt_id uuid, outbound_receipt_id uuid, to_branch_id uuid not null, updated_by uuid, transfer_code varchar(100) not null unique, note TEXT, status enum ('CANCELLED','IN_TRANSIT','RECEIVED','REQUESTED') not null, primary key (id))
Hibernate: create table stock_transfer_line (is_deleted boolean not null, quantity numeric(19,4) not null, version integer not null, created_at timestamp(6), updated_at timestamp(6), created_by uuid, id uuid not null, product_id uuid not null, transfer_id uuid not null, updated_by uuid, unit_of_measure varchar(50) not null, primary key (id))
Hibernate: create table supplier (is_deleted boolean not null, version integer not null, created_at timestamp(6), updated_at timestamp(6), created_by uuid, id uuid not null, updated_by uuid, phone varchar(20), tax_code varchar(20), supplier_code varchar(50) not null unique, email varchar(200), address TEXT, name varchar(255) not null, primary key (id))
Hibernate: create table supplier_purchase_order (is_deleted boolean not null, total_amount numeric(19,4) not null, version integer not null, created_at timestamp(6), updated_at timestamp(6), branch_id uuid not null, created_by uuid, id uuid not null, supplier_id uuid not null, updated_by uuid, po_code varchar(100) not null unique, note TEXT, status enum ('CANCELLED','CONFIRMED','DRAFT','RECEIVED') not null, primary key (id))
Hibernate: create table supplier_purchase_order_line (is_deleted boolean not null, quantity numeric(19,4) not null, unit_cost numeric(19,4) not null, version integer not null, created_at timestamp(6), updated_at timestamp(6), created_by uuid, id uuid not null, po_id uuid not null, product_id uuid not null, updated_by uuid, unit_of_measure varchar(50) not null, primary key (id))
Hibernate: create table user_account (is_active boolean not null, created_at timestamp(6) with time zone not null, id bigint generated by default as identity, updated_at timestamp(6) with time zone not null, phone varchar(20), username varchar(100) not null unique, email varchar(200), full_name varchar(200) not null, password_hash varchar(255) not null, primary key (id))
Hibernate: create table user_branch_role (role_id smallint not null, branch_id bigint, id bigint generated by default as identity, user_id bigint not null, primary key (id))
Hibernate: alter table if exists category add constraint FK2y94svpmqttx80mshyny85wqr foreign key (parent_id) references category
Hibernate: alter table if exists category_attribute add constraint FKtbcj7lodjvp041lf10duifga foreign key (attribute_id) references attribute_definition
Hibernate: alter table if exists category_attribute add constraint FKe0pcstwj0x32r32yy4e8impwv foreign key (category_id) references category
Hibernate: alter table if exists customer_order add constraint FKf9abd30bhiqvugayxlpq8ryq9 foreign key (customer_id) references customer
Hibernate: alter table if exists customer_order_line add constraint FK7f1tuv33c0rw55jnr1fetfjfu foreign key (order_id) references customer_order
Hibernate: alter table if exists goods_return add constraint FKo522e7guq07j7jpg8lmbia9xn foreign key (customer_id) references customer
Hibernate: alter table if exists goods_return_line add constraint FK704fdcemmdabxuc1dcw7hu832 foreign key (return_id) references goods_return
Hibernate: alter table if exists inbound_receipt_line add constraint FKqy9cck42h6rk1tohjslwec6ym foreign key (receipt_id) references inbound_receipt
Hibernate: alter table if exists outbound_receipt_line add constraint FKekdsyerx2w909k7ton8jioitn foreign key (receipt_id) references outbound_receipt
Hibernate: alter table if exists payable_debt add constraint FK48x8bhob11y9hrj5a01u3a101 foreign key (supplier_id) references supplier
Hibernate: alter table if exists price_list add constraint FKb1666881oiu3wnri177m27k72 foreign key (branch_id) references branch
Hibernate: alter table if exists price_list add constraint FKhrlnio6qq1rnoreu6tiyoxdwu foreign key (product_id) references product
Hibernate: alter table if exists product add constraint FK1mtsbur82frn64de7balymq9s foreign key (category_id) references category
Hibernate: alter table if exists product_attribute_value add constraint FK58y32y5qv388v4xb7sm5jahou foreign key (attribute_id) references attribute_definition
Hibernate: alter table if exists product_attribute_value add constraint FKejch53yke5ufe6w72yjpnakoi foreign key (product_id) references product
Hibernate: alter table if exists receivable_debt add constraint FKhrwncvyiy5a8gxyddafthsjnk foreign key (customer_id) references customer
Hibernate: alter table if exists role_permission add constraint FKf8yllw1ecvwqy3ehyxawqa1qp foreign key (permission_id) references permission
Hibernate: alter table if exists role_permission add constraint FKa6jx8n8xkesmjmv6jqug6bg68 foreign key (role_id) references role
Hibernate: alter table if exists sales_invoice_line add constraint FK7nemvn7hjylxyq3l9f1pyf5gs foreign key (invoice_id) references sales_invoice
Hibernate: alter table if exists stock_transfer_line add constraint FKrej92xjwak9xakv0ito4ajp3t foreign key (transfer_id) references stock_transfer
Hibernate: alter table if exists supplier_purchase_order add constraint FK9bgslrfgiwgolgf9yay5k983i foreign key (supplier_id) references supplier
Hibernate: alter table if exists supplier_purchase_order_line add constraint FK8phwv2cotdhiqw9vb71nr7mto foreign key (po_id) references supplier_purchase_order
Hibernate: alter table if exists user_branch_role add constraint FKp4m1uf4rachb1w5sdo41joier foreign key (branch_id) references branch
Hibernate: alter table if exists user_branch_role add constraint FKdpjkd8bignt5vjb01tdfycujc foreign key (role_id) references role
Hibernate: alter table if exists user_branch_role add constraint FKdcqxlwymqiiai43rfa5tn3a20 foreign key (user_id) references user_account
2026-08-23T22:39:20.400+07:00  INFO 25120 --- [erp-backend] [           main] j.LocalContainerEntityManagerFactoryBean : Initialized JPA EntityManagerFactory for persistence unit 'default'
2026-08-23T22:39:20.736+07:00  WARN 25120 --- [erp-backend] [           main] JpaBaseConfiguration$JpaWebConfiguration : spring.jpa.open-in-view is enabled by default. Therefore, database queries may be performed during view rendering. Explicitly configure spring.jpa.open-in-view to disable this warning
2026-08-23T22:39:20.752+07:00  INFO 25120 --- [erp-backend] [           main] r$InitializeUserDetailsManagerConfigurer : Global AuthenticationManager configured with UserDetailsService bean with name inMemoryUserDetailsManager
2026-08-23T22:39:21.100+07:00 DEBUG 25120 --- [erp-backend] [           main] c.s.e.c.s.JwtAuthenticationFilter        : Filter 'jwtAuthenticationFilter' configured for use
2026-08-23T22:39:21.100+07:00  INFO 25120 --- [erp-backend] [           main] o.s.b.t.m.w.SpringBootMockServletContext : Initializing Spring TestDispatcherServlet ''
2026-08-23T22:39:21.100+07:00  INFO 25120 --- [erp-backend] [           main] o.s.t.web.servlet.TestDispatcherServlet  : Initializing Servlet ''
2026-08-23T22:39:21.101+07:00  INFO 25120 --- [erp-backend] [           main] o.s.t.web.servlet.TestDispatcherServlet  : Completed initialization in 1 ms
2026-08-23T22:39:21.116+07:00  INFO 25120 --- [erp-backend] [           main] .s.e.i.i.b.InboundReceiptIdempotencyTest : Started InboundReceiptIdempotencyTest in 1.534 seconds (process running for 39.179)
Hibernate: select ir1_0.id,ir1_0.created_at,ir1_0.idempotency_key,ir1_0.request_hash,ir1_0.response_snapshot from idempotency_record ir1_0
Hibernate: select soh1_0.id,soh1_0.avg_cost,soh1_0.branch_id,soh1_0.created_at,soh1_0.created_by,soh1_0.is_deleted,soh1_0.product_id,soh1_0.quantity,soh1_0.updated_at,soh1_0.updated_by,soh1_0.version from stock_on_hand soh1_0
Hibernate: insert into stock_on_hand (avg_cost,branch_id,created_at,created_by,is_deleted,product_id,quantity,updated_at,updated_by,version,id) values (?,?,?,?,?,?,?,?,?,?,?)
Hibernate: select ir1_0.id from inbound_receipt ir1_0 where ir1_0.receipt_code=? fetch first ? rows only
2026-08-23T22:39:21.180+07:00  INFO 25120 --- [erp-backend] [           main] c.s.e.i.a.InboundReceiptService          : Created DRAFT inbound receipt ca83d660-aee6-43b2-8f28-d4980df9f6cc for branch 2c9902b5-b344-4b18-b705-1127c345f877
Hibernate: insert into inbound_receipt (branch_id,confirmed_at,confirmed_by,created_at,created_by,is_deleted,note,purchase_order_id,receipt_code,status,updated_at,updated_by,version,id) values (?,?,?,?,?,?,?,?,?,?,?,?,?,?)
Hibernate: insert into inbound_receipt_line (created_at,created_by,is_deleted,product_id,quantity,receipt_id,unit_cost,unit_of_measure,updated_at,updated_by,version,id) values (?,?,?,?,?,?,?,?,?,?,?,?)
Hibernate: select ir1_0.id,ir1_0.created_at,ir1_0.idempotency_key,ir1_0.request_hash,ir1_0.response_snapshot from idempotency_record ir1_0 where ir1_0.idempotency_key=?
Hibernate: select ir1_0.id,ir1_0.created_at,ir1_0.idempotency_key,ir1_0.request_hash,ir1_0.response_snapshot from idempotency_record ir1_0 where ir1_0.idempotency_key=?
2026-08-23T22:39:21.204+07:00  INFO 25120 --- [erp-backend] [onPool-worker-1] c.s.erp.common.aop.BranchScopedAspect    : BranchScoped validation for branchId: 2c9902b5-b344-4b18-b705-1127c345f877
2026-08-23T22:39:21.204+07:00  INFO 25120 --- [erp-backend] [onPool-worker-2] c.s.erp.common.aop.BranchScopedAspect    : BranchScoped validation for branchId: 2c9902b5-b344-4b18-b705-1127c345f877
Hibernate: select ir1_0.id,ir1_0.branch_id,ir1_0.confirmed_at,ir1_0.confirmed_by,ir1_0.created_at,ir1_0.created_by,ir1_0.is_deleted,ir1_0.note,ir1_0.purchase_order_id,ir1_0.receipt_code,ir1_0.status,ir1_0.updated_at,ir1_0.updated_by,ir1_0.version from inbound_receipt ir1_0 where ir1_0.id=?
Hibernate: select ir1_0.id,ir1_0.branch_id,ir1_0.confirmed_at,ir1_0.confirmed_by,ir1_0.created_at,ir1_0.created_by,ir1_0.is_deleted,ir1_0.note,ir1_0.purchase_order_id,ir1_0.receipt_code,ir1_0.status,ir1_0.updated_at,ir1_0.updated_by,ir1_0.version from inbound_receipt ir1_0 where ir1_0.id=?
Hibernate: select l1_0.receipt_id,l1_0.id,l1_0.created_at,l1_0.created_by,l1_0.is_deleted,l1_0.product_id,l1_0.quantity,l1_0.unit_cost,l1_0.unit_of_measure,l1_0.updated_at,l1_0.updated_by,l1_0.version from inbound_receipt_line l1_0 where l1_0.receipt_id=?
Hibernate: select l1_0.receipt_id,l1_0.id,l1_0.created_at,l1_0.created_by,l1_0.is_deleted,l1_0.product_id,l1_0.quantity,l1_0.unit_cost,l1_0.unit_of_measure,l1_0.updated_at,l1_0.updated_by,l1_0.version from inbound_receipt_line l1_0 where l1_0.receipt_id=?
Hibernate: select soh1_0.id,soh1_0.avg_cost,soh1_0.branch_id,soh1_0.created_at,soh1_0.created_by,soh1_0.is_deleted,soh1_0.product_id,soh1_0.quantity,soh1_0.updated_at,soh1_0.updated_by,soh1_0.version from stock_on_hand soh1_0 where soh1_0.product_id=? and soh1_0.branch_id=?
Hibernate: select soh1_0.id,soh1_0.avg_cost,soh1_0.branch_id,soh1_0.created_at,soh1_0.created_by,soh1_0.is_deleted,soh1_0.product_id,soh1_0.quantity,soh1_0.updated_at,soh1_0.updated_by,soh1_0.version from stock_on_hand soh1_0 where soh1_0.product_id=? and soh1_0.branch_id=?
2026-08-23T22:39:21.226+07:00  INFO 25120 --- [erp-backend] [onPool-worker-2] c.s.e.i.a.InboundReceiptService          : Confirmed inbound receipt ca83d660-aee6-43b2-8f28-d4980df9f6cc for branch 2c9902b5-b344-4b18-b705-1127c345f877
2026-08-23T22:39:21.226+07:00  INFO 25120 --- [erp-backend] [onPool-worker-1] c.s.e.i.a.InboundReceiptService          : Confirmed inbound receipt ca83d660-aee6-43b2-8f28-d4980df9f6cc for branch 2c9902b5-b344-4b18-b705-1127c345f877
Hibernate: update inbound_receipt set branch_id=?,confirmed_at=?,confirmed_by=?,is_deleted=?,note=?,purchase_order_id=?,receipt_code=?,status=?,updated_at=?,updated_by=?,version=? where id=? and version=?
Hibernate: update inbound_receipt set branch_id=?,confirmed_at=?,confirmed_by=?,is_deleted=?,note=?,purchase_order_id=?,receipt_code=?,status=?,updated_at=?,updated_by=?,version=? where id=? and version=?
Hibernate: update stock_on_hand set avg_cost=?,branch_id=?,is_deleted=?,product_id=?,quantity=?,updated_at=?,updated_by=?,version=? where id=? and version=?
Hibernate: select ir1_0.id,ir1_0.branch_id,ir1_0.confirmed_at,ir1_0.confirmed_by,ir1_0.created_at,ir1_0.created_by,ir1_0.is_deleted,ir1_0.note,ir1_0.purchase_order_id,ir1_0.receipt_code,ir1_0.status,ir1_0.updated_at,ir1_0.updated_by,ir1_0.version from inbound_receipt ir1_0 where ir1_0.id=?
Hibernate: insert into idempotency_record (created_at,idempotency_key,request_hash,response_snapshot,id) values (?,?,?,?,?)
2026-08-23T22:39:21.247+07:00 ERROR 25120 --- [erp-backend] [onPool-worker-2] c.s.e.c.s.JwtAuthenticationFilter        : Could not set user authentication in security context

jakarta.servlet.ServletException: Request processing failed: org.springframework.orm.ObjectOptimisticLockingFailureException: Row was updated or deleted by another transaction (or unsaved-value mapping was incorrect): [com.storename.erp.inventory.domain.InboundReceipt#ca83d660-aee6-43b2-8f28-d4980df9f6cc]
	at org.springframework.web.servlet.FrameworkServlet.processRequest(FrameworkServlet.java:1022) ~[spring-webmvc-6.2.0.jar:6.2.0]
	at org.springframework.web.servlet.FrameworkServlet.doPost(FrameworkServlet.java:914) ~[spring-webmvc-6.2.0.jar:6.2.0]
	at jakarta.servlet.http.HttpServlet.service(HttpServlet.java:590) ~[tomcat-embed-core-10.1.33.jar:6.0]
	at org.springframework.web.servlet.FrameworkServlet.service(FrameworkServlet.java:885) ~[spring-webmvc-6.2.0.jar:6.2.0]
	at org.springframework.test.web.servlet.TestDispatcherServlet.service(TestDispatcherServlet.java:72) ~[spring-test-6.2.0.jar:6.2.0]
	at jakarta.servlet.http.HttpServlet.service(HttpServlet.java:658) ~[tomcat-embed-core-10.1.33.jar:6.0]
	at org.springframework.mock.web.MockFilterChain$ServletFilterProxy.doFilter(MockFilterChain.java:165) ~[spring-test-6.2.0.jar:6.2.0]
	at org.springframework.mock.web.MockFilterChain.doFilter(MockFilterChain.java:132) ~[spring-test-6.2.0.jar:6.2.0]
	at org.springframework.web.filter.OncePerRequestFilter.doFilter(OncePerRequestFilter.java:110) ~[spring-web-6.2.0.jar:6.2.0]
	at org.springframework.test.web.servlet.setup.MockMvcFilterDecorator.doFilter(MockMvcFilterDecorator.java:162) ~[spring-test-6.2.0.jar:6.2.0]
	at org.springframework.mock.web.MockFilterChain.doFilter(MockFilterChain.java:132) ~[spring-test-6.2.0.jar:6.2.0]
	at org.springframework.web.filter.CompositeFilter$VirtualFilterChain.doFilter(CompositeFilter.java:108) ~[spring-web-6.2.0.jar:6.2.0]
	at org.springframework.security.web.FilterChainProxy.lambda$doFilterInternal$3(FilterChainProxy.java:231) ~[spring-security-web-6.4.1.jar:6.4.1]
	at org.springframework.security.web.FilterChainProxy$VirtualFilterChain.doFilter(FilterChainProxy.java:365) ~[spring-security-web-6.4.1.jar:6.4.1]
	at org.springframework.security.web.access.intercept.AuthorizationFilter.doFilter(AuthorizationFilter.java:101) ~[spring-security-web-6.4.1.jar:6.4.1]
	at org.springframework.security.web.FilterChainProxy$VirtualFilterChain.doFilter(FilterChainProxy.java:374) ~[spring-security-web-6.4.1.jar:6.4.1]
	at org.springframework.security.web.access.ExceptionTranslationFilter.doFilter(ExceptionTranslationFilter.java:126) ~[spring-security-web-6.4.1.jar:6.4.1]
	at org.springframework.security.web.access.ExceptionTranslationFilter.doFilter(ExceptionTranslationFilter.java:120) ~[spring-security-web-6.4.1.jar:6.4.1]
	at org.springframework.security.web.FilterChainProxy$VirtualFilterChain.doFilter(FilterChainProxy.java:374) ~[spring-security-web-6.4.1.jar:6.4.1]
	at org.springframework.security.web.session.SessionManagementFilter.doFilter(SessionManagementFilter.java:131) ~[spring-security-web-6.4.1.jar:6.4.1]
	at org.springframework.security.web.session.SessionManagementFilter.doFilter(SessionManagementFilter.java:85) ~[spring-security-web-6.4.1.jar:6.4.1]
	at org.springframework.security.web.FilterChainProxy$VirtualFilterChain.doFilter(FilterChainProxy.java:374) ~[spring-security-web-6.4.1.jar:6.4.1]
	at org.springframework.security.web.authentication.AnonymousAuthenticationFilter.doFilter(AnonymousAuthenticationFilter.java:100) ~[spring-security-web-6.4.1.jar:6.4.1]
	at org.springframework.security.web.FilterChainProxy$VirtualFilterChain.doFilter(FilterChainProxy.java:374) ~[spring-security-web-6.4.1.jar:6.4.1]
	at org.springframework.security.web.servletapi.SecurityContextHolderAwareRequestFilter.doFilter(SecurityContextHolderAwareRequestFilter.java:179) ~[spring-security-web-6.4.1.jar:6.4.1]
	at org.springframework.security.web.FilterChainProxy$VirtualFilterChain.doFilter(FilterChainProxy.java:374) ~[spring-security-web-6.4.1.jar:6.4.1]
	at org.springframework.security.web.savedrequest.RequestCacheAwareFilter.doFilter(RequestCacheAwareFilter.java:63) ~[spring-security-web-6.4.1.jar:6.4.1]
	at org.springframework.security.web.FilterChainProxy$VirtualFilterChain.doFilter(FilterChainProxy.java:374) ~[spring-security-web-6.4.1.jar:6.4.1]
	at com.storename.erp.common.security.JwtAuthenticationFilter.doFilterInternal(JwtAuthenticationFilter.java:59) ~[classes/:na]
	at org.springframework.web.filter.OncePerRequestFilter.doFilter(OncePerRequestFilter.java:116) ~[spring-web-6.2.0.jar:6.2.0]
	at org.springframework.security.web.FilterChainProxy$VirtualFilterChain.doFilter(FilterChainProxy.java:374) ~[spring-security-web-6.4.1.jar:6.4.1]
	at org.springframework.security.web.authentication.logout.LogoutFilter.doFilter(LogoutFilter.java:107) ~[spring-security-web-6.4.1.jar:6.4.1]
	at org.springframework.security.web.authentication.logout.LogoutFilter.doFilter(LogoutFilter.java:93) ~[spring-security-web-6.4.1.jar:6.4.1]
	at org.springframework.security.web.FilterChainProxy$VirtualFilterChain.doFilter(FilterChainProxy.java:374) ~[spring-security-web-6.4.1.jar:6.4.1]
	at org.springframework.security.web.header.HeaderWriterFilter.doHeadersAfter(HeaderWriterFilter.java:90) ~[spring-security-web-6.4.1.jar:6.4.1]
	at org.springframework.security.web.header.HeaderWriterFilter.doFilterInternal(HeaderWriterFilter.java:75) ~[spring-security-web-6.4.1.jar:6.4.1]
	at org.springframework.web.filter.OncePerRequestFilter.doFilter(OncePerRequestFilter.java:116) ~[spring-web-6.2.0.jar:6.2.0]
	at org.springframework.security.web.FilterChainProxy$VirtualFilterChain.doFilter(FilterChainProxy.java:374) ~[spring-security-web-6.4.1.jar:6.4.1]
	at org.springframework.security.web.context.SecurityContextHolderFilter.doFilter(SecurityContextHolderFilter.java:82) ~[spring-security-web-6.4.1.jar:6.4.1]
	at org.springframework.security.web.context.SecurityContextHolderFilter.doFilter(SecurityContextHolderFilter.java:69) ~[spring-security-web-6.4.1.jar:6.4.1]
	at org.springframework.security.web.FilterChainProxy$VirtualFilterChain.doFilter(FilterChainProxy.java:374) ~[spring-security-web-6.4.1.jar:6.4.1]
	at org.springframework.security.web.context.request.async.WebAsyncManagerIntegrationFilter.doFilterInternal(WebAsyncManagerIntegrationFilter.java:62) ~[spring-security-web-6.4.1.jar:6.4.1]
	at org.springframework.web.filter.OncePerRequestFilter.doFilter(OncePerRequestFilter.java:116) ~[spring-web-6.2.0.jar:6.2.0]
	at org.springframework.security.web.FilterChainProxy$VirtualFilterChain.doFilter(FilterChainProxy.java:374) ~[spring-security-web-6.4.1.jar:6.4.1]
	at org.springframework.security.web.session.DisableEncodeUrlFilter.doFilterInternal(DisableEncodeUrlFilter.java:42) ~[spring-security-web-6.4.1.jar:6.4.1]
	at org.springframework.web.filter.OncePerRequestFilter.doFilter(OncePerRequestFilter.java:116) ~[spring-web-6.2.0.jar:6.2.0]
	at org.springframework.security.web.FilterChainProxy$VirtualFilterChain.doFilter(FilterChainProxy.java:374) ~[spring-security-web-6.4.1.jar:6.4.1]
	at org.springframework.security.web.FilterChainProxy.doFilterInternal(FilterChainProxy.java:233) ~[spring-security-web-6.4.1.jar:6.4.1]
	at org.springframework.security.web.FilterChainProxy.doFilter(FilterChainProxy.java:191) ~[spring-security-web-6.4.1.jar:6.4.1]
	at org.springframework.web.filter.CompositeFilter$VirtualFilterChain.doFilter(CompositeFilter.java:113) ~[spring-web-6.2.0.jar:6.2.0]
	at org.springframework.web.servlet.handler.HandlerMappingIntrospector.lambda$createCacheFilter$3(HandlerMappingIntrospector.java:243) ~[spring-webmvc-6.2.0.jar:6.2.0]
	at org.springframework.web.filter.CompositeFilter$VirtualFilterChain.doFilter(CompositeFilter.java:113) ~[spring-web-6.2.0.jar:6.2.0]
	at org.springframework.web.filter.CompositeFilter.doFilter(CompositeFilter.java:74) ~[spring-web-6.2.0.jar:6.2.0]
	at org.springframework.security.config.annotation.web.configuration.WebMvcSecurityConfiguration$CompositeFilterChainProxy.doFilter(WebMvcSecurityConfiguration.java:238) ~[spring-security-config-6.4.1.jar:6.4.1]
	at org.springframework.web.filter.DelegatingFilterProxy.invokeDelegate(DelegatingFilterProxy.java:362) ~[spring-web-6.2.0.jar:6.2.0]
	at org.springframework.web.filter.DelegatingFilterProxy.doFilter(DelegatingFilterProxy.java:278) ~[spring-web-6.2.0.jar:6.2.0]
	at org.springframework.test.web.servlet.setup.MockMvcFilterDecorator.doFilter(MockMvcFilterDecorator.java:162) ~[spring-test-6.2.0.jar:6.2.0]
	at org.springframework.mock.web.MockFilterChain.doFilter(MockFilterChain.java:132) ~[spring-test-6.2.0.jar:6.2.0]
	at org.springframework.web.filter.RequestContextFilter.doFilterInternal(RequestContextFilter.java:100) ~[spring-web-6.2.0.jar:6.2.0]
	at org.springframework.web.filter.OncePerRequestFilter.doFilter(OncePerRequestFilter.java:116) ~[spring-web-6.2.0.jar:6.2.0]
	at org.springframework.test.web.servlet.setup.MockMvcFilterDecorator.doFilter(MockMvcFilterDecorator.java:162) ~[spring-test-6.2.0.jar:6.2.0]
	at org.springframework.mock.web.MockFilterChain.doFilter(MockFilterChain.java:132) ~[spring-test-6.2.0.jar:6.2.0]
	at org.springframework.web.filter.FormContentFilter.doFilterInternal(FormContentFilter.java:93) ~[spring-web-6.2.0.jar:6.2.0]
	at org.springframework.web.filter.OncePerRequestFilter.doFilter(OncePerRequestFilter.java:116) ~[spring-web-6.2.0.jar:6.2.0]
	at org.springframework.test.web.servlet.setup.MockMvcFilterDecorator.doFilter(MockMvcFilterDecorator.java:162) ~[spring-test-6.2.0.jar:6.2.0]
	at org.springframework.mock.web.MockFilterChain.doFilter(MockFilterChain.java:132) ~[spring-test-6.2.0.jar:6.2.0]
	at org.springframework.web.filter.CharacterEncodingFilter.doFilterInternal(CharacterEncodingFilter.java:201) ~[spring-web-6.2.0.jar:6.2.0]
	at org.springframework.web.filter.OncePerRequestFilter.doFilter(OncePerRequestFilter.java:116) ~[spring-web-6.2.0.jar:6.2.0]
	at org.springframework.test.web.servlet.setup.MockMvcFilterDecorator.doFilter(MockMvcFilterDecorator.java:162) ~[spring-test-6.2.0.jar:6.2.0]
	at org.springframework.mock.web.MockFilterChain.doFilter(MockFilterChain.java:132) ~[spring-test-6.2.0.jar:6.2.0]
	at org.springframework.test.web.servlet.MockMvc.perform(MockMvc.java:201) ~[spring-test-6.2.0.jar:6.2.0]
	at com.storename.erp.inventory.integration.branch.InboundReceiptIdempotencyTest.lambda$testIdempotency_SameKey_DoesNotDuplicateStock$1(InboundReceiptIdempotencyTest.java:113) ~[test-classes/:na]
	at java.base/java.util.concurrent.CompletableFuture$AsyncRun.run(CompletableFuture.java:1804) ~[na:na]
	at java.base/java.util.concurrent.CompletableFuture$AsyncRun.exec(CompletableFuture.java:1796) ~[na:na]
	at java.base/java.util.concurrent.ForkJoinTask.doExec(ForkJoinTask.java:387) ~[na:na]
	at java.base/java.util.concurrent.ForkJoinPool$WorkQueue.topLevelExec(ForkJoinPool.java:1312) ~[na:na]
	at java.base/java.util.concurrent.ForkJoinPool.scan(ForkJoinPool.java:1843) ~[na:na]
	at java.base/java.util.concurrent.ForkJoinPool.runWorker(ForkJoinPool.java:1808) ~[na:na]
	at java.base/java.util.concurrent.ForkJoinWorkerThread.run(ForkJoinWorkerThread.java:188) ~[na:na]
Caused by: org.springframework.orm.ObjectOptimisticLockingFailureException: Row was updated or deleted by another transaction (or unsaved-value mapping was incorrect): [com.storename.erp.inventory.domain.InboundReceipt#ca83d660-aee6-43b2-8f28-d4980df9f6cc]
	at org.springframework.orm.jpa.vendor.HibernateJpaDialect.convertHibernateAccessException(HibernateJpaDialect.java:325) ~[spring-orm-6.2.0.jar:6.2.0]
	at org.springframework.orm.jpa.vendor.HibernateJpaDialect.translateExceptionIfPossible(HibernateJpaDialect.java:244) ~[spring-orm-6.2.0.jar:6.2.0]
	at org.springframework.orm.jpa.JpaTransactionManager.doCommit(JpaTransactionManager.java:566) ~[spring-orm-6.2.0.jar:6.2.0]
	at org.springframework.transaction.support.AbstractPlatformTransactionManager.processCommit(AbstractPlatformTransactionManager.java:795) ~[spring-tx-6.2.0.jar:6.2.0]
	at org.springframework.transaction.support.AbstractPlatformTransactionManager.commit(AbstractPlatformTransactionManager.java:758) ~[spring-tx-6.2.0.jar:6.2.0]
	at org.springframework.transaction.interceptor.TransactionAspectSupport.commitTransactionAfterReturning(TransactionAspectSupport.java:698) ~[spring-tx-6.2.0.jar:6.2.0]
	at org.springframework.transaction.interceptor.TransactionAspectSupport.invokeWithinTransaction(TransactionAspectSupport.java:416) ~[spring-tx-6.2.0.jar:6.2.0]
	at org.springframework.transaction.interceptor.TransactionInterceptor.invoke(TransactionInterceptor.java:119) ~[spring-tx-6.2.0.jar:6.2.0]
	at org.springframework.aop.framework.ReflectiveMethodInvocation.proceed(ReflectiveMethodInvocation.java:184) ~[spring-aop-6.2.0.jar:6.2.0]
	at org.springframework.aop.framework.CglibAopProxy$DynamicAdvisedInterceptor.intercept(CglibAopProxy.java:727) ~[spring-aop-6.2.0.jar:6.2.0]
	at com.storename.erp.inventory.application.InboundReceiptService$$SpringCGLIB$$0.confirmReceipt(<generated>) ~[classes/:na]
	at com.storename.erp.inventory.api.InboundReceiptController.confirmReceipt(InboundReceiptController.java:58) ~[classes/:na]
	at java.base/jdk.internal.reflect.DirectMethodHandleAccessor.invoke(DirectMethodHandleAccessor.java:103) ~[na:na]
	at java.base/java.lang.reflect.Method.invoke(Method.java:580) ~[na:na]
	at org.springframework.aop.support.AopUtils.invokeJoinpointUsingReflection(AopUtils.java:359) ~[spring-aop-6.2.0.jar:6.2.0]
	at org.springframework.aop.framework.ReflectiveMethodInvocation.invokeJoinpoint(ReflectiveMethodInvocation.java:196) ~[spring-aop-6.2.0.jar:6.2.0]
	at org.springframework.aop.framework.ReflectiveMethodInvocation.proceed(ReflectiveMethodInvocation.java:163) ~[spring-aop-6.2.0.jar:6.2.0]
	at org.springframework.aop.framework.adapter.MethodBeforeAdviceInterceptor.invoke(MethodBeforeAdviceInterceptor.java:58) ~[spring-aop-6.2.0.jar:6.2.0]
	at org.springframework.aop.framework.ReflectiveMethodInvocation.proceed(ReflectiveMethodInvocation.java:173) ~[spring-aop-6.2.0.jar:6.2.0]
	at org.springframework.aop.interceptor.ExposeInvocationInterceptor.invoke(ExposeInvocationInterceptor.java:97) ~[spring-aop-6.2.0.jar:6.2.0]
	at org.springframework.aop.framework.ReflectiveMethodInvocation.proceed(ReflectiveMethodInvocation.java:184) ~[spring-aop-6.2.0.jar:6.2.0]
	at org.springframework.aop.aspectj.MethodInvocationProceedingJoinPoint.proceed(MethodInvocationProceedingJoinPoint.java:89) ~[spring-aop-6.2.0.jar:6.2.0]
	at com.storename.erp.common.aop.IdempotencyAspect.checkIdempotency(IdempotencyAspect.java:52) ~[classes/:na]
	at java.base/jdk.internal.reflect.DirectMethodHandleAccessor.invoke(DirectMethodHandleAccessor.java:103) ~[na:na]
	at java.base/java.lang.reflect.Method.invoke(Method.java:580) ~[na:na]
	at org.springframework.aop.aspectj.AbstractAspectJAdvice.invokeAdviceMethodWithGivenArgs(AbstractAspectJAdvice.java:638) ~[spring-aop-6.2.0.jar:6.2.0]
	at org.springframework.aop.aspectj.AbstractAspectJAdvice.invokeAdviceMethod(AbstractAspectJAdvice.java:628) ~[spring-aop-6.2.0.jar:6.2.0]
	at org.springframework.aop.aspectj.AspectJAroundAdvice.invoke(AspectJAroundAdvice.java:71) ~[spring-aop-6.2.0.jar:6.2.0]
	at org.springframework.aop.framework.ReflectiveMethodInvocation.proceed(ReflectiveMethodInvocation.java:173) ~[spring-aop-6.2.0.jar:6.2.0]
	at org.springframework.aop.framework.CglibAopProxy$DynamicAdvisedInterceptor.intercept(CglibAopProxy.java:727) ~[spring-aop-6.2.0.jar:6.2.0]
	at com.storename.erp.inventory.api.InboundReceiptController$$SpringCGLIB$$0.confirmReceipt(<generated>) ~[classes/:na]
	at java.base/jdk.internal.reflect.DirectMethodHandleAccessor.invoke(DirectMethodHandleAccessor.java:103) ~[na:na]
	at java.base/java.lang.reflect.Method.invoke(Method.java:580) ~[na:na]
	at org.springframework.web.method.support.InvocableHandlerMethod.doInvoke(InvocableHandlerMethod.java:255) ~[spring-web-6.2.0.jar:6.2.0]
	at org.springframework.web.method.support.InvocableHandlerMethod.invokeForRequest(InvocableHandlerMethod.java:188) ~[spring-web-6.2.0.jar:6.2.0]
	at org.springframework.web.servlet.mvc.method.annotation.ServletInvocableHandlerMethod.invokeAndHandle(ServletInvocableHandlerMethod.java:118) ~[spring-webmvc-6.2.0.jar:6.2.0]
	at org.springframework.web.servlet.mvc.method.annotation.RequestMappingHandlerAdapter.invokeHandlerMethod(RequestMappingHandlerAdapter.java:986) ~[spring-webmvc-6.2.0.jar:6.2.0]
	at org.springframework.web.servlet.mvc.method.annotation.RequestMappingHandlerAdapter.handleInternal(RequestMappingHandlerAdapter.java:891) ~[spring-webmvc-6.2.0.jar:6.2.0]
	at org.springframework.web.servlet.mvc.method.AbstractHandlerMethodAdapter.handle(AbstractHandlerMethodAdapter.java:87) ~[spring-webmvc-6.2.0.jar:6.2.0]
	at org.springframework.web.servlet.DispatcherServlet.doDispatch(DispatcherServlet.java:1088) ~[spring-webmvc-6.2.0.jar:6.2.0]
	at org.springframework.web.servlet.DispatcherServlet.doService(DispatcherServlet.java:978) ~[spring-webmvc-6.2.0.jar:6.2.0]
	at org.springframework.web.servlet.FrameworkServlet.processRequest(FrameworkServlet.java:1014) ~[spring-webmvc-6.2.0.jar:6.2.0]
	... 78 common frames omitted
Caused by: org.hibernate.StaleObjectStateException: Row was updated or deleted by another transaction (or unsaved-value mapping was incorrect): [com.storename.erp.inventory.domain.InboundReceipt#ca83d660-aee6-43b2-8f28-d4980df9f6cc]
	at org.hibernate.engine.jdbc.mutation.internal.ModelMutationHelper.identifiedResultsCheck(ModelMutationHelper.java:75) ~[hibernate-core-6.6.2.Final.jar:6.6.2.Final]
	at org.hibernate.persister.entity.mutation.UpdateCoordinatorStandard.lambda$doStaticUpdate$9(UpdateCoordinatorStandard.java:785) ~[hibernate-core-6.6.2.Final.jar:6.6.2.Final]
	at org.hibernate.engine.jdbc.mutation.internal.ModelMutationHelper.checkResults(ModelMutationHelper.java:50) ~[hibernate-core-6.6.2.Final.jar:6.6.2.Final]
	at org.hibernate.engine.jdbc.mutation.internal.AbstractMutationExecutor.performNonBatchedMutation(AbstractMutationExecutor.java:141) ~[hibernate-core-6.6.2.Final.jar:6.6.2.Final]
	at org.hibernate.engine.jdbc.mutation.internal.MutationExecutorSingleNonBatched.performNonBatchedOperations(MutationExecutorSingleNonBatched.java:55) ~[hibernate-core-6.6.2.Final.jar:6.6.2.Final]
	at org.hibernate.engine.jdbc.mutation.internal.AbstractMutationExecutor.execute(AbstractMutationExecutor.java:55) ~[hibernate-core-6.6.2.Final.jar:6.6.2.Final]
	at org.hibernate.persister.entity.mutation.UpdateCoordinatorStandard.doStaticUpdate(UpdateCoordinatorStandard.java:781) ~[hibernate-core-6.6.2.Final.jar:6.6.2.Final]
	at org.hibernate.persister.entity.mutation.UpdateCoordinatorStandard.performUpdate(UpdateCoordinatorStandard.java:328) ~[hibernate-core-6.6.2.Final.jar:6.6.2.Final]
	at org.hibernate.persister.entity.mutation.UpdateCoordinatorStandard.update(UpdateCoordinatorStandard.java:245) ~[hibernate-core-6.6.2.Final.jar:6.6.2.Final]
	at org.hibernate.action.internal.EntityUpdateAction.execute(EntityUpdateAction.java:169) ~[hibernate-core-6.6.2.Final.jar:6.6.2.Final]
	at org.hibernate.engine.spi.ActionQueue.executeActions(ActionQueue.java:644) ~[hibernate-core-6.6.2.Final.jar:6.6.2.Final]
	at org.hibernate.engine.spi.ActionQueue.executeActions(ActionQueue.java:511) ~[hibernate-core-6.6.2.Final.jar:6.6.2.Final]
	at org.hibernate.event.internal.AbstractFlushingEventListener.performExecutions(AbstractFlushingEventListener.java:414) ~[hibernate-core-6.6.2.Final.jar:6.6.2.Final]
	at org.hibernate.event.internal.DefaultFlushEventListener.onFlush(DefaultFlushEventListener.java:41) ~[hibernate-core-6.6.2.Final.jar:6.6.2.Final]
	at org.hibernate.event.service.internal.EventListenerGroupImpl.fireEventOnEachListener(EventListenerGroupImpl.java:127) ~[hibernate-core-6.6.2.Final.jar:6.6.2.Final]
	at org.hibernate.internal.SessionImpl.doFlush(SessionImpl.java:1429) ~[hibernate-core-6.6.2.Final.jar:6.6.2.Final]
	at org.hibernate.internal.SessionImpl.managedFlush(SessionImpl.java:491) ~[hibernate-core-6.6.2.Final.jar:6.6.2.Final]
	at org.hibernate.internal.SessionImpl.flushBeforeTransactionCompletion(SessionImpl.java:2354) ~[hibernate-core-6.6.2.Final.jar:6.6.2.Final]
	at org.hibernate.internal.SessionImpl.beforeTransactionCompletion(SessionImpl.java:1978) ~[hibernate-core-6.6.2.Final.jar:6.6.2.Final]
	at org.hibernate.engine.jdbc.internal.JdbcCoordinatorImpl.beforeTransactionCompletion(JdbcCoordinatorImpl.java:439) ~[hibernate-core-6.6.2.Final.jar:6.6.2.Final]
	at org.hibernate.resource.transaction.backend.jdbc.internal.JdbcResourceLocalTransactionCoordinatorImpl.beforeCompletionCallback(JdbcResourceLocalTransactionCoordinatorImpl.java:169) ~[hibernate-core-6.6.2.Final.jar:6.6.2.Final]
	at org.hibernate.resource.transaction.backend.jdbc.internal.JdbcResourceLocalTransactionCoordinatorImpl$TransactionDriverControlImpl.commit(JdbcResourceLocalTransactionCoordinatorImpl.java:267) ~[hibernate-core-6.6.2.Final.jar:6.6.2.Final]
	at org.hibernate.engine.transaction.internal.TransactionImpl.commit(TransactionImpl.java:101) ~[hibernate-core-6.6.2.Final.jar:6.6.2.Final]
	at org.springframework.orm.jpa.JpaTransactionManager.doCommit(JpaTransactionManager.java:562) ~[spring-orm-6.2.0.jar:6.2.0]
	... 117 common frames omitted

Hibernate: select soh1_0.id,soh1_0.avg_cost,soh1_0.branch_id,soh1_0.created_at,soh1_0.created_by,soh1_0.is_deleted,soh1_0.product_id,soh1_0.quantity,soh1_0.updated_at,soh1_0.updated_by,soh1_0.version from stock_on_hand soh1_0 where soh1_0.product_id=? and soh1_0.branch_id=?
Hibernate: select count(*) from idempotency_record ir1_0
]]></system-out>
  </testcase>
</testsuite>